amd64: ok
2022-10-07 12:07:14 URL:http://archive.ubuntu.com/ubuntu/dists/xenial/InRelease [246846/246846] -> "/ubuntu_xenial_1604/var/lib/apt/lists/partial/archive.ubuntu.com_ubuntu_dists_xenial_InRelease" [1]
2022-10-07 12:07:17 URL:http://archive.ubuntu.com/ubuntu/dists/xenial/main/binary-amd64/by-hash/SHA256/76858a337b1665561a256cea6f7ef32515517754e3c5e54c1895cf29e1b41884 [1200680/1200680] -> "/ubuntu_xenial_1604/var/lib/apt/lists/partial/archive.ubuntu.com_ubuntu_dists_xenial_main_binary-amd64_Packages.xz" [1]
2022-10-07 12:07:19 URL:http://archive.ubuntu.com/ubuntu/pool/main/a/adduser/adduser_3.113+nmu3ubuntu4_all.deb [161698/161698] -> "/ubuntu_xenial_1604//var/cache/apt/archives/partial/adduser_3.113+nmu3ubuntu4_all.deb" [1]
2022-10-07 12:07:20 URL:http://archive.ubuntu.com/ubuntu/pool/main/a/apt/apt_1.2.10ubuntu1_amd64.deb [1034216/1034216] -> "/ubuntu_xenial_1604//var/cache/apt/archives/partial/apt_1.2.10ubuntu1_amd64.deb" [1]
2022-10-07 12:07:21 URL:http://archive.ubuntu.com/ubuntu/pool/main/a/apt/apt-utils_1.2.10ubuntu1_amd64.deb [195514/195514] -> "/ubuntu_xenial_1604//var/cache/apt/archives/partial/apt-utils_1.2.10ubuntu1_amd64.deb" [1]
2022-10-07 12:07:21 URL:http://archive.ubuntu.com/ubuntu/pool/main/b/base-files/base-files_9.4ubuntu4_amd64.deb [68664/68664] -> "/ubuntu_xenial_1604//var/cache/apt/archives/partial/base-files_9.4ubuntu4_amd64.deb" [1]
2022-10-07 12:07:21 URL:http://archive.ubuntu.com/ubuntu/pool/main/b/base-passwd/base-passwd_3.5.39_amd64.deb [51888/51888] -> "/ubuntu_xenial_1604//var/cache/apt/archives/partial/base-passwd_3.5.39_amd64.deb" [1]
2022-10-07 12:07:22 URL:http://archive.ubuntu.com/ubuntu/pool/main/b/bash/bash_4.3-14ubuntu1_amd64.deb [581710/581710] -> "/ubuntu_xenial_1604//var/cache/apt/archives/partial/bash_4.3-14ubuntu1_amd64.deb" [1]
2022-10-07 12:07:22 URL:http://archive.ubuntu.com/ubuntu/pool/main/u/util-linux/bsdutils_2.27.1-6ubuntu3_amd64.deb [51840/51840] -> "/ubuntu_xenial_1604//var/cache/apt/archives/partial/bsdutils_1%3a2.27.1-6ubuntu3_amd64.deb" [1]
2022-10-07 12:07:23 URL:http://archive.ubuntu.com/ubuntu/pool/main/b/busybox/busybox-initramfs_1.22.0-15ubuntu1_amd64.deb [178018/178018] -> "/ubuntu_xenial_1604//var/cache/apt/archives/partial/busybox-initramfs_1%3a1.22.0-15ubuntu1_amd64.deb" [1]
2022-10-07 12:07:23 URL:http://archive.ubuntu.com/ubuntu/pool/main/b/bzip2/bzip2_1.0.6-8_amd64.deb [32678/32678] -> "/ubuntu_xenial_1604//var/cache/apt/archives/partial/bzip2_1.0.6-8_amd64.deb" [1]
2022-10-07 12:07:23 URL:http://archive.ubuntu.com/ubuntu/pool/main/c/console-setup/console-setup_1.108ubuntu15_all.deb [117438/117438] -> "/ubuntu_xenial_1604//var/cache/apt/archives/partial/console-setup_1.108ubuntu15_all.deb" [1]
2022-10-07 12:07:24 URL:http://archive.ubuntu.com/ubuntu/pool/main/c/console-setup/console-setup-linux_1.108ubuntu15_all.deb [984312/984312] -> "/ubuntu_xenial_1604//var/cache/apt/archives/partial/console-setup-linux_1.108ubuntu15_all.deb" [1]
2022-10-07 12:07:25 URL:http://archive.ubuntu.com/ubuntu/pool/main/c/coreutils/coreutils_8.25-2ubuntu2_amd64.deb [1174720/1174720] -> "/ubuntu_xenial_1604//var/cache/apt/archives/partial/coreutils_8.25-2ubuntu2_amd64.deb" [1]
2022-10-07 12:07:26 URL:http://archive.ubuntu.com/ubuntu/pool/main/c/cpio/cpio_2.11+dfsg-5ubuntu1_amd64.deb [74770/74770] -> "/ubuntu_xenial_1604//var/cache/apt/archives/partial/cpio_2.11+dfsg-5ubuntu1_amd64.deb" [1]
2022-10-07 12:07:26 URL:http://archive.ubuntu.com/ubuntu/pool/main/c/cron/cron_3.0pl1-128ubuntu2_amd64.deb [68388/68388] -> "/ubuntu_xenial_1604//var/cache/apt/archives/partial/cron_3.0pl1-128ubuntu2_amd64.deb" [1]
2022-10-07 12:07:27 URL:http://archive.ubuntu.com/ubuntu/pool/main/d/dash/dash_0.5.8-2.1ubuntu2_amd64.deb [103722/103722] -> "/ubuntu_xenial_1604//var/cache/apt/archives/partial/dash_0.5.8-2.1ubuntu2_amd64.deb" [1]
2022-10-07 12:07:27 URL:http://archive.ubuntu.com/ubuntu/pool/main/d/debconf/debconf_1.5.58ubuntu1_all.deb [135848/135848] -> "/ubuntu_xenial_1604//var/cache/apt/archives/partial/debconf_1.5.58ubuntu1_all.deb" [1]
2022-10-07 12:07:28 URL:http://archive.ubuntu.com/ubuntu/pool/main/d/debconf/debconf-i18n_1.5.58ubuntu1_all.deb [205972/205972] -> "/ubuntu_xenial_1604//var/cache/apt/archives/partial/debconf-i18n_1.5.58ubuntu1_all.deb" [1]
2022-10-07 12:07:28 URL:http://archive.ubuntu.com/ubuntu/pool/main/d/debianutils/debianutils_4.7_amd64.deb [85428/85428] -> "/ubuntu_xenial_1604//var/cache/apt/archives/partial/debianutils_4.7_amd64.deb" [1]
2022-10-07 12:07:28 URL:http://archive.ubuntu.com/ubuntu/pool/main/d/dh-python/dh-python_2.20151103ubuntu1_all.deb [74370/74370] -> "/ubuntu_xenial_1604//var/cache/apt/archives/partial/dh-python_2.20151103ubuntu1_all.deb" [1]
2022-10-07 12:07:29 URL:http://archive.ubuntu.com/ubuntu/pool/main/d/diffutils/diffutils_3.3-3_amd64.deb [155710/155710] -> "/ubuntu_xenial_1604//var/cache/apt/archives/partial/diffutils_1%3a3.3-3_amd64.deb" [1]
2022-10-07 12:07:29 URL:http://archive.ubuntu.com/ubuntu/pool/main/d/distro-info-data/distro-info-data_0.28_all.deb [3856/3856] -> "/ubuntu_xenial_1604//var/cache/apt/archives/partial/distro-info-data_0.28_all.deb" [1]
2022-10-07 12:07:30 URL:http://archive.ubuntu.com/ubuntu/pool/main/d/dpkg/dpkg_1.18.4ubuntu1_amd64.deb [2085190/2085190] -> "/ubuntu_xenial_1604//var/cache/apt/archives/partial/dpkg_1.18.4ubuntu1_amd64.deb" [1]
2022-10-07 12:07:31 URL:http://archive.ubuntu.com/ubuntu/pool/main/e/e2fsprogs/e2fslibs_1.42.13-1ubuntu1_amd64.deb [187558/187558] -> "/ubuntu_xenial_1604//var/cache/apt/archives/partial/e2fslibs_1.42.13-1ubuntu1_amd64.deb" [1]
2022-10-07 12:07:31 URL:http://archive.ubuntu.com/ubuntu/pool/main/e/e2fsprogs/e2fsprogs_1.42.13-1ubuntu1_amd64.deb [770638/770638] -> "/ubuntu_xenial_1604//var/cache/apt/archives/partial/e2fsprogs_1.42.13-1ubuntu1_amd64.deb" [1]
2022-10-07 12:07:32 URL:http://archive.ubuntu.com/ubuntu/pool/main/e/eject/eject_2.1.5+deb1+cvs20081104-13.1_amd64.deb [23226/23226] -> "/ubuntu_xenial_1604//var/cache/apt/archives/partial/eject_2.1.5+deb1+cvs20081104-13.1_amd64.deb" [1]
2022-10-07 12:07:32 URL:http://archive.ubuntu.com/ubuntu/pool/main/f/file/file_5.25-2ubuntu1_amd64.deb [21228/21228] -> "/ubuntu_xenial_1604//var/cache/apt/archives/partial/file_1%3a5.25-2ubuntu1_amd64.deb" [1]
2022-10-07 12:07:33 URL:http://archive.ubuntu.com/ubuntu/pool/main/f/findutils/findutils_4.6.0+git+20160126-2_amd64.deb [279560/279560] -> "/ubuntu_xenial_1604//var/cache/apt/archives/partial/findutils_4.6.0+git+20160126-2_amd64.deb" [1]
2022-10-07 12:07:33 URL:http://archive.ubuntu.com/ubuntu/pool/main/g/gcc-5/gcc-5-base_5.3.1-14ubuntu2_amd64.deb [16820/16820] -> "/ubuntu_xenial_1604//var/cache/apt/archives/partial/gcc-5-base_5.3.1-14ubuntu2_amd64.deb" [1]
2022-10-07 12:07:33 URL:http://archive.ubuntu.com/ubuntu/pool/main/g/gccgo-6/gcc-6-base_6.0.1-0ubuntu1_amd64.deb [14308/14308] -> "/ubuntu_xenial_1604//var/cache/apt/archives/partial/gcc-6-base_6.0.1-0ubuntu1_amd64.deb" [1]
2022-10-07 12:07:34 URL:http://archive.ubuntu.com/ubuntu/pool/main/g/gnupg/gnupg_1.4.20-1ubuntu3_amd64.deb [625630/625630] -> "/ubuntu_xenial_1604//var/cache/apt/archives/partial/gnupg_1.4.20-1ubuntu3_amd64.deb" [1]
2022-10-07 12:07:34 URL:http://archive.ubuntu.com/ubuntu/pool/main/g/gnupg/gpgv_1.4.20-1ubuntu3_amd64.deb [165282/165282] -> "/ubuntu_xenial_1604//var/cache/apt/archives/partial/gpgv_1.4.20-1ubuntu3_amd64.deb" [1]
2022-10-07 12:07:35 URL:http://archive.ubuntu.com/ubuntu/pool/main/g/grep/grep_2.24-1_amd64.deb [150588/150588] -> "/ubuntu_xenial_1604//var/cache/apt/archives/partial/grep_2.24-1_amd64.deb" [1]
2022-10-07 12:07:35 URL:http://archive.ubuntu.com/ubuntu/pool/main/g/gzip/gzip_1.6-4ubuntu1_amd64.deb [87436/87436] -> "/ubuntu_xenial_1604//var/cache/apt/archives/partial/gzip_1.6-4ubuntu1_amd64.deb" [1]
2022-10-07 12:07:35 URL:http://archive.ubuntu.com/ubuntu/pool/main/h/hostname/hostname_3.16ubuntu2_amd64.deb [11548/11548] -> "/ubuntu_xenial_1604//var/cache/apt/archives/partial/hostname_3.16ubuntu2_amd64.deb" [1]
2022-10-07 12:07:36 URL:http://archive.ubuntu.com/ubuntu/pool/main/i/ifupdown/ifupdown_0.8.10ubuntu1_amd64.deb [54946/54946] -> "/ubuntu_xenial_1604//var/cache/apt/archives/partial/ifupdown_0.8.10ubuntu1_amd64.deb" [1]
2022-10-07 12:07:36 URL:http://archive.ubuntu.com/ubuntu/pool/main/i/init-system-helpers/init_1.29ubuntu1_amd64.deb [4546/4546] -> "/ubuntu_xenial_1604//var/cache/apt/archives/partial/init_1.29ubuntu1_amd64.deb" [1]
2022-10-07 12:07:36 URL:http://archive.ubuntu.com/ubuntu/pool/main/i/init-system-helpers/init-system-helpers_1.29ubuntu1_all.deb [32100/32100] -> "/ubuntu_xenial_1604//var/cache/apt/archives/partial/init-system-helpers_1.29ubuntu1_all.deb" [1]
2022-10-07 12:07:37 URL:http://archive.ubuntu.com/ubuntu/pool/main/i/initramfs-tools/initramfs-tools_0.122ubuntu8_all.deb [8592/8592] -> "/ubuntu_xenial_1604//var/cache/apt/archives/partial/initramfs-tools_0.122ubuntu8_all.deb" [1]
2022-10-07 12:07:37 URL:http://archive.ubuntu.com/ubuntu/pool/main/i/initramfs-tools/initramfs-tools-bin_0.122ubuntu8_amd64.deb [10974/10974] -> "/ubuntu_xenial_1604//var/cache/apt/archives/partial/initramfs-tools-bin_0.122ubuntu8_amd64.deb" [1]
2022-10-07 12:07:37 URL:http://archive.ubuntu.com/ubuntu/pool/main/i/initramfs-tools/initramfs-tools-core_0.122ubuntu8_all.deb [42148/42148] -> "/ubuntu_xenial_1604//var/cache/apt/archives/partial/initramfs-tools-core_0.122ubuntu8_all.deb" [1]
2022-10-07 12:07:38 URL:http://archive.ubuntu.com/ubuntu/pool/main/s/sysvinit/initscripts_2.88dsf-59.3ubuntu2_amd64.deb [24424/24424] -> "/ubuntu_xenial_1604//var/cache/apt/archives/partial/initscripts_2.88dsf-59.3ubuntu2_amd64.deb" [1]
2022-10-07 12:07:38 URL:http://archive.ubuntu.com/ubuntu/pool/main/i/insserv/insserv_1.14.0-5ubuntu3_amd64.deb [38182/38182] -> "/ubuntu_xenial_1604//var/cache/apt/archives/partial/insserv_1.14.0-5ubuntu3_amd64.deb" [1]
2022-10-07 12:07:39 URL:http://archive.ubuntu.com/ubuntu/pool/main/i/iproute2/iproute2_4.3.0-1ubuntu3_amd64.deb [522200/522200] -> "/ubuntu_xenial_1604//var/cache/apt/archives/partial/iproute2_4.3.0-1ubuntu3_amd64.deb" [1]
2022-10-07 12:07:39 URL:http://archive.ubuntu.com/ubuntu/pool/main/i/iputils/iputils-ping_20121221-5ubuntu2_amd64.deb [52744/52744] -> "/ubuntu_xenial_1604//var/cache/apt/archives/partial/iputils-ping_3%3a20121221-5ubuntu2_amd64.deb" [1]
2022-10-07 12:07:39 URL:http://archive.ubuntu.com/ubuntu/pool/main/i/isc-dhcp/isc-dhcp-client_4.3.3-5ubuntu12_amd64.deb [222090/222090] -> "/ubuntu_xenial_1604//var/cache/apt/archives/partial/isc-dhcp-client_4.3.3-5ubuntu12_amd64.deb" [1]
2022-10-07 12:07:40 URL:http://archive.ubuntu.com/ubuntu/pool/main/i/isc-dhcp/isc-dhcp-common_4.3.3-5ubuntu12_amd64.deb [104388/104388] -> "/ubuntu_xenial_1604//var/cache/apt/archives/partial/isc-dhcp-common_4.3.3-5ubuntu12_amd64.deb" [1]
2022-10-07 12:07:40 URL:http://archive.ubuntu.com/ubuntu/pool/main/k/kbd/kbd_1.15.5-1ubuntu4_amd64.deb [183020/183020] -> "/ubuntu_xenial_1604//var/cache/apt/archives/partial/kbd_1.15.5-1ubuntu4_amd64.deb" [1]
2022-10-07 12:07:41 URL:http://archive.ubuntu.com/ubuntu/pool/main/c/console-setup/keyboard-configuration_1.108ubuntu15_all.deb [656864/656864] -> "/ubuntu_xenial_1604//var/cache/apt/archives/partial/keyboard-configuration_1.108ubuntu15_all.deb" [1]
2022-10-07 12:07:42 URL:http://archive.ubuntu.com/ubuntu/pool/main/k/klibc/klibc-utils_2.0.4-8ubuntu1_amd64.deb [107244/107244] -> "/ubuntu_xenial_1604//var/cache/apt/archives/partial/klibc-utils_2.0.4-8ubuntu1_amd64.deb" [1]
2022-10-07 12:07:42 URL:http://archive.ubuntu.com/ubuntu/pool/main/k/kmod/kmod_22-1ubuntu4_amd64.deb [89122/89122] -> "/ubuntu_xenial_1604//var/cache/apt/archives/partial/kmod_22-1ubuntu4_amd64.deb" [1]
2022-10-07 12:07:43 URL:http://archive.ubuntu.com/ubuntu/pool/main/l/less/less_481-2.1_amd64.deb [109748/109748] -> "/ubuntu_xenial_1604//var/cache/apt/archives/partial/less_481-2.1_amd64.deb" [1]
2022-10-07 12:07:43 URL:http://archive.ubuntu.com/ubuntu/pool/main/a/acl/libacl1_2.2.52-3_amd64.deb [16114/16114] -> "/ubuntu_xenial_1604//var/cache/apt/archives/partial/libacl1_2.2.52-3_amd64.deb" [1]
2022-10-07 12:07:43 URL:http://archive.ubuntu.com/ubuntu/pool/main/a/apparmor/libapparmor1_2.10.95-0ubuntu2_amd64.deb [31252/31252] -> "/ubuntu_xenial_1604//var/cache/apt/archives/partial/libapparmor1_2.10.95-0ubuntu2_amd64.deb" [1]
2022-10-07 12:07:43 URL:http://archive.ubuntu.com/ubuntu/pool/main/a/apt/libapt-inst2.0_1.2.10ubuntu1_amd64.deb [55638/55638] -> "/ubuntu_xenial_1604//var/cache/apt/archives/partial/libapt-inst2.0_1.2.10ubuntu1_amd64.deb" [1]
2022-10-07 12:07:44 URL:http://archive.ubuntu.com/ubuntu/pool/main/a/apt/libapt-pkg5.0_1.2.10ubuntu1_amd64.deb [695808/695808] -> "/ubuntu_xenial_1604//var/cache/apt/archives/partial/libapt-pkg5.0_1.2.10ubuntu1_amd64.deb" [1]
2022-10-07 12:07:45 URL:http://archive.ubuntu.com/ubuntu/pool/main/l/linux-atm/libatm1_2.5.1-1.5_amd64.deb [24248/24248] -> "/ubuntu_xenial_1604//var/cache/apt/archives/partial/libatm1_1%3a2.5.1-1.5_amd64.deb" [1]
2022-10-07 12:07:45 URL:http://archive.ubuntu.com/ubuntu/pool/main/a/attr/libattr1_2.4.47-2_amd64.deb [9756/9756] -> "/ubuntu_xenial_1604//var/cache/apt/archives/partial/libattr1_1%3a2.4.47-2_amd64.deb" [1]
2022-10-07 12:07:45 URL:http://archive.ubuntu.com/ubuntu/pool/main/a/audit/libaudit-common_2.4.5-1ubuntu2_all.deb [3884/3884] -> "/ubuntu_xenial_1604//var/cache/apt/archives/partial/libaudit-common_1%3a2.4.5-1ubuntu2_all.deb" [1]
2022-10-07 12:07:46 URL:http://archive.ubuntu.com/ubuntu/pool/main/a/audit/libaudit1_2.4.5-1ubuntu2_amd64.deb [36226/36226] -> "/ubuntu_xenial_1604//var/cache/apt/archives/partial/libaudit1_1%3a2.4.5-1ubuntu2_amd64.deb" [1]
2022-10-07 12:07:46 URL:http://archive.ubuntu.com/ubuntu/pool/main/u/util-linux/libblkid1_2.27.1-6ubuntu3_amd64.deb [106728/106728] -> "/ubuntu_xenial_1604//var/cache/apt/archives/partial/libblkid1_2.27.1-6ubuntu3_amd64.deb" [1]
2022-10-07 12:07:46 URL:http://archive.ubuntu.com/ubuntu/pool/main/libb/libbsd/libbsd0_0.8.2-1_amd64.deb [41748/41748] -> "/ubuntu_xenial_1604//var/cache/apt/archives/partial/libbsd0_0.8.2-1_amd64.deb" [1]
2022-10-07 12:07:47 URL:http://archive.ubuntu.com/ubuntu/pool/main/b/bzip2/libbz2-1.0_1.0.6-8_amd64.deb [30834/30834] -> "/ubuntu_xenial_1604//var/cache/apt/archives/partial/libbz2-1.0_1.0.6-8_amd64.deb" [1]
2022-10-07 12:07:48 URL:http://archive.ubuntu.com/ubuntu/pool/main/g/glibc/libc-bin_2.23-0ubuntu3_amd64.deb [627490/627490] -> "/ubuntu_xenial_1604//var/cache/apt/archives/partial/libc-bin_2.23-0ubuntu3_amd64.deb" [1]
2022-10-07 12:07:48 URL:http://archive.ubuntu.com/ubuntu/pool/main/g/glibc/libc6_2.23-0ubuntu3_amd64.deb [2583544/2583544] -> "/ubuntu_xenial_1604//var/cache/apt/archives/partial/libc6_2.23-0ubuntu3_amd64.deb" [1]
2022-10-07 12:07:48 URL:http://archive.ubuntu.com/ubuntu/pool/main/libc/libcap2/libcap2_2.24-12_amd64.deb [12862/12862] -> "/ubuntu_xenial_1604//var/cache/apt/archives/partial/libcap2_1%3a2.24-12_amd64.deb" [1]
2022-10-07 12:07:49 URL:http://archive.ubuntu.com/ubuntu/pool/main/libc/libcap2/libcap2-bin_2.24-12_amd64.deb [20212/20212] -> "/ubuntu_xenial_1604//var/cache/apt/archives/partial/libcap2-bin_1%3a2.24-12_amd64.deb" [1]
2022-10-07 12:07:49 URL:http://archive.ubuntu.com/ubuntu/pool/main/e/e2fsprogs/libcomerr2_1.42.13-1ubuntu1_amd64.deb [65662/65662] -> "/ubuntu_xenial_1604//var/cache/apt/archives/partial/libcomerr2_1.42.13-1ubuntu1_amd64.deb" [1]
2022-10-07 12:07:49 URL:http://archive.ubuntu.com/ubuntu/pool/main/c/cryptsetup/libcryptsetup4_1.6.6-5ubuntu2_amd64.deb [73190/73190] -> "/ubuntu_xenial_1604//var/cache/apt/archives/partial/libcryptsetup4_2%3a1.6.6-5ubuntu2_amd64.deb" [1]
2022-10-07 12:07:50 URL:http://archive.ubuntu.com/ubuntu/pool/main/d/db5.3/libdb5.3_5.3.28-11_amd64.deb [669842/669842] -> "/ubuntu_xenial_1604//var/cache/apt/archives/partial/libdb5.3_5.3.28-11_amd64.deb" [1]
2022-10-07 12:07:50 URL:http://archive.ubuntu.com/ubuntu/pool/main/c/cdebconf/libdebconfclient0_0.198ubuntu1_amd64.deb [6368/6368] -> "/ubuntu_xenial_1604//var/cache/apt/archives/partial/libdebconfclient0_0.198ubuntu1_amd64.deb" [1]
2022-10-07 12:07:51 URL:http://archive.ubuntu.com/ubuntu/pool/main/l/lvm2/libdevmapper1.02.1_1.02.110-1ubuntu10_amd64.deb [145908/145908] -> "/ubuntu_xenial_1604//var/cache/apt/archives/partial/libdevmapper1.02.1_2%3a1.02.110-1ubuntu10_amd64.deb" [1]
2022-10-07 12:07:51 URL:http://archive.ubuntu.com/ubuntu/pool/main/b/bind9/libdns-export162_9.10.3.dfsg.P4-8_amd64.deb [664472/664472] -> "/ubuntu_xenial_1604//var/cache/apt/archives/partial/libdns-export162_1%3a9.10.3.dfsg.P4-8_amd64.deb" [1]
2022-10-07 12:07:51 URL:http://archive.ubuntu.com/ubuntu/pool/main/libe/libestr/libestr0_0.1.10-1_amd64.deb [7348/7348] -> "/ubuntu_xenial_1604//var/cache/apt/archives/partial/libestr0_0.1.10-1_amd64.deb" [1]
2022-10-07 12:07:52 URL:http://archive.ubuntu.com/ubuntu/pool/main/e/expat/libexpat1_2.1.0-7_amd64.deb [71438/71438] -> "/ubuntu_xenial_1604//var/cache/apt/archives/partial/libexpat1_2.1.0-7_amd64.deb" [1]
2022-10-07 12:07:53 URL:http://archive.ubuntu.com/ubuntu/pool/main/u/util-linux/libfdisk1_2.27.1-6ubuntu3_amd64.deb [138270/138270] -> "/ubuntu_xenial_1604//var/cache/apt/archives/partial/libfdisk1_2.27.1-6ubuntu3_amd64.deb" [1]
2022-10-07 12:07:53 URL:http://archive.ubuntu.com/ubuntu/pool/main/libf/libffi/libffi6_3.2.1-4_amd64.deb [17838/17838] -> "/ubuntu_xenial_1604//var/cache/apt/archives/partial/libffi6_3.2.1-4_amd64.deb" [1]
2022-10-07 12:07:53 URL:http://archive.ubuntu.com/ubuntu/pool/main/f/fribidi/libfribidi0_0.19.7-1_amd64.deb [25058/25058] -> "/ubuntu_xenial_1604//var/cache/apt/archives/partial/libfribidi0_0.19.7-1_amd64.deb" [1]
2022-10-07 12:07:53 URL:http://archive.ubuntu.com/ubuntu/pool/main/g/gccgo-6/libgcc1_6.0.1-0ubuntu1_amd64.deb [38502/38502] -> "/ubuntu_xenial_1604//var/cache/apt/archives/partial/libgcc1_1%3a6.0.1-0ubuntu1_amd64.deb" [1]
2022-10-07 12:07:54 URL:http://archive.ubuntu.com/ubuntu/pool/main/libg/libgcrypt20/libgcrypt20_1.6.5-2_amd64.deb [337608/337608] -> "/ubuntu_xenial_1604//var/cache/apt/archives/partial/libgcrypt20_1.6.5-2_amd64.deb" [1]
2022-10-07 12:07:55 URL:http://archive.ubuntu.com/ubuntu/pool/main/g/gmp/libgmp10_6.1.0+dfsg-2_amd64.deb [240084/240084] -> "/ubuntu_xenial_1604//var/cache/apt/archives/partial/libgmp10_2%3a6.1.0+dfsg-2_amd64.deb" [1]
2022-10-07 12:07:55 URL:http://archive.ubuntu.com/ubuntu/pool/main/g/gnutls28/libgnutls-openssl27_3.4.10-4ubuntu1_amd64.deb [22084/22084] -> "/ubuntu_xenial_1604//var/cache/apt/archives/partial/libgnutls-openssl27_3.4.10-4ubuntu1_amd64.deb" [1]
2022-10-07 12:07:56 URL:http://archive.ubuntu.com/ubuntu/pool/main/g/gnutls28/libgnutls30_3.4.10-4ubuntu1_amd64.deb [547600/547600] -> "/ubuntu_xenial_1604//var/cache/apt/archives/partial/libgnutls30_3.4.10-4ubuntu1_amd64.deb" [1]
2022-10-07 12:07:56 URL:http://archive.ubuntu.com/ubuntu/pool/main/libg/libgpg-error/libgpg-error0_1.21-2ubuntu1_amd64.deb [34450/34450] -> "/ubuntu_xenial_1604//var/cache/apt/archives/partial/libgpg-error0_1.21-2ubuntu1_amd64.deb" [1]
2022-10-07 12:07:56 URL:http://archive.ubuntu.com/ubuntu/pool/main/n/nettle/libhogweed4_3.2-1_amd64.deb [135366/135366] -> "/ubuntu_xenial_1604//var/cache/apt/archives/partial/libhogweed4_3.2-1_amd64.deb" [1]
2022-10-07 12:07:57 URL:http://archive.ubuntu.com/ubuntu/pool/main/libi/libidn/libidn11_1.32-3ubuntu1_amd64.deb [45520/45520] -> "/ubuntu_xenial_1604//var/cache/apt/archives/partial/libidn11_1.32-3ubuntu1_amd64.deb" [1]
2022-10-07 12:07:57 URL:http://archive.ubuntu.com/ubuntu/pool/main/b/bind9/libisc-export160_9.10.3.dfsg.P4-8_amd64.deb [152452/152452] -> "/ubuntu_xenial_1604//var/cache/apt/archives/partial/libisc-export160_1%3a9.10.3.dfsg.P4-8_amd64.deb" [1]
2022-10-07 12:07:58 URL:http://archive.ubuntu.com/ubuntu/pool/main/j/json-c/libjson-c2_0.11-4ubuntu2_amd64.deb [22332/22332] -> "/ubuntu_xenial_1604//var/cache/apt/archives/partial/libjson-c2_0.11-4ubuntu2_amd64.deb" [1]
2022-10-07 12:07:58 URL:http://archive.ubuntu.com/ubuntu/pool/main/k/klibc/libklibc_2.0.4-8ubuntu1_amd64.deb [41260/41260] -> "/ubuntu_xenial_1604//var/cache/apt/archives/partial/libklibc_2.0.4-8ubuntu1_amd64.deb" [1]
2022-10-07 12:07:58 URL:http://archive.ubuntu.com/ubuntu/pool/main/k/kmod/libkmod2_22-1ubuntu4_amd64.deb [39760/39760] -> "/ubuntu_xenial_1604//var/cache/apt/archives/partial/libkmod2_22-1ubuntu4_amd64.deb" [1]
2022-10-07 12:07:59 URL:http://archive.ubuntu.com/ubuntu/pool/main/libl/liblocale-gettext-perl/liblocale-gettext-perl_1.07-1build1_amd64.deb [17142/17142] -> "/ubuntu_xenial_1604//var/cache/apt/archives/partial/liblocale-gettext-perl_1.07-1build1_amd64.deb" [1]
2022-10-07 12:07:59 URL:http://archive.ubuntu.com/ubuntu/pool/main/l/lz4/liblz4-1_0.0~r131-2ubuntu2_amd64.deb [39606/39606] -> "/ubuntu_xenial_1604//var/cache/apt/archives/partial/liblz4-1_0.0~r131-2ubuntu2_amd64.deb" [1]
2022-10-07 12:07:59 URL:http://archive.ubuntu.com/ubuntu/pool/main/x/xz-utils/liblzma5_5.1.1alpha+20120614-2ubuntu2_amd64.deb [80310/80310] -> "/ubuntu_xenial_1604//var/cache/apt/archives/partial/liblzma5_5.1.1alpha+20120614-2ubuntu2_amd64.deb" [1]
2022-10-07 12:08:00 URL:http://archive.ubuntu.com/ubuntu/pool/main/f/file/libmagic1_5.25-2ubuntu1_amd64.deb [216054/216054] -> "/ubuntu_xenial_1604//var/cache/apt/archives/partial/libmagic1_1%3a5.25-2ubuntu1_amd64.deb" [1]
2022-10-07 12:08:00 URL:http://archive.ubuntu.com/ubuntu/pool/main/libm/libmnl/libmnl0_1.0.3-5_amd64.deb [11970/11970] -> "/ubuntu_xenial_1604//var/cache/apt/archives/partial/libmnl0_1.0.3-5_amd64.deb" [1]
2022-10-07 12:08:01 URL:http://archive.ubuntu.com/ubuntu/pool/main/u/util-linux/libmount1_2.27.1-6ubuntu3_amd64.deb [114398/114398] -> "/ubuntu_xenial_1604//var/cache/apt/archives/partial/libmount1_2.27.1-6ubuntu3_amd64.deb" [1]
2022-10-07 12:08:01 URL:http://archive.ubuntu.com/ubuntu/pool/main/m/mpdecimal/libmpdec2_2.4.2-1_amd64.deb [82628/82628] -> "/ubuntu_xenial_1604//var/cache/apt/archives/partial/libmpdec2_2.4.2-1_amd64.deb" [1]
2022-10-07 12:08:01 URL:http://archive.ubuntu.com/ubuntu/pool/main/n/ncurses/libncurses5_6.0+20160213-1ubuntu1_amd64.deb [93854/93854] -> "/ubuntu_xenial_1604//var/cache/apt/archives/partial/libncurses5_6.0+20160213-1ubuntu1_amd64.deb" [1]
2022-10-07 12:08:02 URL:http://archive.ubuntu.com/ubuntu/pool/main/n/ncurses/libncursesw5_6.0+20160213-1ubuntu1_amd64.deb [114598/114598] -> "/ubuntu_xenial_1604//var/cache/apt/archives/partial/libncursesw5_6.0+20160213-1ubuntu1_amd64.deb" [1]
2022-10-07 12:08:02 URL:http://archive.ubuntu.com/ubuntu/pool/main/n/nettle/libnettle6_3.2-1_amd64.deb [93246/93246] -> "/ubuntu_xenial_1604//var/cache/apt/archives/partial/libnettle6_3.2-1_amd64.deb" [1]
2022-10-07 12:08:03 URL:http://archive.ubuntu.com/ubuntu/pool/main/n/newt/libnewt0.52_0.52.18-1ubuntu2_amd64.deb [40828/40828] -> "/ubuntu_xenial_1604//var/cache/apt/archives/partial/libnewt0.52_0.52.18-1ubuntu2_amd64.deb" [1]
2022-10-07 12:08:03 URL:http://archive.ubuntu.com/ubuntu/pool/main/libn/libnih/libnih1_1.0.3-4.3ubuntu1_amd64.deb [49048/49048] -> "/ubuntu_xenial_1604//var/cache/apt/archives/partial/libnih1_1.0.3-4.3ubuntu1_amd64.deb" [1]
2022-10-07 12:08:04 URL:http://archive.ubuntu.com/ubuntu/pool/main/p/p11-kit/libp11-kit0_0.23.2-3_amd64.deb [106564/106564] -> "/ubuntu_xenial_1604//var/cache/apt/archives/partial/libp11-kit0_0.23.2-3_amd64.deb" [1]
2022-10-07 12:08:04 URL:http://archive.ubuntu.com/ubuntu/pool/main/p/pam/libpam-modules_1.1.8-3.2ubuntu2_amd64.deb [244050/244050] -> "/ubuntu_xenial_1604//var/cache/apt/archives/partial/libpam-modules_1.1.8-3.2ubuntu2_amd64.deb" [1]
2022-10-07 12:08:05 URL:http://archive.ubuntu.com/ubuntu/pool/main/p/pam/libpam-modules-bin_1.1.8-3.2ubuntu2_amd64.deb [37128/37128] -> "/ubuntu_xenial_1604//var/cache/apt/archives/partial/libpam-modules-bin_1.1.8-3.2ubuntu2_amd64.deb" [1]
2022-10-07 12:08:05 URL:http://archive.ubuntu.com/ubuntu/pool/main/p/pam/libpam-runtime_1.1.8-3.2ubuntu2_all.deb [37760/37760] -> "/ubuntu_xenial_1604//var/cache/apt/archives/partial/libpam-runtime_1.1.8-3.2ubuntu2_all.deb" [1]
2022-10-07 12:08:05 URL:http://archive.ubuntu.com/ubuntu/pool/main/p/pam/libpam0g_1.1.8-3.2ubuntu2_amd64.deb [55614/55614] -> "/ubuntu_xenial_1604//var/cache/apt/archives/partial/libpam0g_1.1.8-3.2ubuntu2_amd64.deb" [1]
2022-10-07 12:08:06 URL:http://archive.ubuntu.com/ubuntu/pool/main/p/pcre3/libpcre3_8.38-3.1_amd64.deb [222826/222826] -> "/ubuntu_xenial_1604//var/cache/apt/archives/partial/libpcre3_2%3a8.38-3.1_amd64.deb" [1]
2022-10-07 12:08:06 URL:http://archive.ubuntu.com/ubuntu/pool/main/libp/libpng/libpng12-0_1.2.54-1ubuntu1_amd64.deb [116466/116466] -> "/ubuntu_xenial_1604//var/cache/apt/archives/partial/libpng12-0_1.2.54-1ubuntu1_amd64.deb" [1]
2022-10-07 12:08:07 URL:http://archive.ubuntu.com/ubuntu/pool/main/p/popt/libpopt0_1.16-10_amd64.deb [26022/26022] -> "/ubuntu_xenial_1604//var/cache/apt/archives/partial/libpopt0_1.16-10_amd64.deb" [1]
2022-10-07 12:08:07 URL:http://archive.ubuntu.com/ubuntu/pool/main/p/procps/libprocps4_3.3.10-4ubuntu2_amd64.deb [32654/32654] -> "/ubuntu_xenial_1604//var/cache/apt/archives/partial/libprocps4_2%3a3.3.10-4ubuntu2_amd64.deb" [1]
2022-10-07 12:08:07 URL:http://archive.ubuntu.com/ubuntu/pool/main/p/python3-defaults/libpython3-stdlib_3.5.1-3_amd64.deb [6818/6818] -> "/ubuntu_xenial_1604//var/cache/apt/archives/partial/libpython3-stdlib_3.5.1-3_amd64.deb" [1]
2022-10-07 12:08:08 URL:http://archive.ubuntu.com/ubuntu/pool/main/p/python3.5/libpython3.5-minimal_3.5.1-10_amd64.deb [520668/520668] -> "/ubuntu_xenial_1604//var/cache/apt/archives/partial/libpython3.5-minimal_3.5.1-10_amd64.deb" [1]
2022-10-07 12:08:08 URL:http://archive.ubuntu.com/ubuntu/pool/main/p/python3.5/libpython3.5-stdlib_3.5.1-10_amd64.deb [2116908/2116908] -> "/ubuntu_xenial_1604//var/cache/apt/archives/partial/libpython3.5-stdlib_3.5.1-10_amd64.deb" [1]
2022-10-07 12:08:09 URL:http://archive.ubuntu.com/ubuntu/pool/main/r/readline6/libreadline6_6.3-8ubuntu2_amd64.deb [116686/116686] -> "/ubuntu_xenial_1604//var/cache/apt/archives/partial/libreadline6_6.3-8ubuntu2_amd64.deb" [1]
2022-10-07 12:08:09 URL:http://archive.ubuntu.com/ubuntu/pool/main/libs/libseccomp/libseccomp2_2.2.3-3ubuntu3_amd64.deb [34104/34104] -> "/ubuntu_xenial_1604//var/cache/apt/archives/partial/libseccomp2_2.2.3-3ubuntu3_amd64.deb" [1]
2022-10-07 12:08:09 URL:http://archive.ubuntu.com/ubuntu/pool/main/libs/libselinux/libselinux1_2.4-3build2_amd64.deb [55852/55852] -> "/ubuntu_xenial_1604//var/cache/apt/archives/partial/libselinux1_2.4-3build2_amd64.deb" [1]
2022-10-07 12:08:10 URL:http://archive.ubuntu.com/ubuntu/pool/main/libs/libsemanage/libsemanage-common_2.3-1build3_all.deb [6178/6178] -> "/ubuntu_xenial_1604//var/cache/apt/archives/partial/libsemanage-common_2.3-1build3_all.deb" [1]
2022-10-07 12:08:10 URL:http://archive.ubuntu.com/ubuntu/pool/main/libs/libsemanage/libsemanage1_2.3-1build3_amd64.deb [71074/71074] -> "/ubuntu_xenial_1604//var/cache/apt/archives/partial/libsemanage1_2.3-1build3_amd64.deb" [1]
2022-10-07 12:08:11 URL:http://archive.ubuntu.com/ubuntu/pool/main/libs/libsepol/libsepol1_2.4-2_amd64.deb [186408/186408] -> "/ubuntu_xenial_1604//var/cache/apt/archives/partial/libsepol1_2.4-2_amd64.deb" [1]
2022-10-07 12:08:11 URL:http://archive.ubuntu.com/ubuntu/pool/main/s/slang2/libslang2_2.3.0-2ubuntu1_amd64.deb [412978/412978] -> "/ubuntu_xenial_1604//var/cache/apt/archives/partial/libslang2_2.3.0-2ubuntu1_amd64.deb" [1]
2022-10-07 12:08:12 URL:http://archive.ubuntu.com/ubuntu/pool/main/u/util-linux/libsmartcols1_2.27.1-6ubuntu3_amd64.deb [63416/63416] -> "/ubuntu_xenial_1604//var/cache/apt/archives/partial/libsmartcols1_2.27.1-6ubuntu3_amd64.deb" [1]
2022-10-07 12:08:12 URL:http://archive.ubuntu.com/ubuntu/pool/main/s/sqlite3/libsqlite3-0_3.11.0-1ubuntu1_amd64.deb [396142/396142] -> "/ubuntu_xenial_1604//var/cache/apt/archives/partial/libsqlite3-0_3.11.0-1ubuntu1_amd64.deb" [1]
2022-10-07 12:08:13 URL:http://archive.ubuntu.com/ubuntu/pool/main/e/e2fsprogs/libss2_1.42.13-1ubuntu1_amd64.deb [70028/70028] -> "/ubuntu_xenial_1604//var/cache/apt/archives/partial/libss2_1.42.13-1ubuntu1_amd64.deb" [1]
2022-10-07 12:08:13 URL:http://archive.ubuntu.com/ubuntu/pool/main/o/openssl/libssl1.0.0_1.0.2g-1ubuntu4_amd64.deb [1121176/1121176] -> "/ubuntu_xenial_1604//var/cache/apt/archives/partial/libssl1.0.0_1.0.2g-1ubuntu4_amd64.deb" [1]
2022-10-07 12:08:14 URL:http://archive.ubuntu.com/ubuntu/pool/main/g/gcc-5/libstdc++6_5.3.1-14ubuntu2_amd64.deb [393156/393156] -> "/ubuntu_xenial_1604//var/cache/apt/archives/partial/libstdc++6_5.3.1-14ubuntu2_amd64.deb" [1]
2022-10-07 12:08:15 URL:http://archive.ubuntu.com/ubuntu/pool/main/s/systemd/libsystemd0_229-4ubuntu4_amd64.deb [209048/209048] -> "/ubuntu_xenial_1604//var/cache/apt/archives/partial/libsystemd0_229-4ubuntu4_amd64.deb" [1]
2022-10-07 12:08:15 URL:http://archive.ubuntu.com/ubuntu/pool/main/libt/libtasn1-6/libtasn1-6_4.7-3_amd64.deb [43066/43066] -> "/ubuntu_xenial_1604//var/cache/apt/archives/partial/libtasn1-6_4.7-3_amd64.deb" [1]
2022-10-07 12:08:15 URL:http://archive.ubuntu.com/ubuntu/pool/main/libt/libtext-charwidth-perl/libtext-charwidth-perl_0.04-7build5_amd64.deb [9248/9248] -> "/ubuntu_xenial_1604//var/cache/apt/archives/partial/libtext-charwidth-perl_0.04-7build5_amd64.deb" [1]
2022-10-07 12:08:15 URL:http://archive.ubuntu.com/ubuntu/pool/main/libt/libtext-iconv-perl/libtext-iconv-perl_1.7-5build4_amd64.deb [13018/13018] -> "/ubuntu_xenial_1604//var/cache/apt/archives/partial/libtext-iconv-perl_1.7-5build4_amd64.deb" [1]
2022-10-07 12:08:16 URL:http://archive.ubuntu.com/ubuntu/pool/main/libt/libtext-wrapi18n-perl/libtext-wrapi18n-perl_0.06-7.1_all.deb [8204/8204] -> "/ubuntu_xenial_1604//var/cache/apt/archives/partial/libtext-wrapi18n-perl_0.06-7.1_all.deb" [1]
2022-10-07 12:08:16 URL:http://archive.ubuntu.com/ubuntu/pool/main/n/ncurses/libtinfo5_6.0+20160213-1ubuntu1_amd64.deb [76830/76830] -> "/ubuntu_xenial_1604//var/cache/apt/archives/partial/libtinfo5_6.0+20160213-1ubuntu1_amd64.deb" [1]
2022-10-07 12:08:16 URL:http://archive.ubuntu.com/ubuntu/pool/main/s/systemd/libudev1_229-4ubuntu4_amd64.deb [59044/59044] -> "/ubuntu_xenial_1604//var/cache/apt/archives/partial/libudev1_229-4ubuntu4_amd64.deb" [1]
2022-10-07 12:08:17 URL:http://archive.ubuntu.com/ubuntu/pool/main/libu/libusb/libusb-0.1-4_0.1.12-28_amd64.deb [17012/17012] -> "/ubuntu_xenial_1604//var/cache/apt/archives/partial/libusb-0.1-4_2%3a0.1.12-28_amd64.deb" [1]
2022-10-07 12:08:17 URL:http://archive.ubuntu.com/ubuntu/pool/main/u/ustr/libustr-1.0-1_1.0.4-5_amd64.deb [68404/68404] -> "/ubuntu_xenial_1604//var/cache/apt/archives/partial/libustr-1.0-1_1.0.4-5_amd64.deb" [1]
2022-10-07 12:08:18 URL:http://archive.ubuntu.com/ubuntu/pool/main/u/util-linux/libuuid1_2.27.1-6ubuntu3_amd64.deb [15720/15720] -> "/ubuntu_xenial_1604//var/cache/apt/archives/partial/libuuid1_2.27.1-6ubuntu3_amd64.deb" [1]
2022-10-07 12:08:18 URL:http://archive.ubuntu.com/ubuntu/pool/main/i/iptables/libxtables11_1.6.0-2ubuntu3_amd64.deb [27230/27230] -> "/ubuntu_xenial_1604//var/cache/apt/archives/partial/libxtables11_1.6.0-2ubuntu3_amd64.deb" [1]
2022-10-07 12:08:18 URL:http://archive.ubuntu.com/ubuntu/pool/main/l/linux-base/linux-base_4.0ubuntu1_all.deb [6714/6714] -> "/ubuntu_xenial_1604//var/cache/apt/archives/partial/linux-base_4.0ubuntu1_all.deb" [1]
2022-10-07 12:08:19 URL:http://archive.ubuntu.com/ubuntu/pool/main/g/glibc/locales_2.23-0ubuntu3_all.deb [3213614/3213614] -> "/ubuntu_xenial_1604//var/cache/apt/archives/partial/locales_2.23-0ubuntu3_all.deb" [1]
2022-10-07 12:08:20 URL:http://archive.ubuntu.com/ubuntu/pool/main/s/shadow/login_4.2-3.1ubuntu5_amd64.deb [304980/304980] -> "/ubuntu_xenial_1604//var/cache/apt/archives/partial/login_1%3a4.2-3.1ubuntu5_amd64.deb" [1]
2022-10-07 12:08:20 URL:http://archive.ubuntu.com/ubuntu/pool/main/l/logrotate/logrotate_3.8.7-2ubuntu2_amd64.deb [37642/37642] -> "/ubuntu_xenial_1604//var/cache/apt/archives/partial/logrotate_3.8.7-2ubuntu2_amd64.deb" [1]
2022-10-07 12:08:20 URL:http://archive.ubuntu.com/ubuntu/pool/main/l/lsb/lsb-base_9.20160110_all.deb [13476/13476] -> "/ubuntu_xenial_1604//var/cache/apt/archives/partial/lsb-base_9.20160110_all.deb" [1]
2022-10-07 12:08:21 URL:http://archive.ubuntu.com/ubuntu/pool/main/l/lsb/lsb-release_9.20160110_all.deb [11088/11088] -> "/ubuntu_xenial_1604//var/cache/apt/archives/partial/lsb-release_9.20160110_all.deb" [1]
2022-10-07 12:08:21 URL:http://archive.ubuntu.com/ubuntu/pool/main/m/makedev/makedev_2.3.1-93ubuntu1_all.deb [26666/26666] -> "/ubuntu_xenial_1604//var/cache/apt/archives/partial/makedev_2.3.1-93ubuntu1_all.deb" [1]
2022-10-07 12:08:21 URL:http://archive.ubuntu.com/ubuntu/pool/main/m/mawk/mawk_1.3.3-17ubuntu2_amd64.deb [78870/78870] -> "/ubuntu_xenial_1604//var/cache/apt/archives/partial/mawk_1.3.3-17ubuntu2_amd64.deb" [1]
2022-10-07 12:08:21 URL:http://archive.ubuntu.com/ubuntu/pool/main/m/mime-support/mime-support_3.59ubuntu1_all.deb [31022/31022] -> "/ubuntu_xenial_1604//var/cache/apt/archives/partial/mime-support_3.59ubuntu1_all.deb" [1]
2022-10-07 12:08:22 URL:http://archive.ubuntu.com/ubuntu/pool/main/u/util-linux/mount_2.27.1-6ubuntu3_amd64.deb [121160/121160] -> "/ubuntu_xenial_1604//var/cache/apt/archives/partial/mount_2.27.1-6ubuntu3_amd64.deb" [1]
2022-10-07 12:08:22 URL:http://archive.ubuntu.com/ubuntu/pool/main/g/glibc/multiarch-support_2.23-0ubuntu3_amd64.deb [6824/6824] -> "/ubuntu_xenial_1604//var/cache/apt/archives/partial/multiarch-support_2.23-0ubuntu3_amd64.deb" [1]
2022-10-07 12:08:23 URL:http://archive.ubuntu.com/ubuntu/pool/main/n/ncurses/ncurses-base_6.0+20160213-1ubuntu1_all.deb [16732/16732] -> "/ubuntu_xenial_1604//var/cache/apt/archives/partial/ncurses-base_6.0+20160213-1ubuntu1_all.deb" [1]
2022-10-07 12:08:23 URL:http://archive.ubuntu.com/ubuntu/pool/main/n/ncurses/ncurses-bin_6.0+20160213-1ubuntu1_amd64.deb [136222/136222] -> "/ubuntu_xenial_1604//var/cache/apt/archives/partial/ncurses-bin_6.0+20160213-1ubuntu1_amd64.deb" [1]
2022-10-07 12:08:24 URL:http://archive.ubuntu.com/ubuntu/pool/main/n/net-tools/net-tools_1.60-26ubuntu1_amd64.deb [174894/174894] -> "/ubuntu_xenial_1604//var/cache/apt/archives/partial/net-tools_1.60-26ubuntu1_amd64.deb" [1]
2022-10-07 12:08:24 URL:http://archive.ubuntu.com/ubuntu/pool/main/n/netbase/netbase_5.3_all.deb [12906/12906] -> "/ubuntu_xenial_1604//var/cache/apt/archives/partial/netbase_5.3_all.deb" [1]
2022-10-07 12:08:24 URL:http://archive.ubuntu.com/ubuntu/pool/main/n/netcat-openbsd/netcat-openbsd_1.105-7ubuntu1_amd64.deb [39558/39558] -> "/ubuntu_xenial_1604//var/cache/apt/archives/partial/netcat-openbsd_1.105-7ubuntu1_amd64.deb" [1]
2022-10-07 12:08:24 URL:http://archive.ubuntu.com/ubuntu/pool/main/s/shadow/passwd_4.2-3.1ubuntu5_amd64.deb [779644/779644] -> "/ubuntu_xenial_1604//var/cache/apt/archives/partial/passwd_1%3a4.2-3.1ubuntu5_amd64.deb" [1]
2022-10-07 12:08:26 URL:http://archive.ubuntu.com/ubuntu/pool/main/p/perl/perl-base_5.22.1-9_amd64.deb [1280834/1280834] -> "/ubuntu_xenial_1604//var/cache/apt/archives/partial/perl-base_5.22.1-9_amd64.deb" [1]
2022-10-07 12:08:26 URL:http://archive.ubuntu.com/ubuntu/pool/main/p/procps/procps_3.3.10-4ubuntu2_amd64.deb [221574/221574] -> "/ubuntu_xenial_1604//var/cache/apt/archives/partial/procps_2%3a3.3.10-4ubuntu2_amd64.deb" [1]
2022-10-07 12:08:26 URL:http://archive.ubuntu.com/ubuntu/pool/main/p/python3-defaults/python3_3.5.1-3_amd64.deb [8710/8710] -> "/ubuntu_xenial_1604//var/cache/apt/archives/partial/python3_3.5.1-3_amd64.deb" [1]
2022-10-07 12:08:27 URL:http://archive.ubuntu.com/ubuntu/pool/main/p/python3-defaults/python3-minimal_3.5.1-3_amd64.deb [23300/23300] -> "/ubuntu_xenial_1604//var/cache/apt/archives/partial/python3-minimal_3.5.1-3_amd64.deb" [1]
2022-10-07 12:08:27 URL:http://archive.ubuntu.com/ubuntu/pool/main/p/python3.5/python3.5_3.5.1-10_amd64.deb [158770/158770] -> "/ubuntu_xenial_1604//var/cache/apt/archives/partial/python3.5_3.5.1-10_amd64.deb" [1]
2022-10-07 12:08:28 URL:http://archive.ubuntu.com/ubuntu/pool/main/p/python3.5/python3.5-minimal_3.5.1-10_amd64.deb [1587552/1587552] -> "/ubuntu_xenial_1604//var/cache/apt/archives/partial/python3.5-minimal_3.5.1-10_amd64.deb" [1]
2022-10-07 12:08:29 URL:http://archive.ubuntu.com/ubuntu/pool/main/r/readline6/readline-common_6.3-8ubuntu2_all.deb [51352/51352] -> "/ubuntu_xenial_1604//var/cache/apt/archives/partial/readline-common_6.3-8ubuntu2_all.deb" [1]
2022-10-07 12:08:29 URL:http://archive.ubuntu.com/ubuntu/pool/main/r/resolvconf/resolvconf_1.78ubuntu2_all.deb [50516/50516] -> "/ubuntu_xenial_1604//var/cache/apt/archives/partial/resolvconf_1.78ubuntu2_all.deb" [1]
2022-10-07 12:08:30 URL:http://archive.ubuntu.com/ubuntu/pool/main/r/rsyslog/rsyslog_8.16.0-1ubuntu3_amd64.deb [365044/365044] -> "/ubuntu_xenial_1604//var/cache/apt/archives/partial/rsyslog_8.16.0-1ubuntu3_amd64.deb" [1]
2022-10-07 12:08:30 URL:http://archive.ubuntu.com/ubuntu/pool/main/s/sed/sed_4.2.2-7_amd64.deb [138916/138916] -> "/ubuntu_xenial_1604//var/cache/apt/archives/partial/sed_4.2.2-7_amd64.deb" [1]
2022-10-07 12:08:31 URL:http://archive.ubuntu.com/ubuntu/pool/main/s/sensible-utils/sensible-utils_0.0.9_all.deb [10502/10502] -> "/ubuntu_xenial_1604//var/cache/apt/archives/partial/sensible-utils_0.0.9_all.deb" [1]
2022-10-07 12:08:31 URL:http://archive.ubuntu.com/ubuntu/pool/main/s/sudo/sudo_1.8.16-0ubuntu1_amd64.deb [389122/389122] -> "/ubuntu_xenial_1604//var/cache/apt/archives/partial/sudo_1.8.16-0ubuntu1_amd64.deb" [1]
2022-10-07 12:08:32 URL:http://archive.ubuntu.com/ubuntu/pool/main/s/systemd/systemd_229-4ubuntu4_amd64.deb [3643306/3643306] -> "/ubuntu_xenial_1604//var/cache/apt/archives/partial/systemd_229-4ubuntu4_amd64.deb" [1]
2022-10-07 12:08:33 URL:http://archive.ubuntu.com/ubuntu/pool/main/s/systemd/systemd-sysv_229-4ubuntu4_amd64.deb [16448/16448] -> "/ubuntu_xenial_1604//var/cache/apt/archives/partial/systemd-sysv_229-4ubuntu4_amd64.deb" [1]
2022-10-07 12:08:33 URL:http://archive.ubuntu.com/ubuntu/pool/main/s/sysvinit/sysv-rc_2.88dsf-59.3ubuntu2_all.deb [18180/18180] -> "/ubuntu_xenial_1604//var/cache/apt/archives/partial/sysv-rc_2.88dsf-59.3ubuntu2_all.deb" [1]
2022-10-07 12:08:33 URL:http://archive.ubuntu.com/ubuntu/pool/main/s/sysvinit/sysvinit-utils_2.88dsf-59.3ubuntu2_amd64.deb [21682/21682] -> "/ubuntu_xenial_1604//var/cache/apt/archives/partial/sysvinit-utils_2.88dsf-59.3ubuntu2_amd64.deb" [1]
2022-10-07 12:08:34 URL:http://archive.ubuntu.com/ubuntu/pool/main/t/tar/tar_1.28-2.1_amd64.deb [208682/208682] -> "/ubuntu_xenial_1604//var/cache/apt/archives/partial/tar_1.28-2.1_amd64.deb" [1]
2022-10-07 12:08:34 URL:http://archive.ubuntu.com/ubuntu/pool/main/t/tzdata/tzdata_2016d-0ubuntu0.16.04_all.deb [168074/168074] -> "/ubuntu_xenial_1604//var/cache/apt/archives/partial/tzdata_2016d-0ubuntu0.16.04_all.deb" [1]
2022-10-07 12:08:35 URL:http://archive.ubuntu.com/ubuntu/pool/main/u/ubuntu-keyring/ubuntu-keyring_2012.05.19_all.deb [16738/16738] -> "/ubuntu_xenial_1604//var/cache/apt/archives/partial/ubuntu-keyring_2012.05.19_all.deb" [1]
2022-10-07 12:08:35 URL:http://archive.ubuntu.com/ubuntu/pool/main/u/ubuntu-meta/ubuntu-minimal_1.361_amd64.deb [2530/2530] -> "/ubuntu_xenial_1604//var/cache/apt/archives/partial/ubuntu-minimal_1.361_amd64.deb" [1]
2022-10-07 12:08:35 URL:http://archive.ubuntu.com/ubuntu/pool/main/u/ucf/ucf_3.0036_all.deb [52946/52946] -> "/ubuntu_xenial_1604//var/cache/apt/archives/partial/ucf_3.0036_all.deb" [1]
2022-10-07 12:08:36 URL:http://archive.ubuntu.com/ubuntu/pool/main/s/systemd/udev_229-4ubuntu4_amd64.deb [989834/989834] -> "/ubuntu_xenial_1604//var/cache/apt/archives/partial/udev_229-4ubuntu4_amd64.deb" [1]
2022-10-07 12:08:37 URL:http://archive.ubuntu.com/ubuntu/pool/main/u/ureadahead/ureadahead_0.100.0-19_amd64.deb [20218/20218] -> "/ubuntu_xenial_1604//var/cache/apt/archives/partial/ureadahead_0.100.0-19_amd64.deb" [1]
2022-10-07 12:08:37 URL:http://archive.ubuntu.com/ubuntu/pool/main/u/util-linux/util-linux_2.27.1-6ubuntu3_amd64.deb [847730/847730] -> "/ubuntu_xenial_1604//var/cache/apt/archives/partial/util-linux_2.27.1-6ubuntu3_amd64.deb" [1]
2022-10-07 12:08:38 URL:http://archive.ubuntu.com/ubuntu/pool/main/v/vim/vim-common_7.4.1689-3ubuntu1_amd64.deb [103628/103628] -> "/ubuntu_xenial_1604//var/cache/apt/archives/partial/vim-common_2%3a7.4.1689-3ubuntu1_amd64.deb" [1]
2022-10-07 12:08:38 URL:http://archive.ubuntu.com/ubuntu/pool/main/v/vim/vim-tiny_7.4.1689-3ubuntu1_amd64.deb [445348/445348] -> "/ubuntu_xenial_1604//var/cache/apt/archives/partial/vim-tiny_2%3a7.4.1689-3ubuntu1_amd64.deb" [1]
2022-10-07 12:08:39 URL:http://archive.ubuntu.com/ubuntu/pool/main/n/newt/whiptail_0.52.18-1ubuntu2_amd64.deb [15916/15916] -> "/ubuntu_xenial_1604//var/cache/apt/archives/partial/whiptail_0.52.18-1ubuntu2_amd64.deb" [1]
2022-10-07 12:08:39 URL:http://archive.ubuntu.com/ubuntu/pool/main/x/xkeyboard-config/xkb-data_2.16-1ubuntu1_all.deb [304834/304834] -> "/ubuntu_xenial_1604//var/cache/apt/archives/partial/xkb-data_2.16-1ubuntu1_all.deb" [1]
2022-10-07 12:08:40 URL:http://archive.ubuntu.com/ubuntu/pool/main/z/zlib/zlib1g_1.2.8.dfsg-2ubuntu4_amd64.deb [51328/51328] -> "/ubuntu_xenial_1604//var/cache/apt/archives/partial/zlib1g_1%3a1.2.8.dfsg-2ubuntu4_amd64.deb" [1]
dpkg: warning: parsing file '/var/lib/dpkg/status' near line 5 package 'dpkg':
 missing description
dpkg: warning: parsing file '/var/lib/dpkg/status' near line 5 package 'dpkg':
 missing architecture
Selecting previously unselected package base-passwd.
(Reading database ... 0 files and directories currently installed.)
Preparing to unpack .../base-passwd_3.5.39_amd64.deb ...
Unpacking base-passwd (3.5.39) ...
dpkg: base-passwd: dependency problems, but configuring anyway as you requested:
 base-passwd depends on libc6 (>= 2.8); however:
  Package libc6 is not installed.
 base-passwd depends on libdebconfclient0 (>= 0.145); however:
  Package libdebconfclient0 is not installed.

Setting up base-passwd (3.5.39) ...
dpkg: warning: parsing file '/var/lib/dpkg/status' near line 24 package 'dpkg':
 missing description
dpkg: warning: parsing file '/var/lib/dpkg/status' near line 24 package 'dpkg':
 missing architecture
Selecting previously unselected package base-files.
dpkg: regarding .../base-files_9.4ubuntu4_amd64.deb containing base-files, pre-dependency problem:
 base-files pre-depends on awk
  awk is not installed.

dpkg: warning: ignoring pre-dependency problem!
(Reading database ... 41 files and directories currently installed.)
Preparing to unpack .../base-files_9.4ubuntu4_amd64.deb ...
Unpacking base-files (9.4ubuntu4) ...
dpkg: base-files: dependency problems, but configuring anyway as you requested:
 base-files depends on awk; however:
  Package awk is not installed.

Setting up base-files (9.4ubuntu4) ...
dpkg: warning: parsing file '/var/lib/dpkg/status' near line 56 package 'dpkg':
 missing description
dpkg: warning: parsing file '/var/lib/dpkg/status' near line 56 package 'dpkg':
 missing architecture
dpkg: regarding .../dpkg_1.18.4ubuntu1_amd64.deb containing dpkg, pre-dependency problem:
 dpkg pre-depends on libbz2-1.0
  libbz2-1.0 is not installed.

dpkg: warning: ignoring pre-dependency problem!
dpkg: regarding .../dpkg_1.18.4ubuntu1_amd64.deb containing dpkg, pre-dependency problem:
 dpkg pre-depends on libc6 (>= 2.14)
  libc6 is not installed.

dpkg: warning: ignoring pre-dependency problem!
dpkg: regarding .../dpkg_1.18.4ubuntu1_amd64.deb containing dpkg, pre-dependency problem:
 dpkg pre-depends on liblzma5 (>= 5.1.1alpha+20120614)
  liblzma5 is not installed.

dpkg: warning: ignoring pre-dependency problem!
dpkg: regarding .../dpkg_1.18.4ubuntu1_amd64.deb containing dpkg, pre-dependency problem:
 dpkg pre-depends on libselinux1 (>= 2.3)
  libselinux1 is not installed.

dpkg: warning: ignoring pre-dependency problem!
dpkg: regarding .../dpkg_1.18.4ubuntu1_amd64.deb containing dpkg, pre-dependency problem:
 dpkg pre-depends on zlib1g (>= 1:1.1.4)
  zlib1g is not installed.

dpkg: warning: ignoring pre-dependency problem!
dpkg: regarding .../dpkg_1.18.4ubuntu1_amd64.deb containing dpkg, pre-dependency problem:
 dpkg pre-depends on tar (>= 1.23)
  tar is not installed.

dpkg: warning: ignoring pre-dependency problem!
(Reading database ... 125 files and directories currently installed.)
Preparing to unpack .../dpkg_1.18.4ubuntu1_amd64.deb ...
Unpacking dpkg (1.18.4ubuntu1) over (1.18.4ubuntu1) ...
dpkg: dpkg: dependency problems, but configuring anyway as you requested:
 dpkg depends on libbz2-1.0; however:
  Package libbz2-1.0 is not installed.
 dpkg depends on libc6 (>= 2.14); however:
  Package libc6 is not installed.
 dpkg depends on liblzma5 (>= 5.1.1alpha+20120614); however:
  Package liblzma5 is not installed.
 dpkg depends on libselinux1 (>= 2.3); however:
  Package libselinux1 is not installed.
 dpkg depends on zlib1g (>= 1:1.1.4); however:
  Package zlib1g is not installed.
 dpkg depends on tar (>= 1.23); however:
  Package tar is not installed.

Setting up dpkg (1.18.4ubuntu1) ...
Selecting previously unselected package libc6:amd64.
(Reading database ... 378 files and directories currently installed.)
Preparing to unpack .../libc6_2.23-0ubuntu3_amd64.deb ...
Unpacking libc6:amd64 (2.23-0ubuntu3) ...
dpkg: libc6:amd64: dependency problems, but configuring anyway as you requested:
 libc6:amd64 depends on libgcc1; however:
  Package libgcc1 is not installed.

Setting up libc6:amd64 (2.23-0ubuntu3) ...
Selecting previously unselected package perl-base.
(Reading database ... 695 files and directories currently installed.)
Preparing to unpack .../perl-base_5.22.1-9_amd64.deb ...
Unpacking perl-base (5.22.1-9) ...
Setting up perl-base (5.22.1-9) ...
Selecting previously unselected package mawk.
(Reading database ... 1278 files and directories currently installed.)
Preparing to unpack .../mawk_1.3.3-17ubuntu2_amd64.deb ...
Unpacking mawk (1.3.3-17ubuntu2) ...
Setting up mawk (1.3.3-17ubuntu2) ...
Selecting previously unselected package debconf.
(Reading database ... 1296 files and directories currently installed.)
Preparing to unpack .../debconf_1.5.58ubuntu1_all.deb ...
Unpacking debconf (1.5.58ubuntu1) ...
Setting up debconf (1.5.58ubuntu1) ...
Selecting previously unselected package adduser.
(Reading database ... 1476 files and directories currently installed.)
Preparing to unpack .../adduser_3.113+nmu3ubuntu4_all.deb ...
Unpacking adduser (3.113+nmu3ubuntu4) ...
Preparing to unpack .../base-files_9.4ubuntu4_amd64.deb ...
Unpacking base-files (9.4ubuntu4) over (9.4ubuntu4) ...
Preparing to unpack .../base-passwd_3.5.39_amd64.deb ...
Unpacking base-passwd (3.5.39) over (3.5.39) ...
Selecting previously unselected package bash.
dpkg: regarding .../bash_4.3-14ubuntu1_amd64.deb containing bash, pre-dependency problem:
 bash pre-depends on dash (>= 0.5.5.1-2.2)
  dash is not installed.

dpkg: warning: ignoring pre-dependency problem!
dpkg: regarding .../bash_4.3-14ubuntu1_amd64.deb containing bash, pre-dependency problem:
 bash pre-depends on libtinfo5
  libtinfo5 is not installed.

dpkg: warning: ignoring pre-dependency problem!
Preparing to unpack .../bash_4.3-14ubuntu1_amd64.deb ...
Unpacking bash (4.3-14ubuntu1) ...
Selecting previously unselected package bsdutils.
dpkg: regarding .../bsdutils_1%3a2.27.1-6ubuntu3_amd64.deb containing bsdutils, pre-dependency problem:
 bsdutils pre-depends on libsystemd0
  libsystemd0 is not installed.

dpkg: warning: ignoring pre-dependency problem!
Preparing to unpack .../bsdutils_1%3a2.27.1-6ubuntu3_amd64.deb ...
Unpacking bsdutils (1:2.27.1-6ubuntu3) ...
Selecting previously unselected package coreutils.
dpkg: regarding .../coreutils_8.25-2ubuntu2_amd64.deb containing coreutils, pre-dependency problem:
 coreutils pre-depends on libacl1 (>= 2.2.51-8)
  libacl1 is not installed.

dpkg: warning: ignoring pre-dependency problem!
dpkg: regarding .../coreutils_8.25-2ubuntu2_amd64.deb containing coreutils, pre-dependency problem:
 coreutils pre-depends on libattr1 (>= 1:2.4.46-8)
  libattr1 is not installed.

dpkg: warning: ignoring pre-dependency problem!
dpkg: regarding .../coreutils_8.25-2ubuntu2_amd64.deb containing coreutils, pre-dependency problem:
 coreutils pre-depends on libselinux1 (>= 2.1.13)
  libselinux1 is not installed.

dpkg: warning: ignoring pre-dependency problem!
Preparing to unpack .../coreutils_8.25-2ubuntu2_amd64.deb ...
Unpacking coreutils (8.25-2ubuntu2) ...
Selecting previously unselected package dash.
Preparing to unpack .../dash_0.5.8-2.1ubuntu2_amd64.deb ...
Adding 'diversion of /bin/sh to /bin/sh.distrib by dash'
Adding 'diversion of /usr/share/man/man1/sh.1.gz to /usr/share/man/man1/sh.distrib.1.gz by dash'
Unpacking dash (0.5.8-2.1ubuntu2) ...
Preparing to unpack .../debconf_1.5.58ubuntu1_all.deb ...
Unpacking debconf (1.5.58ubuntu1) over (1.5.58ubuntu1) ...
Selecting previously unselected package debianutils.
Preparing to unpack .../debianutils_4.7_amd64.deb ...
Unpacking debianutils (4.7) ...
Selecting previously unselected package diffutils.
Preparing to unpack .../diffutils_1%3a3.3-3_amd64.deb ...
Unpacking diffutils (1:3.3-3) ...
dpkg: regarding .../dpkg_1.18.4ubuntu1_amd64.deb containing dpkg, pre-dependency problem:
 dpkg pre-depends on libbz2-1.0
  libbz2-1.0 is not installed.

dpkg: warning: ignoring pre-dependency problem!
dpkg: regarding .../dpkg_1.18.4ubuntu1_amd64.deb containing dpkg, pre-dependency problem:
 dpkg pre-depends on liblzma5 (>= 5.1.1alpha+20120614)
  liblzma5 is not installed.

dpkg: warning: ignoring pre-dependency problem!
dpkg: regarding .../dpkg_1.18.4ubuntu1_amd64.deb containing dpkg, pre-dependency problem:
 dpkg pre-depends on libselinux1 (>= 2.3)
  libselinux1 is not installed.

dpkg: warning: ignoring pre-dependency problem!
dpkg: regarding .../dpkg_1.18.4ubuntu1_amd64.deb containing dpkg, pre-dependency problem:
 dpkg pre-depends on zlib1g (>= 1:1.1.4)
  zlib1g is not installed.

dpkg: warning: ignoring pre-dependency problem!
dpkg: regarding .../dpkg_1.18.4ubuntu1_amd64.deb containing dpkg, pre-dependency problem:
 dpkg pre-depends on tar (>= 1.23)
  tar is not installed.

dpkg: warning: ignoring pre-dependency problem!
Preparing to unpack .../dpkg_1.18.4ubuntu1_amd64.deb ...
Unpacking dpkg (1.18.4ubuntu1) over (1.18.4ubuntu1) ...
Selecting previously unselected package e2fslibs:amd64.
Preparing to unpack .../e2fslibs_1.42.13-1ubuntu1_amd64.deb ...
Unpacking e2fslibs:amd64 (1.42.13-1ubuntu1) ...
Selecting previously unselected package e2fsprogs.
dpkg: regarding .../e2fsprogs_1.42.13-1ubuntu1_amd64.deb containing e2fsprogs, pre-dependency problem:
 e2fsprogs pre-depends on e2fslibs (= 1.42.13-1ubuntu1)
  e2fslibs:amd64 is unpacked, but has never been configured.

dpkg: warning: ignoring pre-dependency problem!
dpkg: regarding .../e2fsprogs_1.42.13-1ubuntu1_amd64.deb containing e2fsprogs, pre-dependency problem:
 e2fsprogs pre-depends on libblkid1 (>= 2.17.2)
  libblkid1 is not installed.

dpkg: warning: ignoring pre-dependency problem!
dpkg: regarding .../e2fsprogs_1.42.13-1ubuntu1_amd64.deb containing e2fsprogs, pre-dependency problem:
 e2fsprogs pre-depends on libcomerr2 (>= 1.42~WIP-2011-10-05-1)
  libcomerr2 is not installed.

dpkg: warning: ignoring pre-dependency problem!
dpkg: regarding .../e2fsprogs_1.42.13-1ubuntu1_amd64.deb containing e2fsprogs, pre-dependency problem:
 e2fsprogs pre-depends on libss2 (>= 1.34-1)
  libss2 is not installed.

dpkg: warning: ignoring pre-dependency problem!
dpkg: regarding .../e2fsprogs_1.42.13-1ubuntu1_amd64.deb containing e2fsprogs, pre-dependency problem:
 e2fsprogs pre-depends on libuuid1 (>= 2.16)
  libuuid1 is not installed.

dpkg: warning: ignoring pre-dependency problem!
dpkg: regarding .../e2fsprogs_1.42.13-1ubuntu1_amd64.deb containing e2fsprogs, pre-dependency problem:
 e2fsprogs pre-depends on util-linux (>= 2.15~rc1-1)
  util-linux is not installed.

dpkg: warning: ignoring pre-dependency problem!
Preparing to unpack .../e2fsprogs_1.42.13-1ubuntu1_amd64.deb ...
Unpacking e2fsprogs (1.42.13-1ubuntu1) ...
Selecting previously unselected package findutils.
dpkg: regarding .../findutils_4.6.0+git+20160126-2_amd64.deb containing findutils, pre-dependency problem:
 findutils pre-depends on libselinux1 (>= 1.32)
  libselinux1 is not installed.

dpkg: warning: ignoring pre-dependency problem!
Preparing to unpack .../findutils_4.6.0+git+20160126-2_amd64.deb ...
Unpacking findutils (4.6.0+git+20160126-2) ...
Selecting previously unselected package gcc-6-base:amd64.
Preparing to unpack .../gcc-6-base_6.0.1-0ubuntu1_amd64.deb ...
Unpacking gcc-6-base:amd64 (6.0.1-0ubuntu1) ...
Selecting previously unselected package grep.
dpkg: regarding .../archives/grep_2.24-1_amd64.deb containing grep, pre-dependency problem:
 grep pre-depends on libpcre3
  libpcre3 is not installed.

dpkg: warning: ignoring pre-dependency problem!
Preparing to unpack .../archives/grep_2.24-1_amd64.deb ...
Unpacking grep (2.24-1) ...
Selecting previously unselected package gzip.
Preparing to unpack .../gzip_1.6-4ubuntu1_amd64.deb ...
Unpacking gzip (1.6-4ubuntu1) ...
Selecting previously unselected package hostname.
dpkg: regarding .../hostname_3.16ubuntu2_amd64.deb containing hostname, pre-dependency problem:
 hostname pre-depends on lsb-base (>= 4.1+Debian11ubuntu7)
  lsb-base is not installed.

dpkg: warning: ignoring pre-dependency problem!
Preparing to unpack .../hostname_3.16ubuntu2_amd64.deb ...
Unpacking hostname (3.16ubuntu2) ...
Selecting previously unselected package init.
dpkg: regarding .../init_1.29ubuntu1_amd64.deb containing init, pre-dependency problem:
 init pre-depends on systemd-sysv | upstart-sysv
  systemd-sysv is not installed.
  upstart-sysv is not installed.

dpkg: warning: ignoring pre-dependency problem!
Preparing to unpack .../init_1.29ubuntu1_amd64.deb ...
Unpacking init (1.29ubuntu1) ...
Selecting previously unselected package init-system-helpers.
Preparing to unpack .../init-system-helpers_1.29ubuntu1_all.deb ...
Unpacking init-system-helpers (1.29ubuntu1) ...
Selecting previously unselected package initscripts.
Preparing to unpack .../initscripts_2.88dsf-59.3ubuntu2_amd64.deb ...
Unpacking initscripts (2.88dsf-59.3ubuntu2) ...
Selecting previously unselected package insserv.
Preparing to unpack .../insserv_1.14.0-5ubuntu3_amd64.deb ...
Unpacking insserv (1.14.0-5ubuntu3) ...
Selecting previously unselected package libacl1:amd64.
Preparing to unpack .../libacl1_2.2.52-3_amd64.deb ...
Unpacking libacl1:amd64 (2.2.52-3) ...
Selecting previously unselected package libapparmor1:amd64.
Preparing to unpack .../libapparmor1_2.10.95-0ubuntu2_amd64.deb ...
Unpacking libapparmor1:amd64 (2.10.95-0ubuntu2) ...
Selecting previously unselected package libattr1:amd64.
dpkg: regarding .../libattr1_1%3a2.4.47-2_amd64.deb containing libattr1:amd64, pre-dependency problem:
 libattr1 pre-depends on multiarch-support
  multiarch-support is not installed.

dpkg: warning: ignoring pre-dependency problem!
Preparing to unpack .../libattr1_1%3a2.4.47-2_amd64.deb ...
Unpacking libattr1:amd64 (1:2.4.47-2) ...
Selecting previously unselected package libaudit-common.
Preparing to unpack .../libaudit-common_1%3a2.4.5-1ubuntu2_all.deb ...
Unpacking libaudit-common (1:2.4.5-1ubuntu2) ...
Selecting previously unselected package libaudit1:amd64.
Preparing to unpack .../libaudit1_1%3a2.4.5-1ubuntu2_amd64.deb ...
Unpacking libaudit1:amd64 (1:2.4.5-1ubuntu2) ...
Selecting previously unselected package libblkid1:amd64.
Preparing to unpack .../libblkid1_2.27.1-6ubuntu3_amd64.deb ...
Unpacking libblkid1:amd64 (2.27.1-6ubuntu3) ...
Selecting previously unselected package libbz2-1.0:amd64.
Preparing to unpack .../libbz2-1.0_1.0.6-8_amd64.deb ...
Unpacking libbz2-1.0:amd64 (1.0.6-8) ...
Selecting previously unselected package libc-bin.
Preparing to unpack .../libc-bin_2.23-0ubuntu3_amd64.deb ...
Unpacking libc-bin (2.23-0ubuntu3) ...
Preparing to unpack .../libc6_2.23-0ubuntu3_amd64.deb ...
Unpacking libc6:amd64 (2.23-0ubuntu3) over (2.23-0ubuntu3) ...
Selecting previously unselected package libcap2:amd64.
Preparing to unpack .../libcap2_1%3a2.24-12_amd64.deb ...
Unpacking libcap2:amd64 (1:2.24-12) ...
Selecting previously unselected package libcap2-bin.
Preparing to unpack .../libcap2-bin_1%3a2.24-12_amd64.deb ...
Unpacking libcap2-bin (1:2.24-12) ...
Selecting previously unselected package libcomerr2:amd64.
Preparing to unpack .../libcomerr2_1.42.13-1ubuntu1_amd64.deb ...
Unpacking libcomerr2:amd64 (1.42.13-1ubuntu1) ...
Selecting previously unselected package libcryptsetup4:amd64.
Preparing to unpack .../libcryptsetup4_2%3a1.6.6-5ubuntu2_amd64.deb ...
Unpacking libcryptsetup4:amd64 (2:1.6.6-5ubuntu2) ...
Selecting previously unselected package libdb5.3:amd64.
Preparing to unpack .../libdb5.3_5.3.28-11_amd64.deb ...
Unpacking libdb5.3:amd64 (5.3.28-11) ...
Selecting previously unselected package libdebconfclient0:amd64.
Preparing to unpack .../libdebconfclient0_0.198ubuntu1_amd64.deb ...
Unpacking libdebconfclient0:amd64 (0.198ubuntu1) ...
Selecting previously unselected package libdevmapper1.02.1:amd64.
Preparing to unpack .../libdevmapper1.02.1_2%3a1.02.110-1ubuntu10_amd64.deb ...
Unpacking libdevmapper1.02.1:amd64 (2:1.02.110-1ubuntu10) ...
Selecting previously unselected package libfdisk1:amd64.
Preparing to unpack .../libfdisk1_2.27.1-6ubuntu3_amd64.deb ...
Unpacking libfdisk1:amd64 (2.27.1-6ubuntu3) ...
Selecting previously unselected package libgcc1:amd64.
Preparing to unpack .../libgcc1_1%3a6.0.1-0ubuntu1_amd64.deb ...
Unpacking libgcc1:amd64 (1:6.0.1-0ubuntu1) ...
Selecting previously unselected package libgcrypt20:amd64.
Preparing to unpack .../libgcrypt20_1.6.5-2_amd64.deb ...
Unpacking libgcrypt20:amd64 (1.6.5-2) ...
Selecting previously unselected package libgpg-error0:amd64.
Preparing to unpack .../libgpg-error0_1.21-2ubuntu1_amd64.deb ...
Unpacking libgpg-error0:amd64 (1.21-2ubuntu1) ...
Selecting previously unselected package libkmod2:amd64.
Preparing to unpack .../libkmod2_22-1ubuntu4_amd64.deb ...
Unpacking libkmod2:amd64 (22-1ubuntu4) ...
Selecting previously unselected package liblzma5:amd64.
dpkg: regarding .../liblzma5_5.1.1alpha+20120614-2ubuntu2_amd64.deb containing liblzma5:amd64, pre-dependency problem:
 liblzma5 pre-depends on multiarch-support
  multiarch-support is not installed.

dpkg: warning: ignoring pre-dependency problem!
Preparing to unpack .../liblzma5_5.1.1alpha+20120614-2ubuntu2_amd64.deb ...
Unpacking liblzma5:amd64 (5.1.1alpha+20120614-2ubuntu2) ...
Selecting previously unselected package libmount1:amd64.
Preparing to unpack .../libmount1_2.27.1-6ubuntu3_amd64.deb ...
Unpacking libmount1:amd64 (2.27.1-6ubuntu3) ...
Selecting previously unselected package libncurses5:amd64.
Preparing to unpack .../libncurses5_6.0+20160213-1ubuntu1_amd64.deb ...
Unpacking libncurses5:amd64 (6.0+20160213-1ubuntu1) ...
Selecting previously unselected package libncursesw5:amd64.
Preparing to unpack .../libncursesw5_6.0+20160213-1ubuntu1_amd64.deb ...
Unpacking libncursesw5:amd64 (6.0+20160213-1ubuntu1) ...
Selecting previously unselected package libpam-modules:amd64.
dpkg: regarding .../libpam-modules_1.1.8-3.2ubuntu2_amd64.deb containing libpam-modules:amd64, pre-dependency problem:
 libpam-modules pre-depends on libaudit1 (>= 1:2.2.1)
  libaudit1:amd64 is unpacked, but has never been configured.

dpkg: warning: ignoring pre-dependency problem!
dpkg: regarding .../libpam-modules_1.1.8-3.2ubuntu2_amd64.deb containing libpam-modules:amd64, pre-dependency problem:
 libpam-modules pre-depends on libdb5.3
  libdb5.3:amd64 is unpacked, but has never been configured.

dpkg: warning: ignoring pre-dependency problem!
dpkg: regarding .../libpam-modules_1.1.8-3.2ubuntu2_amd64.deb containing libpam-modules:amd64, pre-dependency problem:
 libpam-modules pre-depends on libpam0g (>= 1.1.3-2)
  libpam0g is not installed.

dpkg: warning: ignoring pre-dependency problem!
dpkg: regarding .../libpam-modules_1.1.8-3.2ubuntu2_amd64.deb containing libpam-modules:amd64, pre-dependency problem:
 libpam-modules pre-depends on libselinux1 (>= 2.1.9)
  libselinux1 is not installed.

dpkg: warning: ignoring pre-dependency problem!
dpkg: regarding .../libpam-modules_1.1.8-3.2ubuntu2_amd64.deb containing libpam-modules:amd64, pre-dependency problem:
 libpam-modules pre-depends on libpam-modules-bin (= 1.1.8-3.2ubuntu2)
  libpam-modules-bin is not installed.

dpkg: warning: ignoring pre-dependency problem!
Preparing to unpack .../libpam-modules_1.1.8-3.2ubuntu2_amd64.deb ...
Unpacking libpam-modules:amd64 (1.1.8-3.2ubuntu2) ...
Selecting previously unselected package libpam-modules-bin.
Preparing to unpack .../libpam-modules-bin_1.1.8-3.2ubuntu2_amd64.deb ...
Unpacking libpam-modules-bin (1.1.8-3.2ubuntu2) ...
Selecting previously unselected package libpam-runtime.
Preparing to unpack .../libpam-runtime_1.1.8-3.2ubuntu2_all.deb ...
Unpacking libpam-runtime (1.1.8-3.2ubuntu2) ...
Selecting previously unselected package libpam0g:amd64.
Preparing to unpack .../libpam0g_1.1.8-3.2ubuntu2_amd64.deb ...
Unpacking libpam0g:amd64 (1.1.8-3.2ubuntu2) ...
Selecting previously unselected package libpcre3:amd64.
dpkg: regarding .../libpcre3_2%3a8.38-3.1_amd64.deb containing libpcre3:amd64, pre-dependency problem:
 libpcre3 pre-depends on multiarch-support
  multiarch-support is not installed.

dpkg: warning: ignoring pre-dependency problem!
Preparing to unpack .../libpcre3_2%3a8.38-3.1_amd64.deb ...
Unpacking libpcre3:amd64 (2:8.38-3.1) ...
Selecting previously unselected package libprocps4:amd64.
Preparing to unpack .../libprocps4_2%3a3.3.10-4ubuntu2_amd64.deb ...
Unpacking libprocps4:amd64 (2:3.3.10-4ubuntu2) ...
Selecting previously unselected package libseccomp2:amd64.
Preparing to unpack .../libseccomp2_2.2.3-3ubuntu3_amd64.deb ...
Unpacking libseccomp2:amd64 (2.2.3-3ubuntu3) ...
Selecting previously unselected package libselinux1:amd64.
Preparing to unpack .../libselinux1_2.4-3build2_amd64.deb ...
Unpacking libselinux1:amd64 (2.4-3build2) ...
Selecting previously unselected package libsemanage-common.
Preparing to unpack .../libsemanage-common_2.3-1build3_all.deb ...
Unpacking libsemanage-common (2.3-1build3) ...
Selecting previously unselected package libsemanage1:amd64.
Preparing to unpack .../libsemanage1_2.3-1build3_amd64.deb ...
Unpacking libsemanage1:amd64 (2.3-1build3) ...
Selecting previously unselected package libsepol1:amd64.
Preparing to unpack .../libsepol1_2.4-2_amd64.deb ...
Unpacking libsepol1:amd64 (2.4-2) ...
Selecting previously unselected package libsmartcols1:amd64.
Preparing to unpack .../libsmartcols1_2.27.1-6ubuntu3_amd64.deb ...
Unpacking libsmartcols1:amd64 (2.27.1-6ubuntu3) ...
Selecting previously unselected package libss2:amd64.
Preparing to unpack .../libss2_1.42.13-1ubuntu1_amd64.deb ...
Unpacking libss2:amd64 (1.42.13-1ubuntu1) ...
Selecting previously unselected package libsystemd0:amd64.
dpkg: regarding .../libsystemd0_229-4ubuntu4_amd64.deb containing libsystemd0:amd64, pre-dependency problem:
 libsystemd0 pre-depends on libgcrypt20 (>= 1.6.1)
  libgcrypt20:amd64 is unpacked, but has never been configured.

dpkg: warning: ignoring pre-dependency problem!
dpkg: regarding .../libsystemd0_229-4ubuntu4_amd64.deb containing libsystemd0:amd64, pre-dependency problem:
 libsystemd0 pre-depends on liblzma5 (>= 5.1.1alpha+20120614)
  liblzma5:amd64 is unpacked, but has never been configured.

dpkg: warning: ignoring pre-dependency problem!
dpkg: regarding .../libsystemd0_229-4ubuntu4_amd64.deb containing libsystemd0:amd64, pre-dependency problem:
 libsystemd0 pre-depends on libselinux1 (>= 1.32)
  libselinux1:amd64 is unpacked, but has never been configured.

dpkg: warning: ignoring pre-dependency problem!
Preparing to unpack .../libsystemd0_229-4ubuntu4_amd64.deb ...
Unpacking libsystemd0:amd64 (229-4ubuntu4) ...
Selecting previously unselected package libtinfo5:amd64.
Preparing to unpack .../libtinfo5_6.0+20160213-1ubuntu1_amd64.deb ...
Unpacking libtinfo5:amd64 (6.0+20160213-1ubuntu1) ...
Selecting previously unselected package libudev1:amd64.
Preparing to unpack .../libudev1_229-4ubuntu4_amd64.deb ...
Unpacking libudev1:amd64 (229-4ubuntu4) ...
Selecting previously unselected package libustr-1.0-1:amd64.
Preparing to unpack .../libustr-1.0-1_1.0.4-5_amd64.deb ...
Unpacking libustr-1.0-1:amd64 (1.0.4-5) ...
Selecting previously unselected package libuuid1:amd64.
Preparing to unpack .../libuuid1_2.27.1-6ubuntu3_amd64.deb ...
Unpacking libuuid1:amd64 (2.27.1-6ubuntu3) ...
Selecting previously unselected package locales.
Preparing to unpack .../locales_2.23-0ubuntu3_all.deb ...
Unpacking locales (2.23-0ubuntu3) ...
Selecting previously unselected package login.
dpkg: regarding .../login_1%3a4.2-3.1ubuntu5_amd64.deb containing login, pre-dependency problem:
 login pre-depends on libaudit1 (>= 1:2.2.1)
  libaudit1:amd64 is unpacked, but has never been configured.

dpkg: warning: ignoring pre-dependency problem!
dpkg: regarding .../login_1%3a4.2-3.1ubuntu5_amd64.deb containing login, pre-dependency problem:
 login pre-depends on libpam0g (>= 0.99.7.1)
  libpam0g:amd64 is unpacked, but has never been configured.

dpkg: warning: ignoring pre-dependency problem!
dpkg: regarding .../login_1%3a4.2-3.1ubuntu5_amd64.deb containing login, pre-dependency problem:
 login pre-depends on libpam-runtime
  libpam-runtime is unpacked, but has never been configured.

dpkg: warning: ignoring pre-dependency problem!
dpkg: regarding .../login_1%3a4.2-3.1ubuntu5_amd64.deb containing login, pre-dependency problem:
 login pre-depends on libpam-modules (>= 1.1.8-1)
  libpam-modules:amd64 is unpacked, but has never been configured.

dpkg: warning: ignoring pre-dependency problem!
Preparing to unpack .../login_1%3a4.2-3.1ubuntu5_amd64.deb ...
Unpacking login (1:4.2-3.1ubuntu5) ...
Selecting previously unselected package lsb-base.
Preparing to unpack .../lsb-base_9.20160110_all.deb ...
Unpacking lsb-base (9.20160110) ...
Selecting previously unselected package makedev.
Preparing to unpack .../makedev_2.3.1-93ubuntu1_all.deb ...
Unpacking makedev (2.3.1-93ubuntu1) ...
Preparing to unpack .../mawk_1.3.3-17ubuntu2_amd64.deb ...
Unpacking mawk (1.3.3-17ubuntu2) over (1.3.3-17ubuntu2) ...
Selecting previously unselected package mount.
dpkg: regarding .../mount_2.27.1-6ubuntu3_amd64.deb containing mount, pre-dependency problem:
 mount pre-depends on libblkid1 (>= 2.17.2)
  libblkid1:amd64 is unpacked, but has never been configured.

dpkg: warning: ignoring pre-dependency problem!
dpkg: regarding .../mount_2.27.1-6ubuntu3_amd64.deb containing mount, pre-dependency problem:
 mount pre-depends on libmount1 (>= 2.25)
  libmount1:amd64 is unpacked, but has never been configured.

dpkg: warning: ignoring pre-dependency problem!
dpkg: regarding .../mount_2.27.1-6ubuntu3_amd64.deb containing mount, pre-dependency problem:
 mount pre-depends on libsmartcols1 (>= 2.27~rc1)
  libsmartcols1:amd64 is unpacked, but has never been configured.

dpkg: warning: ignoring pre-dependency problem!
dpkg: regarding .../mount_2.27.1-6ubuntu3_amd64.deb containing mount, pre-dependency problem:
 mount pre-depends on libudev1 (>= 183)
  libudev1:amd64 is unpacked, but has never been configured.

dpkg: warning: ignoring pre-dependency problem!
Preparing to unpack .../mount_2.27.1-6ubuntu3_amd64.deb ...
Unpacking mount (2.27.1-6ubuntu3) ...
Selecting previously unselected package multiarch-support.
Preparing to unpack .../multiarch-support_2.23-0ubuntu3_amd64.deb ...
Unpacking multiarch-support (2.23-0ubuntu3) ...
Selecting previously unselected package ncurses-base.
Preparing to unpack .../ncurses-base_6.0+20160213-1ubuntu1_all.deb ...
Unpacking ncurses-base (6.0+20160213-1ubuntu1) ...
Selecting previously unselected package ncurses-bin.
dpkg: regarding .../ncurses-bin_6.0+20160213-1ubuntu1_amd64.deb containing ncurses-bin, pre-dependency problem:
 ncurses-bin pre-depends on libtinfo5 (>= 6.0+20151017)
  libtinfo5:amd64 is unpacked, but has never been configured.

dpkg: warning: ignoring pre-dependency problem!
dpkg: regarding .../ncurses-bin_6.0+20160213-1ubuntu1_amd64.deb containing ncurses-bin, pre-dependency problem:
 ncurses-bin pre-depends on libtinfo5 (<< 6.1~)
  libtinfo5:amd64 is unpacked, but has never been configured.

dpkg: warning: ignoring pre-dependency problem!
Preparing to unpack .../ncurses-bin_6.0+20160213-1ubuntu1_amd64.deb ...
Unpacking ncurses-bin (6.0+20160213-1ubuntu1) ...
Selecting previously unselected package passwd.
Preparing to unpack .../passwd_1%3a4.2-3.1ubuntu5_amd64.deb ...
Unpacking passwd (1:4.2-3.1ubuntu5) ...
Preparing to unpack .../perl-base_5.22.1-9_amd64.deb ...
Unpacking perl-base (5.22.1-9) over (5.22.1-9) ...
Selecting previously unselected package procps.
Preparing to unpack .../procps_2%3a3.3.10-4ubuntu2_amd64.deb ...
Unpacking procps (2:3.3.10-4ubuntu2) ...
Selecting previously unselected package sed.
dpkg: regarding .../archives/sed_4.2.2-7_amd64.deb containing sed, pre-dependency problem:
 sed pre-depends on libselinux1 (>= 1.32)
  libselinux1:amd64 is unpacked, but has never been configured.

dpkg: warning: ignoring pre-dependency problem!
Preparing to unpack .../archives/sed_4.2.2-7_amd64.deb ...
Unpacking sed (4.2.2-7) ...
Selecting previously unselected package sensible-utils.
Preparing to unpack .../sensible-utils_0.0.9_all.deb ...
Unpacking sensible-utils (0.0.9) ...
Selecting previously unselected package systemd.
dpkg: regarding .../systemd_229-4ubuntu4_amd64.deb containing systemd, pre-dependency problem:
 systemd pre-depends on libgcrypt20 (>= 1.6.1)
  libgcrypt20:amd64 is unpacked, but has never been configured.

dpkg: warning: ignoring pre-dependency problem!
dpkg: regarding .../systemd_229-4ubuntu4_amd64.deb containing systemd, pre-dependency problem:
 systemd pre-depends on liblzma5 (>= 5.1.1alpha+20120614)
  liblzma5:amd64 is unpacked, but has never been configured.

dpkg: warning: ignoring pre-dependency problem!
dpkg: regarding .../systemd_229-4ubuntu4_amd64.deb containing systemd, pre-dependency problem:
 systemd pre-depends on libselinux1 (>= 1.32)
  libselinux1:amd64 is unpacked, but has never been configured.

dpkg: warning: ignoring pre-dependency problem!
Preparing to unpack .../systemd_229-4ubuntu4_amd64.deb ...
Unpacking systemd (229-4ubuntu4) ...
Selecting previously unselected package systemd-sysv.
dpkg: regarding .../systemd-sysv_229-4ubuntu4_amd64.deb containing systemd-sysv, pre-dependency problem:
 systemd-sysv pre-depends on systemd
  systemd is unpacked, but has never been configured.

dpkg: warning: ignoring pre-dependency problem!
Preparing to unpack .../systemd-sysv_229-4ubuntu4_amd64.deb ...
Unpacking systemd-sysv (229-4ubuntu4) ...
Selecting previously unselected package sysv-rc.
dpkg: regarding .../sysv-rc_2.88dsf-59.3ubuntu2_all.deb containing sysv-rc, pre-dependency problem:
 sysv-rc pre-depends on init-system-helpers (>= 1.25~)
  init-system-helpers is unpacked, but has never been configured.

dpkg: warning: ignoring pre-dependency problem!
Preparing to unpack .../sysv-rc_2.88dsf-59.3ubuntu2_all.deb ...
Unpacking sysv-rc (2.88dsf-59.3ubuntu2) ...
Selecting previously unselected package sysvinit-utils.
Preparing to unpack .../sysvinit-utils_2.88dsf-59.3ubuntu2_amd64.deb ...
Unpacking sysvinit-utils (2.88dsf-59.3ubuntu2) ...
Selecting previously unselected package tar.
dpkg: regarding .../tar_1.28-2.1_amd64.deb containing tar, pre-dependency problem:
 tar pre-depends on libacl1 (>= 2.2.51-8)
  libacl1:amd64 is unpacked, but has never been configured.

dpkg: warning: ignoring pre-dependency problem!
dpkg: regarding .../tar_1.28-2.1_amd64.deb containing tar, pre-dependency problem:
 tar pre-depends on libselinux1 (>= 1.32)
  libselinux1:amd64 is unpacked, but has never been configured.

dpkg: warning: ignoring pre-dependency problem!
Preparing to unpack .../tar_1.28-2.1_amd64.deb ...
Unpacking tar (1.28-2.1) ...
Selecting previously unselected package tzdata.
Preparing to unpack .../tzdata_2016d-0ubuntu0.16.04_all.deb ...
Unpacking tzdata (2016d-0ubuntu0.16.04) ...
Selecting previously unselected package util-linux.
dpkg: regarding .../util-linux_2.27.1-6ubuntu3_amd64.deb containing util-linux, pre-dependency problem:
 util-linux pre-depends on libblkid1 (>= 2.25)
  libblkid1:amd64 is unpacked, but has never been configured.

dpkg: warning: ignoring pre-dependency problem!
dpkg: regarding .../util-linux_2.27.1-6ubuntu3_amd64.deb containing util-linux, pre-dependency problem:
 util-linux pre-depends on libfdisk1 (>= 2.27~rc1)
  libfdisk1:amd64 is unpacked, but has never been configured.

dpkg: warning: ignoring pre-dependency problem!
dpkg: regarding .../util-linux_2.27.1-6ubuntu3_amd64.deb containing util-linux, pre-dependency problem:
 util-linux pre-depends on libmount1 (>= 2.25)
  libmount1:amd64 is unpacked, but has never been configured.

dpkg: warning: ignoring pre-dependency problem!
dpkg: regarding .../util-linux_2.27.1-6ubuntu3_amd64.deb containing util-linux, pre-dependency problem:
 util-linux pre-depends on libncursesw5 (>= 6)
  libncursesw5:amd64 is unpacked, but has never been configured.

dpkg: warning: ignoring pre-dependency problem!
dpkg: regarding .../util-linux_2.27.1-6ubuntu3_amd64.deb containing util-linux, pre-dependency problem:
 util-linux pre-depends on libpam0g (>= 0.99.7.1)
  libpam0g:amd64 is unpacked, but has never been configured.

dpkg: warning: ignoring pre-dependency problem!
dpkg: regarding .../util-linux_2.27.1-6ubuntu3_amd64.deb containing util-linux, pre-dependency problem:
 util-linux pre-depends on libselinux1 (>= 1.32)
  libselinux1:amd64 is unpacked, but has never been configured.

dpkg: warning: ignoring pre-dependency problem!
dpkg: regarding .../util-linux_2.27.1-6ubuntu3_amd64.deb containing util-linux, pre-dependency problem:
 util-linux pre-depends on libsmartcols1 (>= 2.27~rc1)
  libsmartcols1:amd64 is unpacked, but has never been configured.

dpkg: warning: ignoring pre-dependency problem!
dpkg: regarding .../util-linux_2.27.1-6ubuntu3_amd64.deb containing util-linux, pre-dependency problem:
 util-linux pre-depends on libsystemd0
  libsystemd0:amd64 is unpacked, but has never been configured.

dpkg: warning: ignoring pre-dependency problem!
dpkg: regarding .../util-linux_2.27.1-6ubuntu3_amd64.deb containing util-linux, pre-dependency problem:
 util-linux pre-depends on libtinfo5 (>= 6)
  libtinfo5:amd64 is unpacked, but has never been configured.

dpkg: warning: ignoring pre-dependency problem!
dpkg: regarding .../util-linux_2.27.1-6ubuntu3_amd64.deb containing util-linux, pre-dependency problem:
 util-linux pre-depends on libudev1 (>= 183)
  libudev1:amd64 is unpacked, but has never been configured.

dpkg: warning: ignoring pre-dependency problem!
dpkg: regarding .../util-linux_2.27.1-6ubuntu3_amd64.deb containing util-linux, pre-dependency problem:
 util-linux pre-depends on libuuid1 (>= 2.16)
  libuuid1:amd64 is unpacked, but has never been configured.

dpkg: warning: ignoring pre-dependency problem!
dpkg: regarding .../util-linux_2.27.1-6ubuntu3_amd64.deb containing util-linux, pre-dependency problem:
 util-linux pre-depends on zlib1g (>= 1:1.1.4)
  zlib1g is not installed.

dpkg: warning: ignoring pre-dependency problem!
Preparing to unpack .../util-linux_2.27.1-6ubuntu3_amd64.deb ...
Unpacking util-linux (2.27.1-6ubuntu3) ...
Selecting previously unselected package zlib1g:amd64.
Preparing to unpack .../zlib1g_1%3a1.2.8.dfsg-2ubuntu4_amd64.deb ...
Unpacking zlib1g:amd64 (1:1.2.8.dfsg-2ubuntu4) ...
Setting up gcc-6-base:amd64 (6.0.1-0ubuntu1) ...
Setting up lsb-base (9.20160110) ...
Setting up sensible-utils (0.0.9) ...
Setting up ncurses-base (6.0+20160213-1ubuntu1) ...
Setting up libsemanage-common (2.3-1build3) ...
Setting up libaudit-common (1:2.4.5-1ubuntu2) ...
Setting up libc6:amd64 (2.23-0ubuntu3) ...
Setting up libbz2-1.0:amd64 (1.0.6-8) ...
Setting up libkmod2:amd64 (22-1ubuntu4) ...
Setting up libgpg-error0:amd64 (1.21-2ubuntu1) ...
Setting up libc-bin (2.23-0ubuntu3) ...
Setting up libseccomp2:amd64 (2.2.3-3ubuntu3) ...
Setting up libapparmor1:amd64 (2.10.95-0ubuntu2) ...
Setting up libdebconfclient0:amd64 (0.198ubuntu1) ...
Setting up diffutils (1:3.3-3) ...
Setting up insserv (1.14.0-5ubuntu3) ...
Setting up libcomerr2:amd64 (1.42.13-1ubuntu1) ...
Setting up libsepol1:amd64 (2.4-2) ...
Setting up libgcc1:amd64 (1:6.0.1-0ubuntu1) ...
Setting up libustr-1.0-1:amd64 (1.0.4-5) ...
Setting up libsmartcols1:amd64 (2.27.1-6ubuntu3) ...
Setting up libaudit1:amd64 (1:2.4.5-1ubuntu2) ...
Setting up libtinfo5:amd64 (6.0+20160213-1ubuntu1) ...
Setting up libudev1:amd64 (229-4ubuntu4) ...
Setting up libss2:amd64 (1.42.13-1ubuntu1) ...
Setting up base-passwd (3.5.39) ...
Setting up e2fslibs:amd64 (1.42.13-1ubuntu1) ...
Setting up debianutils (4.7) ...
Setting up libgcrypt20:amd64 (1.6.5-2) ...
Setting up libncursesw5:amd64 (6.0+20160213-1ubuntu1) ...
Setting up libdb5.3:amd64 (5.3.28-11) ...
Setting up zlib1g:amd64 (1:1.2.8.dfsg-2ubuntu4) ...
Setting up hostname (3.16ubuntu2) ...
Setting up multiarch-support (2.23-0ubuntu3) ...
Setting up mawk (1.3.3-17ubuntu2) ...
Setting up libcap2:amd64 (1:2.24-12) ...
Setting up libpcre3:amd64 (2:8.38-3.1) ...
Setting up base-files (9.4ubuntu4) ...
Setting up libselinux1:amd64 (2.4-3build2) ...
Setting up findutils (4.6.0+git+20160126-2) ...
Setting up ncurses-bin (6.0+20160213-1ubuntu1) ...
Setting up libncurses5:amd64 (6.0+20160213-1ubuntu1) ...
Setting up makedev (2.3.1-93ubuntu1) ...
Setting up libattr1:amd64 (1:2.4.47-2) ...
Setting up liblzma5:amd64 (5.1.1alpha+20120614-2ubuntu2) ...
Setting up libcap2-bin (1:2.24-12) ...
Setting up libsystemd0:amd64 (229-4ubuntu4) ...
Setting up libdevmapper1.02.1:amd64 (2:1.02.110-1ubuntu10) ...
Setting up libsemanage1:amd64 (2.3-1build3) ...
Setting up libacl1:amd64 (2.2.52-3) ...
Setting up libprocps4:amd64 (2:3.3.10-4ubuntu2) ...
Setting up bsdutils (1:2.27.1-6ubuntu3) ...
Setting up coreutils (8.25-2ubuntu2) ...
Setting up tar (1.28-2.1) ...
update-alternatives: using /usr/sbin/rmt-tar to provide /usr/sbin/rmt (rmt) in auto mode
Setting up dpkg (1.18.4ubuntu1) ...
Setting up sed (4.2.2-7) ...
Setting up perl-base (5.22.1-9) ...
Setting up grep (2.24-1) ...
Setting up debconf (1.5.58ubuntu1) ...
Setting up tzdata (2016d-0ubuntu0.16.04) ...

Current default time zone: 'Etc/UTC'
Local time is now:      Fri Oct  7 09:09:13 UTC 2022.
Universal Time is now:  Fri Oct  7 09:09:13 UTC 2022.
Run 'dpkg-reconfigure tzdata' if you wish to change it.

Setting up gzip (1.6-4ubuntu1) ...
Setting up dash (0.5.8-2.1ubuntu2) ...
Setting up init-system-helpers (1.29ubuntu1) ...
Setting up sysvinit-utils (2.88dsf-59.3ubuntu2) ...
Setting up sysv-rc (2.88dsf-59.3ubuntu2) ...
Setting up libpam0g:amd64 (1.1.8-3.2ubuntu2) ...
Setting up locales (2.23-0ubuntu3) ...
Generating locales (this might take a while)...
Generation complete.
Setting up libpam-modules-bin (1.1.8-3.2ubuntu2) ...
Setting up bash (4.3-14ubuntu1) ...
update-alternatives: using /usr/share/man/man7/bash-builtins.7.gz to provide /usr/share/man/man7/builtins.7.gz (builtins.7.gz) in auto mode
Setting up libpam-modules:amd64 (1.1.8-3.2ubuntu2) ...
Setting up libpam-runtime (1.1.8-3.2ubuntu2) ...
Setting up passwd (1:4.2-3.1ubuntu5) ...
Shadow passwords are now on.
Setting up login (1:4.2-3.1ubuntu5) ...
Setting up adduser (3.113+nmu3ubuntu4) ...
Setting up libuuid1:amd64 (2.27.1-6ubuntu3) ...
Setting up libblkid1:amd64 (2.27.1-6ubuntu3) ...
Setting up libmount1:amd64 (2.27.1-6ubuntu3) ...
Setting up libcryptsetup4:amd64 (2:1.6.6-5ubuntu2) ...
Setting up mount (2.27.1-6ubuntu3) ...
Setting up libfdisk1:amd64 (2.27.1-6ubuntu3) ...
Setting up initscripts (2.88dsf-59.3ubuntu2) ...
Running in chroot, ignoring request.
invoke-rc.d: policy-rc.d denied execution of start.
Setting up util-linux (2.27.1-6ubuntu3) ...
update-alternatives: using /bin/more to provide /usr/bin/pager (pager) in auto mode
Setting up e2fsprogs (1.42.13-1ubuntu1) ...
Setting up procps (2:3.3.10-4ubuntu2) ...
update-alternatives: using /usr/bin/w.procps to provide /usr/bin/w (w) in auto mode
update-rc.d: warning: start and stop actions are no longer supported; falling back to defaults
Running in chroot, ignoring request.
invoke-rc.d: policy-rc.d denied execution of start.
Setting up systemd (229-4ubuntu4) ...
Created symlink /etc/systemd/system/getty.target.wants/getty@tty1.service, pointing to /lib/systemd/system/getty@.service.
Created symlink /etc/systemd/system/multi-user.target.wants/remote-fs.target, pointing to /lib/systemd/system/remote-fs.target.
Created symlink /etc/systemd/system/sysinit.target.wants/systemd-timesyncd.service, pointing to /lib/systemd/system/systemd-timesyncd.service.
Initializing machine ID from random generator.
Adding group `systemd-journal' (GID 101) ...
Done.
Setting up systemd-sysv (229-4ubuntu4) ...
Setting up init (1.29ubuntu1) ...
Processing triggers for libc-bin (2.23-0ubuntu3) ...
(Reading database ... 6891 files and directories currently installed.)
Preparing to unpack .../libexpat1_2.1.0-7_amd64.deb ...
Unpacking libexpat1:amd64 (2.1.0-7) ...
Preparing to unpack .../libpython3.5-minimal_3.5.1-10_amd64.deb ...
Unpacking libpython3.5-minimal:amd64 (3.5.1-10) ...
Preparing to unpack .../libssl1.0.0_1.0.2g-1ubuntu4_amd64.deb ...
Unpacking libssl1.0.0:amd64 (1.0.2g-1ubuntu4) ...
Preparing to unpack .../python3-minimal_3.5.1-3_amd64.deb ...
Unpacking python3-minimal (3.5.1-3) ...
Preparing to unpack .../python3.5-minimal_3.5.1-10_amd64.deb ...
Unpacking python3.5-minimal (3.5.1-10) ...
Setting up libexpat1:amd64 (2.1.0-7) ...
Setting up libssl1.0.0:amd64 (1.0.2g-1ubuntu4) ...
Setting up libpython3.5-minimal:amd64 (3.5.1-10) ...
Setting up python3.5-minimal (3.5.1-10) ...
Setting up python3-minimal (3.5.1-3) ...
Processing triggers for libc-bin (2.23-0ubuntu3) ...
(Reading database ... 7179 files and directories currently installed.)
Preparing to unpack .../apt_1.2.10ubuntu1_amd64.deb ...
Unpacking apt (1.2.10ubuntu1) ...
Preparing to unpack .../apt-utils_1.2.10ubuntu1_amd64.deb ...
Unpacking apt-utils (1.2.10ubuntu1) ...
Preparing to unpack .../busybox-initramfs_1%3a1.22.0-15ubuntu1_amd64.deb ...
Unpacking busybox-initramfs (1:1.22.0-15ubuntu1) ...
Preparing to unpack .../bzip2_1.0.6-8_amd64.deb ...
Unpacking bzip2 (1.0.6-8) ...
Preparing to unpack .../console-setup_1.108ubuntu15_all.deb ...
Unpacking console-setup (1.108ubuntu15) ...
Preparing to unpack .../console-setup-linux_1.108ubuntu15_all.deb ...
Unpacking console-setup-linux (1.108ubuntu15) ...
Preparing to unpack .../cpio_2.11+dfsg-5ubuntu1_amd64.deb ...
Unpacking cpio (2.11+dfsg-5ubuntu1) ...
Preparing to unpack .../cron_3.0pl1-128ubuntu2_amd64.deb ...
Unpacking cron (3.0pl1-128ubuntu2) ...
Preparing to unpack .../debconf-i18n_1.5.58ubuntu1_all.deb ...
Unpacking debconf-i18n (1.5.58ubuntu1) ...
Preparing to unpack .../dh-python_2.20151103ubuntu1_all.deb ...
Unpacking dh-python (2.20151103ubuntu1) ...
Preparing to unpack .../distro-info-data_0.28_all.deb ...
Unpacking distro-info-data (0.28) ...
Preparing to unpack .../eject_2.1.5+deb1+cvs20081104-13.1_amd64.deb ...
Unpacking eject (2.1.5+deb1+cvs20081104-13.1) ...
Preparing to unpack .../file_1%3a5.25-2ubuntu1_amd64.deb ...
Unpacking file (1:5.25-2ubuntu1) ...
Preparing to unpack .../gcc-5-base_5.3.1-14ubuntu2_amd64.deb ...
Unpacking gcc-5-base:amd64 (5.3.1-14ubuntu2) ...
Preparing to unpack .../gnupg_1.4.20-1ubuntu3_amd64.deb ...
Unpacking gnupg (1.4.20-1ubuntu3) ...
Preparing to unpack .../gpgv_1.4.20-1ubuntu3_amd64.deb ...
Unpacking gpgv (1.4.20-1ubuntu3) ...
Preparing to unpack .../ifupdown_0.8.10ubuntu1_amd64.deb ...
Unpacking ifupdown (0.8.10ubuntu1) ...
Preparing to unpack .../initramfs-tools_0.122ubuntu8_all.deb ...
Unpacking initramfs-tools (0.122ubuntu8) ...
Preparing to unpack .../initramfs-tools-bin_0.122ubuntu8_amd64.deb ...
Unpacking initramfs-tools-bin (0.122ubuntu8) ...
Preparing to unpack .../initramfs-tools-core_0.122ubuntu8_all.deb ...
Unpacking initramfs-tools-core (0.122ubuntu8) ...
Preparing to unpack .../iproute2_4.3.0-1ubuntu3_amd64.deb ...
Unpacking iproute2 (4.3.0-1ubuntu3) ...
Preparing to unpack .../iputils-ping_3%3a20121221-5ubuntu2_amd64.deb ...
Unpacking iputils-ping (3:20121221-5ubuntu2) ...
Preparing to unpack .../isc-dhcp-client_4.3.3-5ubuntu12_amd64.deb ...
Unpacking isc-dhcp-client (4.3.3-5ubuntu12) ...
Preparing to unpack .../isc-dhcp-common_4.3.3-5ubuntu12_amd64.deb ...
Unpacking isc-dhcp-common (4.3.3-5ubuntu12) ...
Preparing to unpack .../kbd_1.15.5-1ubuntu4_amd64.deb ...
Unpacking kbd (1.15.5-1ubuntu4) ...
Preparing to unpack .../keyboard-configuration_1.108ubuntu15_all.deb ...
Unpacking keyboard-configuration (1.108ubuntu15) ...
Preparing to unpack .../klibc-utils_2.0.4-8ubuntu1_amd64.deb ...
Adding 'diversion of /usr/share/initramfs-tools/hooks/klibc to /usr/share/initramfs-tools/hooks/klibc^i-t by klibc-utils'
Unpacking klibc-utils (2.0.4-8ubuntu1) ...
Preparing to unpack .../kmod_22-1ubuntu4_amd64.deb ...
Unpacking kmod (22-1ubuntu4) ...
Preparing to unpack .../less_481-2.1_amd64.deb ...
Unpacking less (481-2.1) ...
Preparing to unpack .../libapt-inst2.0_1.2.10ubuntu1_amd64.deb ...
Unpacking libapt-inst2.0:amd64 (1.2.10ubuntu1) ...
Preparing to unpack .../libapt-pkg5.0_1.2.10ubuntu1_amd64.deb ...
Unpacking libapt-pkg5.0:amd64 (1.2.10ubuntu1) ...
Preparing to unpack .../libatm1_1%3a2.5.1-1.5_amd64.deb ...
Unpacking libatm1:amd64 (1:2.5.1-1.5) ...
Preparing to unpack .../libbsd0_0.8.2-1_amd64.deb ...
Unpacking libbsd0:amd64 (0.8.2-1) ...
Preparing to unpack .../libdns-export162_1%3a9.10.3.dfsg.P4-8_amd64.deb ...
Unpacking libdns-export162 (1:9.10.3.dfsg.P4-8) ...
Preparing to unpack .../libestr0_0.1.10-1_amd64.deb ...
Unpacking libestr0 (0.1.10-1) ...
Preparing to unpack .../libffi6_3.2.1-4_amd64.deb ...
Unpacking libffi6:amd64 (3.2.1-4) ...
Preparing to unpack .../libfribidi0_0.19.7-1_amd64.deb ...
Unpacking libfribidi0:amd64 (0.19.7-1) ...
Preparing to unpack .../libgmp10_2%3a6.1.0+dfsg-2_amd64.deb ...
Unpacking libgmp10:amd64 (2:6.1.0+dfsg-2) ...
Preparing to unpack .../libgnutls-openssl27_3.4.10-4ubuntu1_amd64.deb ...
Unpacking libgnutls-openssl27:amd64 (3.4.10-4ubuntu1) ...
Preparing to unpack .../libgnutls30_3.4.10-4ubuntu1_amd64.deb ...
Unpacking libgnutls30:amd64 (3.4.10-4ubuntu1) ...
Preparing to unpack .../libhogweed4_3.2-1_amd64.deb ...
Unpacking libhogweed4:amd64 (3.2-1) ...
Preparing to unpack .../libidn11_1.32-3ubuntu1_amd64.deb ...
Unpacking libidn11:amd64 (1.32-3ubuntu1) ...
Preparing to unpack .../libisc-export160_1%3a9.10.3.dfsg.P4-8_amd64.deb ...
Unpacking libisc-export160 (1:9.10.3.dfsg.P4-8) ...
Preparing to unpack .../libjson-c2_0.11-4ubuntu2_amd64.deb ...
Unpacking libjson-c2:amd64 (0.11-4ubuntu2) ...
Preparing to unpack .../libklibc_2.0.4-8ubuntu1_amd64.deb ...
Unpacking libklibc (2.0.4-8ubuntu1) ...
Preparing to unpack .../liblocale-gettext-perl_1.07-1build1_amd64.deb ...
Unpacking liblocale-gettext-perl (1.07-1build1) ...
Preparing to unpack .../liblz4-1_0.0~r131-2ubuntu2_amd64.deb ...
Unpacking liblz4-1:amd64 (0.0~r131-2ubuntu2) ...
Preparing to unpack .../libmagic1_1%3a5.25-2ubuntu1_amd64.deb ...
Unpacking libmagic1:amd64 (1:5.25-2ubuntu1) ...
Preparing to unpack .../libmnl0_1.0.3-5_amd64.deb ...
Unpacking libmnl0:amd64 (1.0.3-5) ...
Preparing to unpack .../libmpdec2_2.4.2-1_amd64.deb ...
Unpacking libmpdec2:amd64 (2.4.2-1) ...
Preparing to unpack .../libnettle6_3.2-1_amd64.deb ...
Unpacking libnettle6:amd64 (3.2-1) ...
Preparing to unpack .../libnewt0.52_0.52.18-1ubuntu2_amd64.deb ...
Unpacking libnewt0.52:amd64 (0.52.18-1ubuntu2) ...
Preparing to unpack .../libnih1_1.0.3-4.3ubuntu1_amd64.deb ...
Unpacking libnih1:amd64 (1.0.3-4.3ubuntu1) ...
Preparing to unpack .../libp11-kit0_0.23.2-3_amd64.deb ...
Unpacking libp11-kit0:amd64 (0.23.2-3) ...
Preparing to unpack .../libpng12-0_1.2.54-1ubuntu1_amd64.deb ...
Unpacking libpng12-0:amd64 (1.2.54-1ubuntu1) ...
Preparing to unpack .../libpopt0_1.16-10_amd64.deb ...
Unpacking libpopt0:amd64 (1.16-10) ...
Preparing to unpack .../libpython3-stdlib_3.5.1-3_amd64.deb ...
Unpacking libpython3-stdlib:amd64 (3.5.1-3) ...
Preparing to unpack .../libpython3.5-stdlib_3.5.1-10_amd64.deb ...
Unpacking libpython3.5-stdlib:amd64 (3.5.1-10) ...
Preparing to unpack .../libreadline6_6.3-8ubuntu2_amd64.deb ...
Unpacking libreadline6:amd64 (6.3-8ubuntu2) ...
Preparing to unpack .../libslang2_2.3.0-2ubuntu1_amd64.deb ...
Unpacking libslang2:amd64 (2.3.0-2ubuntu1) ...
Preparing to unpack .../libsqlite3-0_3.11.0-1ubuntu1_amd64.deb ...
Unpacking libsqlite3-0:amd64 (3.11.0-1ubuntu1) ...
Preparing to unpack .../libstdc++6_5.3.1-14ubuntu2_amd64.deb ...
Unpacking libstdc++6:amd64 (5.3.1-14ubuntu2) ...
Preparing to unpack .../libtasn1-6_4.7-3_amd64.deb ...
Unpacking libtasn1-6:amd64 (4.7-3) ...
Preparing to unpack .../libtext-charwidth-perl_0.04-7build5_amd64.deb ...
Unpacking libtext-charwidth-perl (0.04-7build5) ...
Preparing to unpack .../libtext-iconv-perl_1.7-5build4_amd64.deb ...
Unpacking libtext-iconv-perl (1.7-5build4) ...
Preparing to unpack .../libtext-wrapi18n-perl_0.06-7.1_all.deb ...
Unpacking libtext-wrapi18n-perl (0.06-7.1) ...
Preparing to unpack .../libusb-0.1-4_2%3a0.1.12-28_amd64.deb ...
Unpacking libusb-0.1-4:amd64 (2:0.1.12-28) ...
Preparing to unpack .../libxtables11_1.6.0-2ubuntu3_amd64.deb ...
Unpacking libxtables11:amd64 (1.6.0-2ubuntu3) ...
Preparing to unpack .../linux-base_4.0ubuntu1_all.deb ...
Unpacking linux-base (4.0ubuntu1) ...
Preparing to unpack .../logrotate_3.8.7-2ubuntu2_amd64.deb ...
Unpacking logrotate (3.8.7-2ubuntu2) ...
Preparing to unpack .../lsb-release_9.20160110_all.deb ...
Unpacking lsb-release (9.20160110) ...
Preparing to unpack .../mime-support_3.59ubuntu1_all.deb ...
Unpacking mime-support (3.59ubuntu1) ...
Preparing to unpack .../net-tools_1.60-26ubuntu1_amd64.deb ...
Unpacking net-tools (1.60-26ubuntu1) ...
Preparing to unpack .../archives/netbase_5.3_all.deb ...
Unpacking netbase (5.3) ...
Preparing to unpack .../netcat-openbsd_1.105-7ubuntu1_amd64.deb ...
Unpacking netcat-openbsd (1.105-7ubuntu1) ...
Preparing to unpack .../python3_3.5.1-3_amd64.deb ...
Unpacking python3 (3.5.1-3) ...
Preparing to unpack .../python3.5_3.5.1-10_amd64.deb ...
Unpacking python3.5 (3.5.1-10) ...
Preparing to unpack .../readline-common_6.3-8ubuntu2_all.deb ...
Unpacking readline-common (6.3-8ubuntu2) ...
Preparing to unpack .../resolvconf_1.78ubuntu2_all.deb ...
Unpacking resolvconf (1.78ubuntu2) ...
Preparing to unpack .../rsyslog_8.16.0-1ubuntu3_amd64.deb ...
Unpacking rsyslog (8.16.0-1ubuntu3) ...
Preparing to unpack .../sudo_1.8.16-0ubuntu1_amd64.deb ...
Unpacking sudo (1.8.16-0ubuntu1) ...
Preparing to unpack .../ubuntu-keyring_2012.05.19_all.deb ...
Unpacking ubuntu-keyring (2012.05.19) ...
Preparing to unpack .../ubuntu-minimal_1.361_amd64.deb ...
Unpacking ubuntu-minimal (1.361) ...
Preparing to unpack .../archives/ucf_3.0036_all.deb ...
Moving old data out of the way
Unpacking ucf (3.0036) ...
Preparing to unpack .../udev_229-4ubuntu4_amd64.deb ...
Unpacking udev (229-4ubuntu4) ...
Preparing to unpack .../ureadahead_0.100.0-19_amd64.deb ...
Unpacking ureadahead (0.100.0-19) ...
Preparing to unpack .../vim-common_2%3a7.4.1689-3ubuntu1_amd64.deb ...
Unpacking vim-common (2:7.4.1689-3ubuntu1) ...
Preparing to unpack .../vim-tiny_2%3a7.4.1689-3ubuntu1_amd64.deb ...
Unpacking vim-tiny (2:7.4.1689-3ubuntu1) ...
Preparing to unpack .../whiptail_0.52.18-1ubuntu2_amd64.deb ...
Unpacking whiptail (0.52.18-1ubuntu2) ...
Preparing to unpack .../xkb-data_2.16-1ubuntu1_all.deb ...
Unpacking xkb-data (2.16-1ubuntu1) ...
Processing triggers for libc-bin (2.23-0ubuntu3) ...
Processing triggers for systemd (229-4ubuntu4) ...
Setting up readline-common (6.3-8ubuntu2) ...
Setting up libnettle6:amd64 (3.2-1) ...
Setting up cpio (2.11+dfsg-5ubuntu1) ...
update-alternatives: using /bin/mt-gnu to provide /bin/mt (mt) in auto mode
Setting up libpopt0:amd64 (1.16-10) ...
Setting up kmod (22-1ubuntu4) ...
Setting up libestr0 (0.1.10-1) ...
Setting up less (481-2.1) ...
Setting up libisc-export160 (1:9.10.3.dfsg.P4-8) ...
Setting up liblz4-1:amd64 (0.0~r131-2ubuntu2) ...
Setting up mime-support (3.59ubuntu1) ...
Setting up sudo (1.8.16-0ubuntu1) ...
Setting up isc-dhcp-common (4.3.3-5ubuntu12) ...
Setting up libklibc (2.0.4-8ubuntu1) ...
Setting up gpgv (1.4.20-1ubuntu3) ...
Setting up xkb-data (2.16-1ubuntu1) ...
Setting up linux-base (4.0ubuntu1) ...
Setting up libxtables11:amd64 (1.6.0-2ubuntu3) ...
Setting up libdns-export162 (1:9.10.3.dfsg.P4-8) ...
Setting up distro-info-data (0.28) ...
Setting up libbsd0:amd64 (0.8.2-1) ...
Setting up libpng12-0:amd64 (1.2.54-1ubuntu1) ...
Setting up ucf (3.0036) ...
Setting up libtasn1-6:amd64 (4.7-3) ...
Setting up bzip2 (1.0.6-8) ...
Setting up libmagic1:amd64 (1:5.25-2ubuntu1) ...
Setting up netcat-openbsd (1.105-7ubuntu1) ...
update-alternatives: using /bin/nc.openbsd to provide /bin/nc (nc) in auto mode
Setting up busybox-initramfs (1:1.22.0-15ubuntu1) ...
Setting up libgmp10:amd64 (2:6.1.0+dfsg-2) ...
Setting up libatm1:amd64 (1:2.5.1-1.5) ...
Setting up udev (229-4ubuntu4) ...
Adding group `input' (GID 106) ...
Done.
A chroot environment has been detected, udev not started.
Setting up libtext-iconv-perl (1.7-5build4) ...
Setting up vim-common (2:7.4.1689-3ubuntu1) ...
Setting up libsqlite3-0:amd64 (3.11.0-1ubuntu1) ...
Setting up libfribidi0:amd64 (0.19.7-1) ...
Setting up liblocale-gettext-perl (1.07-1build1) ...
Setting up libffi6:amd64 (3.2.1-4) ...
Setting up libtext-charwidth-perl (0.04-7build5) ...
Setting up initramfs-tools-bin (0.122ubuntu8) ...
Setting up net-tools (1.60-26ubuntu1) ...
Setting up libslang2:amd64 (2.3.0-2ubuntu1) ...
Setting up cron (3.0pl1-128ubuntu2) ...
Adding group `crontab' (GID 107) ...
Done.
update-rc.d: warning: start and stop actions are no longer supported; falling back to defaults
update-rc.d: warning: stop runlevel arguments (1) do not match cron Default-Stop values (none)
Running in chroot, ignoring request.
invoke-rc.d: policy-rc.d denied execution of start.
Setting up libmnl0:amd64 (1.0.3-5) ...
Setting up libusb-0.1-4:amd64 (2:0.1.12-28) ...
Setting up libnih1:amd64 (1.0.3-4.3ubuntu1) ...
Setting up logrotate (3.8.7-2ubuntu2) ...
Setting up libidn11:amd64 (1.32-3ubuntu1) ...
Setting up libmpdec2:amd64 (2.4.2-1) ...
Setting up ubuntu-keyring (2012.05.19) ...
Setting up libreadline6:amd64 (6.3-8ubuntu2) ...
Setting up gcc-5-base:amd64 (5.3.1-14ubuntu2) ...
Setting up libjson-c2:amd64 (0.11-4ubuntu2) ...
Setting up eject (2.1.5+deb1+cvs20081104-13.1) ...
Setting up netbase (5.3) ...
Setting up vim-tiny (2:7.4.1689-3ubuntu1) ...
update-alternatives: using /usr/bin/vim.tiny to provide /usr/bin/rview (rview) in auto mode
update-alternatives: using /usr/bin/vim.tiny to provide /usr/bin/vi (vi) in auto mode
update-alternatives: using /usr/bin/vim.tiny to provide /usr/bin/view (view) in auto mode
update-alternatives: using /usr/bin/vim.tiny to provide /usr/bin/ex (ex) in auto mode
update-alternatives: using /usr/bin/vim.tiny to provide /usr/bin/editor (editor) in auto mode
Setting up keyboard-configuration (1.108ubuntu15) ...
update-rc.d: warning: start and stop actions are no longer supported; falling back to defaults
update-initramfs: deferring update (trigger activated)
Setting up klibc-utils (2.0.4-8ubuntu1) ...
Setting up ureadahead (0.100.0-19) ...
Setting up initramfs-tools-core (0.122ubuntu8) ...
Setting up libpython3.5-stdlib:amd64 (3.5.1-10) ...
Setting up gnupg (1.4.20-1ubuntu3) ...
Setting up initramfs-tools (0.122ubuntu8) ...
update-initramfs: deferring update (trigger activated)
Setting up file (1:5.25-2ubuntu1) ...
Setting up iproute2 (4.3.0-1ubuntu3) ...
Setting up isc-dhcp-client (4.3.3-5ubuntu12) ...
Setting up libhogweed4:amd64 (3.2-1) ...
Setting up libtext-wrapi18n-perl (0.06-7.1) ...
Setting up libp11-kit0:amd64 (0.23.2-3) ...
Setting up libstdc++6:amd64 (5.3.1-14ubuntu2) ...
Setting up libnewt0.52:amd64 (0.52.18-1ubuntu2) ...
update-alternatives: using /etc/newt/palette.ubuntu to provide /etc/newt/palette (newt-palette) in auto mode
Setting up rsyslog (8.16.0-1ubuntu3) ...

Creating config file /etc/rsyslog.d/50-default.conf with new version
Adding user `syslog' to group `adm' ...
Adding user syslog to group adm
Done.
Running in chroot, ignoring request.
invoke-rc.d: policy-rc.d denied execution of start.
Setting up python3.5 (3.5.1-10) ...
Setting up libpython3-stdlib:amd64 (3.5.1-3) ...
Setting up libapt-pkg5.0:amd64 (1.2.10ubuntu1) ...
Setting up libapt-inst2.0:amd64 (1.2.10ubuntu1) ...
Setting up ifupdown (0.8.10ubuntu1) ...
Creating /etc/network/interfaces.
Setting up debconf-i18n (1.5.58ubuntu1) ...
Setting up whiptail (0.52.18-1ubuntu2) ...
Setting up libgnutls30:amd64 (3.4.10-4ubuntu1) ...
Setting up libgnutls-openssl27:amd64 (3.4.10-4ubuntu1) ...
Setting up apt (1.2.10ubuntu1) ...
Setting up resolvconf (1.78ubuntu2) ...
Setting up iputils-ping (3:20121221-5ubuntu2) ...
Setcap is not installed, falling back to setuid
Setting up apt-utils (1.2.10ubuntu1) ...
Setting up kbd (1.15.5-1ubuntu4) ...
Setting up console-setup-linux (1.108ubuntu15) ...
update-alternatives: using /etc/console-setup/vtrgb to provide /etc/vtrgb (vtrgb) in auto mode
Setting up console-setup (1.108ubuntu15) ...
update-initramfs: deferring update (trigger activated)
Setting up python3 (3.5.1-3) ...
Setting up lsb-release (9.20160110) ...
Setting up ubuntu-minimal (1.361) ...
Setting up dh-python (2.20151103ubuntu1) ...
Processing triggers for libc-bin (2.23-0ubuntu3) ...
Processing triggers for systemd (229-4ubuntu4) ...
Processing triggers for initramfs-tools (0.122ubuntu8) ...
Processing triggers for ureadahead (0.100.0-19) ...
Processing triggers for resolvconf (1.78ubuntu2) ...
