2022-10-07 08:54:39 startup archives install
2022-10-07 08:54:39 install base-passwd:amd64 <none> 3.5.51
2022-10-07 08:54:39 status half-installed base-passwd:amd64 3.5.51
2022-10-07 08:54:39 status unpacked base-passwd:amd64 3.5.51
2022-10-07 08:54:39 configure base-passwd:amd64 3.5.51 3.5.51
2022-10-07 08:54:39 status half-configured base-passwd:amd64 3.5.51
2022-10-07 08:54:40 status installed base-passwd:amd64 3.5.51
2022-10-07 08:54:40 startup archives install
2022-10-07 08:54:40 install base-files:amd64 <none> 11.1+deb11u5
2022-10-07 08:54:40 status half-installed base-files:amd64 11.1+deb11u5
2022-10-07 08:54:40 status unpacked base-files:amd64 11.1+deb11u5
2022-10-07 08:54:40 configure base-files:amd64 11.1+deb11u5 11.1+deb11u5
2022-10-07 08:54:40 status half-configured base-files:amd64 11.1+deb11u5
2022-10-07 08:54:40 status installed base-files:amd64 11.1+deb11u5
2022-10-07 08:54:40 startup archives install
2022-10-07 08:54:40 upgrade dpkg 1.20.12 1.20.12
2022-10-07 08:54:40 status half-configured dpkg 1.20.12
2022-10-07 08:54:40 status unpacked dpkg 1.20.12
2022-10-07 08:54:40 status half-installed dpkg 1.20.12
2022-10-07 08:54:40 status unpacked dpkg:amd64 1.20.12
2022-10-07 08:54:40 configure dpkg:amd64 1.20.12 1.20.12
2022-10-07 08:54:40 status half-configured dpkg:amd64 1.20.12
2022-10-07 08:54:40 status installed dpkg:amd64 1.20.12
2022-10-07 08:54:40 startup archives install
2022-10-07 08:54:40 install libc6:amd64 <none> 2.31-13+deb11u4
2022-10-07 08:54:40 status half-installed libc6:amd64 2.31-13+deb11u4
2022-10-07 08:54:41 status unpacked libc6:amd64 2.31-13+deb11u4
2022-10-07 08:54:42 configure libc6:amd64 2.31-13+deb11u4 2.31-13+deb11u4
2022-10-07 08:54:42 status half-configured libc6:amd64 2.31-13+deb11u4
2022-10-07 08:54:42 status installed libc6:amd64 2.31-13+deb11u4
2022-10-07 08:54:42 startup archives install
2022-10-07 08:54:42 install perl-base:amd64 <none> 5.32.1-4+deb11u2
2022-10-07 08:54:42 status half-installed perl-base:amd64 5.32.1-4+deb11u2
2022-10-07 08:54:43 status unpacked perl-base:amd64 5.32.1-4+deb11u2
2022-10-07 08:54:43 configure perl-base:amd64 5.32.1-4+deb11u2 5.32.1-4+deb11u2
2022-10-07 08:54:43 status half-configured perl-base:amd64 5.32.1-4+deb11u2
2022-10-07 08:54:43 status installed perl-base:amd64 5.32.1-4+deb11u2
2022-10-07 08:54:43 startup archives install
2022-10-07 08:54:43 install mawk:amd64 <none> 1.3.4.20200120-2
2022-10-07 08:54:43 status half-installed mawk:amd64 1.3.4.20200120-2
2022-10-07 08:54:43 status unpacked mawk:amd64 1.3.4.20200120-2
2022-10-07 08:54:43 configure mawk:amd64 1.3.4.20200120-2 1.3.4.20200120-2
2022-10-07 08:54:43 status half-configured mawk:amd64 1.3.4.20200120-2
2022-10-07 08:54:43 status installed mawk:amd64 1.3.4.20200120-2
2022-10-07 08:54:43 startup archives install
2022-10-07 08:54:43 install debconf:all <none> 1.5.77
2022-10-07 08:54:43 status half-installed debconf:all 1.5.77
2022-10-07 08:54:43 status unpacked debconf:all 1.5.77
2022-10-07 08:54:43 configure debconf:all 1.5.77 1.5.77
2022-10-07 08:54:43 status half-configured debconf:all 1.5.77
2022-10-07 08:54:43 status installed debconf:all 1.5.77
2022-10-07 08:54:43 startup archives unpack
2022-10-07 08:54:43 install libacl1:amd64 <none> 2.2.53-10
2022-10-07 08:54:43 status half-installed libacl1:amd64 2.2.53-10
2022-10-07 08:54:44 status unpacked libacl1:amd64 2.2.53-10
2022-10-07 08:54:44 install adduser:all <none> 3.118
2022-10-07 08:54:44 status half-installed adduser:all 3.118
2022-10-07 08:54:44 status unpacked adduser:all 3.118
2022-10-07 08:54:44 install apt:amd64 <none> 2.2.4
2022-10-07 08:54:44 status half-installed apt:amd64 2.2.4
2022-10-07 08:54:44 status unpacked apt:amd64 2.2.4
2022-10-07 08:54:44 install libapt-pkg6.0:amd64 <none> 2.2.4
2022-10-07 08:54:44 status half-installed libapt-pkg6.0:amd64 2.2.4
2022-10-07 08:54:45 status unpacked libapt-pkg6.0:amd64 2.2.4
2022-10-07 08:54:45 install libattr1:amd64 <none> 1:2.4.48-6
2022-10-07 08:54:45 status half-installed libattr1:amd64 1:2.4.48-6
2022-10-07 08:54:45 status unpacked libattr1:amd64 1:2.4.48-6
2022-10-07 08:54:45 install libaudit-common:all <none> 1:3.0-2
2022-10-07 08:54:45 status half-installed libaudit-common:all 1:3.0-2
2022-10-07 08:54:45 status unpacked libaudit-common:all 1:3.0-2
2022-10-07 08:54:45 install libaudit1:amd64 <none> 1:3.0-2
2022-10-07 08:54:45 status half-installed libaudit1:amd64 1:3.0-2
2022-10-07 08:54:45 status unpacked libaudit1:amd64 1:3.0-2
2022-10-07 08:54:45 upgrade base-files:amd64 11.1+deb11u5 11.1+deb11u5
2022-10-07 08:54:45 status half-configured base-files:amd64 11.1+deb11u5
2022-10-07 08:54:45 status unpacked base-files:amd64 11.1+deb11u5
2022-10-07 08:54:45 status half-installed base-files:amd64 11.1+deb11u5
2022-10-07 08:54:45 status unpacked base-files:amd64 11.1+deb11u5
2022-10-07 08:54:45 upgrade base-passwd:amd64 3.5.51 3.5.51
2022-10-07 08:54:45 status half-configured base-passwd:amd64 3.5.51
2022-10-07 08:54:45 status unpacked base-passwd:amd64 3.5.51
2022-10-07 08:54:45 status half-installed base-passwd:amd64 3.5.51
2022-10-07 08:54:45 status unpacked base-passwd:amd64 3.5.51
2022-10-07 08:54:45 install bash:amd64 <none> 5.1-2+deb11u1
2022-10-07 08:54:45 status half-installed bash:amd64 5.1-2+deb11u1
2022-10-07 08:54:45 status unpacked bash:amd64 5.1-2+deb11u1
2022-10-07 08:54:45 install libbz2-1.0:amd64 <none> 1.0.8-4
2022-10-07 08:54:45 status half-installed libbz2-1.0:amd64 1.0.8-4
2022-10-07 08:54:45 status unpacked libbz2-1.0:amd64 1.0.8-4
2022-10-07 08:54:45 install libdebconfclient0:amd64 <none> 0.260
2022-10-07 08:54:45 status half-installed libdebconfclient0:amd64 0.260
2022-10-07 08:54:46 status unpacked libdebconfclient0:amd64 0.260
2022-10-07 08:54:46 install coreutils:amd64 <none> 8.32-4+b1
2022-10-07 08:54:46 status half-installed coreutils:amd64 8.32-4+b1
2022-10-07 08:54:46 status unpacked coreutils:amd64 8.32-4+b1
2022-10-07 08:54:46 install dash:amd64 <none> 0.5.11+git20200708+dd9ef66-5
2022-10-07 08:54:46 status half-installed dash:amd64 0.5.11+git20200708+dd9ef66-5
2022-10-07 08:54:46 status unpacked dash:amd64 0.5.11+git20200708+dd9ef66-5
2022-10-07 08:54:47 install libdb5.3:amd64 <none> 5.3.28+dfsg1-0.8
2022-10-07 08:54:47 status half-installed libdb5.3:amd64 5.3.28+dfsg1-0.8
2022-10-07 08:54:47 status unpacked libdb5.3:amd64 5.3.28+dfsg1-0.8
2022-10-07 08:54:47 upgrade debconf:all 1.5.77 1.5.77
2022-10-07 08:54:47 status half-configured debconf:all 1.5.77
2022-10-07 08:54:47 status unpacked debconf:all 1.5.77
2022-10-07 08:54:47 status half-installed debconf:all 1.5.77
2022-10-07 08:54:47 status unpacked debconf:all 1.5.77
2022-10-07 08:54:47 install debian-archive-keyring:all <none> 2021.1.1
2022-10-07 08:54:47 status half-installed debian-archive-keyring:all 2021.1.1
2022-10-07 08:54:47 status unpacked debian-archive-keyring:all 2021.1.1
2022-10-07 08:54:47 install debianutils:amd64 <none> 4.11.2
2022-10-07 08:54:47 status half-installed debianutils:amd64 4.11.2
2022-10-07 08:54:47 status unpacked debianutils:amd64 4.11.2
2022-10-07 08:54:47 install diffutils:amd64 <none> 1:3.7-5
2022-10-07 08:54:47 status half-installed diffutils:amd64 1:3.7-5
2022-10-07 08:54:47 status unpacked diffutils:amd64 1:3.7-5
2022-10-07 08:54:47 upgrade dpkg:amd64 1.20.12 1.20.12
2022-10-07 08:54:47 status half-configured dpkg:amd64 1.20.12
2022-10-07 08:54:47 status unpacked dpkg:amd64 1.20.12
2022-10-07 08:54:47 status half-installed dpkg:amd64 1.20.12
2022-10-07 08:54:48 status unpacked dpkg:amd64 1.20.12
2022-10-07 08:54:48 install e2fsprogs:amd64 <none> 1.46.2-2
2022-10-07 08:54:48 status half-installed e2fsprogs:amd64 1.46.2-2
2022-10-07 08:54:48 status unpacked e2fsprogs:amd64 1.46.2-2
2022-10-07 08:54:48 install libcom-err2:amd64 <none> 1.46.2-2
2022-10-07 08:54:48 status half-installed libcom-err2:amd64 1.46.2-2
2022-10-07 08:54:48 status unpacked libcom-err2:amd64 1.46.2-2
2022-10-07 08:54:48 install libext2fs2:amd64 <none> 1.46.2-2
2022-10-07 08:54:48 status half-installed libext2fs2:amd64 1.46.2-2
2022-10-07 08:54:48 status unpacked libext2fs2:amd64 1.46.2-2
2022-10-07 08:54:48 install libss2:amd64 <none> 1.46.2-2
2022-10-07 08:54:48 status half-installed libss2:amd64 1.46.2-2
2022-10-07 08:54:48 status unpacked libss2:amd64 1.46.2-2
2022-10-07 08:54:48 install logsave:amd64 <none> 1.46.2-2
2022-10-07 08:54:48 status half-installed logsave:amd64 1.46.2-2
2022-10-07 08:54:48 status unpacked logsave:amd64 1.46.2-2
2022-10-07 08:54:48 install findutils:amd64 <none> 4.8.0-1
2022-10-07 08:54:48 status half-installed findutils:amd64 4.8.0-1
2022-10-07 08:54:49 status unpacked findutils:amd64 4.8.0-1
2022-10-07 08:54:49 install gcc-10-base:amd64 <none> 10.2.1-6
2022-10-07 08:54:49 status half-installed gcc-10-base:amd64 10.2.1-6
2022-10-07 08:54:49 status unpacked gcc-10-base:amd64 10.2.1-6
2022-10-07 08:54:49 install libgcc-s1:amd64 <none> 10.2.1-6
2022-10-07 08:54:49 status half-installed libgcc-s1:amd64 10.2.1-6
2022-10-07 08:54:49 status unpacked libgcc-s1:amd64 10.2.1-6
2022-10-07 08:54:49 install libstdc++6:amd64 <none> 10.2.1-6
2022-10-07 08:54:49 status half-installed libstdc++6:amd64 10.2.1-6
2022-10-07 08:54:49 status unpacked libstdc++6:amd64 10.2.1-6
2022-10-07 08:54:49 install gcc-9-base:amd64 <none> 9.3.0-22
2022-10-07 08:54:49 status half-installed gcc-9-base:amd64 9.3.0-22
2022-10-07 08:54:49 status unpacked gcc-9-base:amd64 9.3.0-22
2022-10-07 08:54:49 install libc-bin:amd64 <none> 2.31-13+deb11u4
2022-10-07 08:54:49 status half-installed libc-bin:amd64 2.31-13+deb11u4
2022-10-07 08:54:49 status unpacked libc-bin:amd64 2.31-13+deb11u4
2022-10-07 08:54:49 upgrade libc6:amd64 2.31-13+deb11u4 2.31-13+deb11u4
2022-10-07 08:54:49 status half-configured libc6:amd64 2.31-13+deb11u4
2022-10-07 08:54:49 status unpacked libc6:amd64 2.31-13+deb11u4
2022-10-07 08:54:49 status half-installed libc6:amd64 2.31-13+deb11u4
2022-10-07 08:54:50 status unpacked libc6:amd64 2.31-13+deb11u4
2022-10-07 08:54:50 install libgmp10:amd64 <none> 2:6.2.1+dfsg-1+deb11u1
2022-10-07 08:54:50 status half-installed libgmp10:amd64 2:6.2.1+dfsg-1+deb11u1
2022-10-07 08:54:51 status unpacked libgmp10:amd64 2:6.2.1+dfsg-1+deb11u1
2022-10-07 08:54:51 install gpgv:amd64 <none> 2.2.27-2+deb11u2
2022-10-07 08:54:51 status half-installed gpgv:amd64 2.2.27-2+deb11u2
2022-10-07 08:54:51 status unpacked gpgv:amd64 2.2.27-2+deb11u2
2022-10-07 08:54:51 install libgnutls30:amd64 <none> 3.7.1-5+deb11u2
2022-10-07 08:54:51 status half-installed libgnutls30:amd64 3.7.1-5+deb11u2
2022-10-07 08:54:51 status unpacked libgnutls30:amd64 3.7.1-5+deb11u2
2022-10-07 08:54:51 install grep:amd64 <none> 3.6-1
2022-10-07 08:54:51 status half-installed grep:amd64 3.6-1
2022-10-07 08:54:51 status unpacked grep:amd64 3.6-1
2022-10-07 08:54:51 install gzip:amd64 <none> 1.10-4+deb11u1
2022-10-07 08:54:51 status half-installed gzip:amd64 1.10-4+deb11u1
2022-10-07 08:54:51 status unpacked gzip:amd64 1.10-4+deb11u1
2022-10-07 08:54:51 install hostname:amd64 <none> 3.23
2022-10-07 08:54:51 status half-installed hostname:amd64 3.23
2022-10-07 08:54:51 status unpacked hostname:amd64 3.23
2022-10-07 08:54:51 install init-system-helpers:all <none> 1.60
2022-10-07 08:54:51 status half-installed init-system-helpers:all 1.60
2022-10-07 08:54:51 status unpacked init-system-helpers:all 1.60
2022-10-07 08:54:51 install libkeyutils1:amd64 <none> 1.6.1-2
2022-10-07 08:54:51 status half-installed libkeyutils1:amd64 1.6.1-2
2022-10-07 08:54:51 status unpacked libkeyutils1:amd64 1.6.1-2
2022-10-07 08:54:52 install libgssapi-krb5-2:amd64 <none> 1.18.3-6+deb11u2
2022-10-07 08:54:52 status half-installed libgssapi-krb5-2:amd64 1.18.3-6+deb11u2
2022-10-07 08:54:52 status unpacked libgssapi-krb5-2:amd64 1.18.3-6+deb11u2
2022-10-07 08:54:52 install libk5crypto3:amd64 <none> 1.18.3-6+deb11u2
2022-10-07 08:54:52 status half-installed libk5crypto3:amd64 1.18.3-6+deb11u2
2022-10-07 08:54:52 status unpacked libk5crypto3:amd64 1.18.3-6+deb11u2
2022-10-07 08:54:52 install libkrb5-3:amd64 <none> 1.18.3-6+deb11u2
2022-10-07 08:54:52 status half-installed libkrb5-3:amd64 1.18.3-6+deb11u2
2022-10-07 08:54:52 status unpacked libkrb5-3:amd64 1.18.3-6+deb11u2
2022-10-07 08:54:52 install libkrb5support0:amd64 <none> 1.18.3-6+deb11u2
2022-10-07 08:54:52 status half-installed libkrb5support0:amd64 1.18.3-6+deb11u2
2022-10-07 08:54:52 status unpacked libkrb5support0:amd64 1.18.3-6+deb11u2
2022-10-07 08:54:52 install libcap-ng0:amd64 <none> 0.7.9-2.2+b1
2022-10-07 08:54:52 status half-installed libcap-ng0:amd64 0.7.9-2.2+b1
2022-10-07 08:54:52 status unpacked libcap-ng0:amd64 0.7.9-2.2+b1
2022-10-07 08:54:52 install libffi7:amd64 <none> 3.3-6
2022-10-07 08:54:52 status half-installed libffi7:amd64 3.3-6
2022-10-07 08:54:52 status unpacked libffi7:amd64 3.3-6
2022-10-07 08:54:52 install libgcrypt20:amd64 <none> 1.8.7-6
2022-10-07 08:54:52 status half-installed libgcrypt20:amd64 1.8.7-6
2022-10-07 08:54:52 status unpacked libgcrypt20:amd64 1.8.7-6
2022-10-07 08:54:52 install libgpg-error0:amd64 <none> 1.38-2
2022-10-07 08:54:52 status half-installed libgpg-error0:amd64 1.38-2
2022-10-07 08:54:52 status unpacked libgpg-error0:amd64 1.38-2
2022-10-07 08:54:52 install libidn2-0:amd64 <none> 2.3.0-5
2022-10-07 08:54:52 status half-installed libidn2-0:amd64 2.3.0-5
2022-10-07 08:54:52 status unpacked libidn2-0:amd64 2.3.0-5
2022-10-07 08:54:52 install libnsl2:amd64 <none> 1.3.0-2
2022-10-07 08:54:52 status half-installed libnsl2:amd64 1.3.0-2
2022-10-07 08:54:53 status unpacked libnsl2:amd64 1.3.0-2
2022-10-07 08:54:53 install libseccomp2:amd64 <none> 2.5.1-1+deb11u1
2022-10-07 08:54:53 status half-installed libseccomp2:amd64 2.5.1-1+deb11u1
2022-10-07 08:54:53 status unpacked libseccomp2:amd64 2.5.1-1+deb11u1
2022-10-07 08:54:53 install libselinux1:amd64 <none> 3.1-3
2022-10-07 08:54:53 status half-installed libselinux1:amd64 3.1-3
2022-10-07 08:54:53 status unpacked libselinux1:amd64 3.1-3
2022-10-07 08:54:53 install libsemanage-common:all <none> 3.1-1
2022-10-07 08:54:53 status half-installed libsemanage-common:all 3.1-1
2022-10-07 08:54:53 status unpacked libsemanage-common:all 3.1-1
2022-10-07 08:54:53 install libsemanage1:amd64 <none> 3.1-1+b2
2022-10-07 08:54:53 status half-installed libsemanage1:amd64 3.1-1+b2
2022-10-07 08:54:53 status unpacked libsemanage1:amd64 3.1-1+b2
2022-10-07 08:54:53 install libsepol1:amd64 <none> 3.1-1
2022-10-07 08:54:53 status half-installed libsepol1:amd64 3.1-1
2022-10-07 08:54:53 status unpacked libsepol1:amd64 3.1-1
2022-10-07 08:54:53 install libtasn1-6:amd64 <none> 4.16.0-2
2022-10-07 08:54:53 status half-installed libtasn1-6:amd64 4.16.0-2
2022-10-07 08:54:53 status unpacked libtasn1-6:amd64 4.16.0-2
2022-10-07 08:54:53 install libtirpc-common:all <none> 1.3.1-1+deb11u1
2022-10-07 08:54:53 status half-installed libtirpc-common:all 1.3.1-1+deb11u1
2022-10-07 08:54:53 status unpacked libtirpc-common:all 1.3.1-1+deb11u1
2022-10-07 08:54:53 install libtirpc3:amd64 <none> 1.3.1-1+deb11u1
2022-10-07 08:54:53 status half-installed libtirpc3:amd64 1.3.1-1+deb11u1
2022-10-07 08:54:53 status unpacked libtirpc3:amd64 1.3.1-1+deb11u1
2022-10-07 08:54:53 install libunistring2:amd64 <none> 0.9.10-4
2022-10-07 08:54:53 status half-installed libunistring2:amd64 0.9.10-4
2022-10-07 08:54:53 status unpacked libunistring2:amd64 0.9.10-4
2022-10-07 08:54:53 install libcrypt1:amd64 <none> 1:4.4.18-4
2022-10-07 08:54:53 status half-installed libcrypt1:amd64 1:4.4.18-4
2022-10-07 08:54:53 status unpacked libcrypt1:amd64 1:4.4.18-4
2022-10-07 08:54:53 install libzstd1:amd64 <none> 1.4.8+dfsg-2.1
2022-10-07 08:54:53 status half-installed libzstd1:amd64 1.4.8+dfsg-2.1
2022-10-07 08:54:54 status unpacked libzstd1:amd64 1.4.8+dfsg-2.1
2022-10-07 08:54:54 install lsb-base:all <none> 11.1.0
2022-10-07 08:54:54 status half-installed lsb-base:all 11.1.0
2022-10-07 08:54:54 status unpacked lsb-base:all 11.1.0
2022-10-07 08:54:54 install liblz4-1:amd64 <none> 1.9.3-2
2022-10-07 08:54:54 status half-installed liblz4-1:amd64 1.9.3-2
2022-10-07 08:54:54 status unpacked liblz4-1:amd64 1.9.3-2
2022-10-07 08:54:54 upgrade mawk:amd64 1.3.4.20200120-2 1.3.4.20200120-2
2022-10-07 08:54:54 status half-configured mawk:amd64 1.3.4.20200120-2
2022-10-07 08:54:54 status unpacked mawk:amd64 1.3.4.20200120-2
2022-10-07 08:54:54 status half-installed mawk:amd64 1.3.4.20200120-2
2022-10-07 08:54:54 status unpacked mawk:amd64 1.3.4.20200120-2
2022-10-07 08:54:54 install libtinfo6:amd64 <none> 6.2+20201114-2
2022-10-07 08:54:54 status half-installed libtinfo6:amd64 6.2+20201114-2
2022-10-07 08:54:54 status unpacked libtinfo6:amd64 6.2+20201114-2
2022-10-07 08:54:54 install ncurses-base:all <none> 6.2+20201114-2
2022-10-07 08:54:54 status half-installed ncurses-base:all 6.2+20201114-2
2022-10-07 08:54:54 status unpacked ncurses-base:all 6.2+20201114-2
2022-10-07 08:54:54 install ncurses-bin:amd64 <none> 6.2+20201114-2
2022-10-07 08:54:54 status half-installed ncurses-bin:amd64 6.2+20201114-2
2022-10-07 08:54:54 status unpacked ncurses-bin:amd64 6.2+20201114-2
2022-10-07 08:54:54 install libhogweed6:amd64 <none> 3.7.3-1
2022-10-07 08:54:54 status half-installed libhogweed6:amd64 3.7.3-1
2022-10-07 08:54:54 status unpacked libhogweed6:amd64 3.7.3-1
2022-10-07 08:54:54 install libnettle8:amd64 <none> 3.7.3-1
2022-10-07 08:54:54 status half-installed libnettle8:amd64 3.7.3-1
2022-10-07 08:54:54 status unpacked libnettle8:amd64 3.7.3-1
2022-10-07 08:54:54 install libssl1.1:amd64 <none> 1.1.1n-0+deb11u3
2022-10-07 08:54:54 status half-installed libssl1.1:amd64 1.1.1n-0+deb11u3
2022-10-07 08:54:55 status unpacked libssl1.1:amd64 1.1.1n-0+deb11u3
2022-10-07 08:54:55 install libp11-kit0:amd64 <none> 0.23.22-1
2022-10-07 08:54:55 status half-installed libp11-kit0:amd64 0.23.22-1
2022-10-07 08:54:55 status unpacked libp11-kit0:amd64 0.23.22-1
2022-10-07 08:54:55 install libpam-modules:amd64 <none> 1.4.0-9+deb11u1
2022-10-07 08:54:55 status half-installed libpam-modules:amd64 1.4.0-9+deb11u1
2022-10-07 08:54:55 status unpacked libpam-modules:amd64 1.4.0-9+deb11u1
2022-10-07 08:54:55 install libpam-modules-bin:amd64 <none> 1.4.0-9+deb11u1
2022-10-07 08:54:55 status half-installed libpam-modules-bin:amd64 1.4.0-9+deb11u1
2022-10-07 08:54:55 status unpacked libpam-modules-bin:amd64 1.4.0-9+deb11u1
2022-10-07 08:54:55 install libpam-runtime:all <none> 1.4.0-9+deb11u1
2022-10-07 08:54:55 status half-installed libpam-runtime:all 1.4.0-9+deb11u1
2022-10-07 08:54:55 status unpacked libpam-runtime:all 1.4.0-9+deb11u1
2022-10-07 08:54:56 install libpam0g:amd64 <none> 1.4.0-9+deb11u1
2022-10-07 08:54:56 status half-installed libpam0g:amd64 1.4.0-9+deb11u1
2022-10-07 08:54:56 status unpacked libpam0g:amd64 1.4.0-9+deb11u1
2022-10-07 08:54:56 install libpcre2-8-0:amd64 <none> 10.36-2+deb11u1
2022-10-07 08:54:56 status half-installed libpcre2-8-0:amd64 10.36-2+deb11u1
2022-10-07 08:54:56 status unpacked libpcre2-8-0:amd64 10.36-2+deb11u1
2022-10-07 08:54:56 install libpcre3:amd64 <none> 2:8.39-13
2022-10-07 08:54:56 status half-installed libpcre3:amd64 2:8.39-13
2022-10-07 08:54:56 status unpacked libpcre3:amd64 2:8.39-13
2022-10-07 08:54:56 upgrade perl-base:amd64 5.32.1-4+deb11u2 5.32.1-4+deb11u2
2022-10-07 08:54:56 status half-configured perl-base:amd64 5.32.1-4+deb11u2
2022-10-07 08:54:56 status unpacked perl-base:amd64 5.32.1-4+deb11u2
2022-10-07 08:54:56 status half-installed perl-base:amd64 5.32.1-4+deb11u2
2022-10-07 08:54:57 status unpacked perl-base:amd64 5.32.1-4+deb11u2
2022-10-07 08:54:57 install sed:amd64 <none> 4.7-1
2022-10-07 08:54:57 status half-installed sed:amd64 4.7-1
2022-10-07 08:54:57 status unpacked sed:amd64 4.7-1
2022-10-07 08:54:57 install login:amd64 <none> 1:4.8.1-1
2022-10-07 08:54:57 status half-installed login:amd64 1:4.8.1-1
2022-10-07 08:54:57 status unpacked login:amd64 1:4.8.1-1
2022-10-07 08:54:57 install passwd:amd64 <none> 1:4.8.1-1
2022-10-07 08:54:57 status half-installed passwd:amd64 1:4.8.1-1
2022-10-07 08:54:58 status unpacked passwd:amd64 1:4.8.1-1
2022-10-07 08:54:58 install libsystemd0:amd64 <none> 247.3-7+deb11u1
2022-10-07 08:54:58 status half-installed libsystemd0:amd64 247.3-7+deb11u1
2022-10-07 08:54:58 status unpacked libsystemd0:amd64 247.3-7+deb11u1
2022-10-07 08:54:58 install libudev1:amd64 <none> 247.3-7+deb11u1
2022-10-07 08:54:58 status half-installed libudev1:amd64 247.3-7+deb11u1
2022-10-07 08:54:58 status unpacked libudev1:amd64 247.3-7+deb11u1
2022-10-07 08:54:58 install sysvinit-utils:amd64 <none> 2.96-7+deb11u1
2022-10-07 08:54:58 status half-installed sysvinit-utils:amd64 2.96-7+deb11u1
2022-10-07 08:54:58 status unpacked sysvinit-utils:amd64 2.96-7+deb11u1
2022-10-07 08:54:58 install tar:amd64 <none> 1.34+dfsg-1
2022-10-07 08:54:58 status half-installed tar:amd64 1.34+dfsg-1
2022-10-07 08:54:58 status unpacked tar:amd64 1.34+dfsg-1
2022-10-07 08:54:58 install tzdata:all <none> 2021a-1+deb11u5
2022-10-07 08:54:58 status half-installed tzdata:all 2021a-1+deb11u5
2022-10-07 08:54:59 status unpacked tzdata:all 2021a-1+deb11u5
2022-10-07 08:54:59 install bsdutils:amd64 <none> 1:2.36.1-8+deb11u1
2022-10-07 08:54:59 status half-installed bsdutils:amd64 1:2.36.1-8+deb11u1
2022-10-07 08:55:00 status unpacked bsdutils:amd64 1:2.36.1-8+deb11u1
2022-10-07 08:55:00 install libblkid1:amd64 <none> 2.36.1-8+deb11u1
2022-10-07 08:55:00 status half-installed libblkid1:amd64 2.36.1-8+deb11u1
2022-10-07 08:55:00 status unpacked libblkid1:amd64 2.36.1-8+deb11u1
2022-10-07 08:55:00 install libmount1:amd64 <none> 2.36.1-8+deb11u1
2022-10-07 08:55:00 status half-installed libmount1:amd64 2.36.1-8+deb11u1
2022-10-07 08:55:00 status unpacked libmount1:amd64 2.36.1-8+deb11u1
2022-10-07 08:55:00 install libsmartcols1:amd64 <none> 2.36.1-8+deb11u1
2022-10-07 08:55:00 status half-installed libsmartcols1:amd64 2.36.1-8+deb11u1
2022-10-07 08:55:00 status unpacked libsmartcols1:amd64 2.36.1-8+deb11u1
2022-10-07 08:55:00 install libuuid1:amd64 <none> 2.36.1-8+deb11u1
2022-10-07 08:55:00 status half-installed libuuid1:amd64 2.36.1-8+deb11u1
2022-10-07 08:55:00 status unpacked libuuid1:amd64 2.36.1-8+deb11u1
2022-10-07 08:55:00 install mount:amd64 <none> 2.36.1-8+deb11u1
2022-10-07 08:55:00 status half-installed mount:amd64 2.36.1-8+deb11u1
2022-10-07 08:55:00 status unpacked mount:amd64 2.36.1-8+deb11u1
2022-10-07 08:55:00 install util-linux:amd64 <none> 2.36.1-8+deb11u1
2022-10-07 08:55:00 status half-installed util-linux:amd64 2.36.1-8+deb11u1
2022-10-07 08:55:01 status unpacked util-linux:amd64 2.36.1-8+deb11u1
2022-10-07 08:55:01 install libxxhash0:amd64 <none> 0.8.0-2
2022-10-07 08:55:01 status half-installed libxxhash0:amd64 0.8.0-2
2022-10-07 08:55:01 status unpacked libxxhash0:amd64 0.8.0-2
2022-10-07 08:55:01 install liblzma5:amd64 <none> 5.2.5-2.1~deb11u1
2022-10-07 08:55:01 status half-installed liblzma5:amd64 5.2.5-2.1~deb11u1
2022-10-07 08:55:01 status unpacked liblzma5:amd64 5.2.5-2.1~deb11u1
2022-10-07 08:55:01 install zlib1g:amd64 <none> 1:1.2.11.dfsg-2+deb11u2
2022-10-07 08:55:01 status half-installed zlib1g:amd64 1:1.2.11.dfsg-2+deb11u2
2022-10-07 08:55:01 status unpacked zlib1g:amd64 1:1.2.11.dfsg-2+deb11u2
2022-10-07 08:55:01 startup packages configure
2022-10-07 08:55:01 configure lsb-base:all 11.1.0 <none>
2022-10-07 08:55:01 status unpacked lsb-base:all 11.1.0
2022-10-07 08:55:01 status half-configured lsb-base:all 11.1.0
2022-10-07 08:55:01 status installed lsb-base:all 11.1.0
2022-10-07 08:55:01 configure libtirpc-common:all 1.3.1-1+deb11u1 <none>
2022-10-07 08:55:01 status unpacked libtirpc-common:all 1.3.1-1+deb11u1
2022-10-07 08:55:01 status half-configured libtirpc-common:all 1.3.1-1+deb11u1
2022-10-07 08:55:01 status installed libtirpc-common:all 1.3.1-1+deb11u1
2022-10-07 08:55:01 configure debian-archive-keyring:all 2021.1.1 <none>
2022-10-07 08:55:01 status unpacked debian-archive-keyring:all 2021.1.1
2022-10-07 08:55:01 status half-configured debian-archive-keyring:all 2021.1.1
2022-10-07 08:55:01 status installed debian-archive-keyring:all 2021.1.1
2022-10-07 08:55:01 configure libaudit-common:all 1:3.0-2 <none>
2022-10-07 08:55:01 status unpacked libaudit-common:all 1:3.0-2
2022-10-07 08:55:01 status half-configured libaudit-common:all 1:3.0-2
2022-10-07 08:55:01 status installed libaudit-common:all 1:3.0-2
2022-10-07 08:55:01 configure libsemanage-common:all 3.1-1 <none>
2022-10-07 08:55:01 status unpacked libsemanage-common:all 3.1-1
2022-10-07 08:55:01 status half-configured libsemanage-common:all 3.1-1
2022-10-07 08:55:01 status installed libsemanage-common:all 3.1-1
2022-10-07 08:55:01 configure gcc-10-base:amd64 10.2.1-6 <none>
2022-10-07 08:55:01 status unpacked gcc-10-base:amd64 10.2.1-6
2022-10-07 08:55:01 status half-configured gcc-10-base:amd64 10.2.1-6
2022-10-07 08:55:01 status installed gcc-10-base:amd64 10.2.1-6
2022-10-07 08:55:01 configure ncurses-base:all 6.2+20201114-2 <none>
2022-10-07 08:55:01 status unpacked ncurses-base:all 6.2+20201114-2
2022-10-07 08:55:01 status half-configured ncurses-base:all 6.2+20201114-2
2022-10-07 08:55:01 status installed ncurses-base:all 6.2+20201114-2
2022-10-07 08:55:01 configure gcc-9-base:amd64 9.3.0-22 <none>
2022-10-07 08:55:01 status unpacked gcc-9-base:amd64 9.3.0-22
2022-10-07 08:55:01 status half-configured gcc-9-base:amd64 9.3.0-22
2022-10-07 08:55:01 status installed gcc-9-base:amd64 9.3.0-22
2022-10-07 08:55:01 configure libcrypt1:amd64 1:4.4.18-4 <none>
2022-10-07 08:55:01 status unpacked libcrypt1:amd64 1:4.4.18-4
2022-10-07 08:55:01 status half-configured libcrypt1:amd64 1:4.4.18-4
2022-10-07 08:55:01 status installed libcrypt1:amd64 1:4.4.18-4
2022-10-07 08:55:01 configure libgcc-s1:amd64 10.2.1-6 <none>
2022-10-07 08:55:01 status unpacked libgcc-s1:amd64 10.2.1-6
2022-10-07 08:55:01 status half-configured libgcc-s1:amd64 10.2.1-6
2022-10-07 08:55:01 status installed libgcc-s1:amd64 10.2.1-6
2022-10-07 08:55:01 configure libc6:amd64 2.31-13+deb11u4 <none>
2022-10-07 08:55:01 status unpacked libc6:amd64 2.31-13+deb11u4
2022-10-07 08:55:01 status half-configured libc6:amd64 2.31-13+deb11u4
2022-10-07 08:55:02 status installed libc6:amd64 2.31-13+deb11u4
2022-10-07 08:55:02 configure libudev1:amd64 247.3-7+deb11u1 <none>
2022-10-07 08:55:02 status unpacked libudev1:amd64 247.3-7+deb11u1
2022-10-07 08:55:02 status half-configured libudev1:amd64 247.3-7+deb11u1
2022-10-07 08:55:02 status installed libudev1:amd64 247.3-7+deb11u1
2022-10-07 08:55:02 configure libsepol1:amd64 3.1-1 <none>
2022-10-07 08:55:02 status unpacked libsepol1:amd64 3.1-1
2022-10-07 08:55:02 status half-configured libsepol1:amd64 3.1-1
2022-10-07 08:55:02 status installed libsepol1:amd64 3.1-1
2022-10-07 08:55:02 configure libxxhash0:amd64 0.8.0-2 <none>
2022-10-07 08:55:02 status unpacked libxxhash0:amd64 0.8.0-2
2022-10-07 08:55:02 status half-configured libxxhash0:amd64 0.8.0-2
2022-10-07 08:55:02 status installed libxxhash0:amd64 0.8.0-2
2022-10-07 08:55:02 configure libattr1:amd64 1:2.4.48-6 <none>
2022-10-07 08:55:02 status unpacked libattr1:amd64 1:2.4.48-6
2022-10-07 08:55:02 status half-configured libattr1:amd64 1:2.4.48-6
2022-10-07 08:55:02 status installed libattr1:amd64 1:2.4.48-6
2022-10-07 08:55:02 configure sysvinit-utils:amd64 2.96-7+deb11u1 <none>
2022-10-07 08:55:02 status unpacked sysvinit-utils:amd64 2.96-7+deb11u1
2022-10-07 08:55:02 status half-configured sysvinit-utils:amd64 2.96-7+deb11u1
2022-10-07 08:55:02 status installed sysvinit-utils:amd64 2.96-7+deb11u1
2022-10-07 08:55:02 configure libtasn1-6:amd64 4.16.0-2 <none>
2022-10-07 08:55:02 status unpacked libtasn1-6:amd64 4.16.0-2
2022-10-07 08:55:02 status half-configured libtasn1-6:amd64 4.16.0-2
2022-10-07 08:55:02 status installed libtasn1-6:amd64 4.16.0-2
2022-10-07 08:55:02 configure debianutils:amd64 4.11.2 <none>
2022-10-07 08:55:02 status unpacked debianutils:amd64 4.11.2
2022-10-07 08:55:02 status half-configured debianutils:amd64 4.11.2
2022-10-07 08:55:02 status installed debianutils:amd64 4.11.2
2022-10-07 08:55:02 configure mawk:amd64 1.3.4.20200120-2 <none>
2022-10-07 08:55:02 status unpacked mawk:amd64 1.3.4.20200120-2
2022-10-07 08:55:02 status half-configured mawk:amd64 1.3.4.20200120-2
2022-10-07 08:55:02 status installed mawk:amd64 1.3.4.20200120-2
2022-10-07 08:55:02 configure libdebconfclient0:amd64 0.260 <none>
2022-10-07 08:55:02 status unpacked libdebconfclient0:amd64 0.260
2022-10-07 08:55:02 status half-configured libdebconfclient0:amd64 0.260
2022-10-07 08:55:02 status installed libdebconfclient0:amd64 0.260
2022-10-07 08:55:02 configure base-files:amd64 11.1+deb11u5 <none>
2022-10-07 08:55:02 status unpacked base-files:amd64 11.1+deb11u5
2022-10-07 08:55:02 status half-configured base-files:amd64 11.1+deb11u5
2022-10-07 08:55:02 status installed base-files:amd64 11.1+deb11u5
2022-10-07 08:55:02 configure libbz2-1.0:amd64 1.0.8-4 <none>
2022-10-07 08:55:02 status unpacked libbz2-1.0:amd64 1.0.8-4
2022-10-07 08:55:02 status half-configured libbz2-1.0:amd64 1.0.8-4
2022-10-07 08:55:02 status installed libbz2-1.0:amd64 1.0.8-4
2022-10-07 08:55:02 configure base-passwd:amd64 3.5.51 <none>
2022-10-07 08:55:02 status unpacked base-passwd:amd64 3.5.51
2022-10-07 08:55:02 status half-configured base-passwd:amd64 3.5.51
2022-10-07 08:55:02 status installed base-passwd:amd64 3.5.51
2022-10-07 08:55:02 configure libdb5.3:amd64 5.3.28+dfsg1-0.8 <none>
2022-10-07 08:55:02 status unpacked libdb5.3:amd64 5.3.28+dfsg1-0.8
2022-10-07 08:55:02 status half-configured libdb5.3:amd64 5.3.28+dfsg1-0.8
2022-10-07 08:55:02 status installed libdb5.3:amd64 5.3.28+dfsg1-0.8
2022-10-07 08:55:02 configure libblkid1:amd64 2.36.1-8+deb11u1 <none>
2022-10-07 08:55:02 status unpacked libblkid1:amd64 2.36.1-8+deb11u1
2022-10-07 08:55:02 status half-configured libblkid1:amd64 2.36.1-8+deb11u1
2022-10-07 08:55:02 status installed libblkid1:amd64 2.36.1-8+deb11u1
2022-10-07 08:55:02 configure libstdc++6:amd64 10.2.1-6 <none>
2022-10-07 08:55:02 status unpacked libstdc++6:amd64 10.2.1-6
2022-10-07 08:55:02 status half-configured libstdc++6:amd64 10.2.1-6
2022-10-07 08:55:02 status installed libstdc++6:amd64 10.2.1-6
2022-10-07 08:55:02 configure libtinfo6:amd64 6.2+20201114-2 <none>
2022-10-07 08:55:02 status unpacked libtinfo6:amd64 6.2+20201114-2
2022-10-07 08:55:02 status half-configured libtinfo6:amd64 6.2+20201114-2
2022-10-07 08:55:02 status installed libtinfo6:amd64 6.2+20201114-2
2022-10-07 08:55:02 configure bash:amd64 5.1-2+deb11u1 <none>
2022-10-07 08:55:02 status unpacked bash:amd64 5.1-2+deb11u1
2022-10-07 08:55:02 status half-configured bash:amd64 5.1-2+deb11u1
2022-10-07 08:55:02 status installed bash:amd64 5.1-2+deb11u1
2022-10-07 08:55:02 configure libzstd1:amd64 1.4.8+dfsg-2.1 <none>
2022-10-07 08:55:02 status unpacked libzstd1:amd64 1.4.8+dfsg-2.1
2022-10-07 08:55:02 status half-configured libzstd1:amd64 1.4.8+dfsg-2.1
2022-10-07 08:55:02 status installed libzstd1:amd64 1.4.8+dfsg-2.1
2022-10-07 08:55:02 configure libkeyutils1:amd64 1.6.1-2 <none>
2022-10-07 08:55:02 status unpacked libkeyutils1:amd64 1.6.1-2
2022-10-07 08:55:02 status half-configured libkeyutils1:amd64 1.6.1-2
2022-10-07 08:55:02 status installed libkeyutils1:amd64 1.6.1-2
2022-10-07 08:55:02 configure liblzma5:amd64 5.2.5-2.1~deb11u1 <none>
2022-10-07 08:55:02 status unpacked liblzma5:amd64 5.2.5-2.1~deb11u1
2022-10-07 08:55:02 status half-configured liblzma5:amd64 5.2.5-2.1~deb11u1
2022-10-07 08:55:02 status installed liblzma5:amd64 5.2.5-2.1~deb11u1
2022-10-07 08:55:02 configure libgpg-error0:amd64 1.38-2 <none>
2022-10-07 08:55:02 status unpacked libgpg-error0:amd64 1.38-2
2022-10-07 08:55:02 status half-configured libgpg-error0:amd64 1.38-2
2022-10-07 08:55:02 status installed libgpg-error0:amd64 1.38-2
2022-10-07 08:55:02 configure liblz4-1:amd64 1.9.3-2 <none>
2022-10-07 08:55:02 status unpacked liblz4-1:amd64 1.9.3-2
2022-10-07 08:55:02 status half-configured liblz4-1:amd64 1.9.3-2
2022-10-07 08:55:02 status installed liblz4-1:amd64 1.9.3-2
2022-10-07 08:55:02 configure libc-bin:amd64 2.31-13+deb11u4 <none>
2022-10-07 08:55:02 status unpacked libc-bin:amd64 2.31-13+deb11u4
2022-10-07 08:55:02 status half-configured libc-bin:amd64 2.31-13+deb11u4
2022-10-07 08:55:02 status installed libc-bin:amd64 2.31-13+deb11u4
2022-10-07 08:55:02 configure ncurses-bin:amd64 6.2+20201114-2 <none>
2022-10-07 08:55:02 status unpacked ncurses-bin:amd64 6.2+20201114-2
2022-10-07 08:55:02 status half-configured ncurses-bin:amd64 6.2+20201114-2
2022-10-07 08:55:02 status installed ncurses-bin:amd64 6.2+20201114-2
2022-10-07 08:55:02 configure libffi7:amd64 3.3-6 <none>
2022-10-07 08:55:02 status triggers-pending libc-bin:amd64 2.31-13+deb11u4
2022-10-07 08:55:02 status unpacked libffi7:amd64 3.3-6
2022-10-07 08:55:02 status half-configured libffi7:amd64 3.3-6
2022-10-07 08:55:02 status installed libffi7:amd64 3.3-6
2022-10-07 08:55:02 configure libacl1:amd64 2.2.53-10 <none>
2022-10-07 08:55:02 status unpacked libacl1:amd64 2.2.53-10
2022-10-07 08:55:02 status half-configured libacl1:amd64 2.2.53-10
2022-10-07 08:55:02 status installed libacl1:amd64 2.2.53-10
2022-10-07 08:55:02 configure libunistring2:amd64 0.9.10-4 <none>
2022-10-07 08:55:02 status unpacked libunistring2:amd64 0.9.10-4
2022-10-07 08:55:02 status half-configured libunistring2:amd64 0.9.10-4
2022-10-07 08:55:02 status installed libunistring2:amd64 0.9.10-4
2022-10-07 08:55:02 configure libsmartcols1:amd64 2.36.1-8+deb11u1 <none>
2022-10-07 08:55:02 status unpacked libsmartcols1:amd64 2.36.1-8+deb11u1
2022-10-07 08:55:02 status half-configured libsmartcols1:amd64 2.36.1-8+deb11u1
2022-10-07 08:55:02 status installed libsmartcols1:amd64 2.36.1-8+deb11u1
2022-10-07 08:55:02 configure libgcrypt20:amd64 1.8.7-6 <none>
2022-10-07 08:55:02 status unpacked libgcrypt20:amd64 1.8.7-6
2022-10-07 08:55:02 status half-configured libgcrypt20:amd64 1.8.7-6
2022-10-07 08:55:02 status installed libgcrypt20:amd64 1.8.7-6
2022-10-07 08:55:02 configure zlib1g:amd64 1:1.2.11.dfsg-2+deb11u2 <none>
2022-10-07 08:55:02 status unpacked zlib1g:amd64 1:1.2.11.dfsg-2+deb11u2
2022-10-07 08:55:02 status half-configured zlib1g:amd64 1:1.2.11.dfsg-2+deb11u2
2022-10-07 08:55:02 status installed zlib1g:amd64 1:1.2.11.dfsg-2+deb11u2
2022-10-07 08:55:02 configure libidn2-0:amd64 2.3.0-5 <none>
2022-10-07 08:55:02 status unpacked libidn2-0:amd64 2.3.0-5
2022-10-07 08:55:02 status half-configured libidn2-0:amd64 2.3.0-5
2022-10-07 08:55:02 status installed libidn2-0:amd64 2.3.0-5
2022-10-07 08:55:02 configure libcom-err2:amd64 1.46.2-2 <none>
2022-10-07 08:55:02 status unpacked libcom-err2:amd64 1.46.2-2
2022-10-07 08:55:02 status half-configured libcom-err2:amd64 1.46.2-2
2022-10-07 08:55:02 status installed libcom-err2:amd64 1.46.2-2
2022-10-07 08:55:02 configure diffutils:amd64 1:3.7-5 <none>
2022-10-07 08:55:02 status unpacked diffutils:amd64 1:3.7-5
2022-10-07 08:55:02 status half-configured diffutils:amd64 1:3.7-5
2022-10-07 08:55:02 status installed diffutils:amd64 1:3.7-5
2022-10-07 08:55:02 configure libseccomp2:amd64 2.5.1-1+deb11u1 <none>
2022-10-07 08:55:02 status unpacked libseccomp2:amd64 2.5.1-1+deb11u1
2022-10-07 08:55:02 status half-configured libseccomp2:amd64 2.5.1-1+deb11u1
2022-10-07 08:55:02 status installed libseccomp2:amd64 2.5.1-1+deb11u1
2022-10-07 08:55:02 configure libsystemd0:amd64 247.3-7+deb11u1 <none>
2022-10-07 08:55:02 status unpacked libsystemd0:amd64 247.3-7+deb11u1
2022-10-07 08:55:02 status half-configured libsystemd0:amd64 247.3-7+deb11u1
2022-10-07 08:55:02 status installed libsystemd0:amd64 247.3-7+deb11u1
2022-10-07 08:55:02 configure libkrb5support0:amd64 1.18.3-6+deb11u2 <none>
2022-10-07 08:55:02 status unpacked libkrb5support0:amd64 1.18.3-6+deb11u2
2022-10-07 08:55:02 status half-configured libkrb5support0:amd64 1.18.3-6+deb11u2
2022-10-07 08:55:02 status installed libkrb5support0:amd64 1.18.3-6+deb11u2
2022-10-07 08:55:02 configure hostname:amd64 3.23 <none>
2022-10-07 08:55:02 status unpacked hostname:amd64 3.23
2022-10-07 08:55:02 status half-configured hostname:amd64 3.23
2022-10-07 08:55:02 status installed hostname:amd64 3.23
2022-10-07 08:55:02 configure libpcre3:amd64 2:8.39-13 <none>
2022-10-07 08:55:02 status unpacked libpcre3:amd64 2:8.39-13
2022-10-07 08:55:02 status half-configured libpcre3:amd64 2:8.39-13
2022-10-07 08:55:02 status installed libpcre3:amd64 2:8.39-13
2022-10-07 08:55:02 configure libcap-ng0:amd64 0.7.9-2.2+b1 <none>
2022-10-07 08:55:02 status unpacked libcap-ng0:amd64 0.7.9-2.2+b1
2022-10-07 08:55:03 status half-configured libcap-ng0:amd64 0.7.9-2.2+b1
2022-10-07 08:55:03 status installed libcap-ng0:amd64 0.7.9-2.2+b1
2022-10-07 08:55:03 configure libext2fs2:amd64 1.46.2-2 <none>
2022-10-07 08:55:03 status unpacked libext2fs2:amd64 1.46.2-2
2022-10-07 08:55:03 status half-configured libext2fs2:amd64 1.46.2-2
2022-10-07 08:55:03 status installed libext2fs2:amd64 1.46.2-2
2022-10-07 08:55:03 configure libnettle8:amd64 3.7.3-1 <none>
2022-10-07 08:55:03 status unpacked libnettle8:amd64 3.7.3-1
2022-10-07 08:55:03 status half-configured libnettle8:amd64 3.7.3-1
2022-10-07 08:55:03 status installed libnettle8:amd64 3.7.3-1
2022-10-07 08:55:03 configure libapt-pkg6.0:amd64 2.2.4 <none>
2022-10-07 08:55:03 status unpacked libapt-pkg6.0:amd64 2.2.4
2022-10-07 08:55:03 status half-configured libapt-pkg6.0:amd64 2.2.4
2022-10-07 08:55:03 status installed libapt-pkg6.0:amd64 2.2.4
2022-10-07 08:55:03 configure libgmp10:amd64 2:6.2.1+dfsg-1+deb11u1 <none>
2022-10-07 08:55:03 status unpacked libgmp10:amd64 2:6.2.1+dfsg-1+deb11u1
2022-10-07 08:55:03 status half-configured libgmp10:amd64 2:6.2.1+dfsg-1+deb11u1
2022-10-07 08:55:03 status installed libgmp10:amd64 2:6.2.1+dfsg-1+deb11u1
2022-10-07 08:55:03 configure libp11-kit0:amd64 0.23.22-1 <none>
2022-10-07 08:55:03 status unpacked libp11-kit0:amd64 0.23.22-1
2022-10-07 08:55:03 status half-configured libp11-kit0:amd64 0.23.22-1
2022-10-07 08:55:03 status installed libp11-kit0:amd64 0.23.22-1
2022-10-07 08:55:03 configure libaudit1:amd64 1:3.0-2 <none>
2022-10-07 08:55:03 status unpacked libaudit1:amd64 1:3.0-2
2022-10-07 08:55:03 status half-configured libaudit1:amd64 1:3.0-2
2022-10-07 08:55:03 status installed libaudit1:amd64 1:3.0-2
2022-10-07 08:55:03 configure libuuid1:amd64 2.36.1-8+deb11u1 <none>
2022-10-07 08:55:03 status unpacked libuuid1:amd64 2.36.1-8+deb11u1
2022-10-07 08:55:03 status half-configured libuuid1:amd64 2.36.1-8+deb11u1
2022-10-07 08:55:03 status installed libuuid1:amd64 2.36.1-8+deb11u1
2022-10-07 08:55:03 configure libss2:amd64 1.46.2-2 <none>
2022-10-07 08:55:03 status unpacked libss2:amd64 1.46.2-2
2022-10-07 08:55:03 status half-configured libss2:amd64 1.46.2-2
2022-10-07 08:55:03 status installed libss2:amd64 1.46.2-2
2022-10-07 08:55:03 configure libpcre2-8-0:amd64 10.36-2+deb11u1 <none>
2022-10-07 08:55:03 status unpacked libpcre2-8-0:amd64 10.36-2+deb11u1
2022-10-07 08:55:03 status half-configured libpcre2-8-0:amd64 10.36-2+deb11u1
2022-10-07 08:55:03 status installed libpcre2-8-0:amd64 10.36-2+deb11u1
2022-10-07 08:55:03 configure libk5crypto3:amd64 1.18.3-6+deb11u2 <none>
2022-10-07 08:55:03 status unpacked libk5crypto3:amd64 1.18.3-6+deb11u2
2022-10-07 08:55:03 status half-configured libk5crypto3:amd64 1.18.3-6+deb11u2
2022-10-07 08:55:03 status installed libk5crypto3:amd64 1.18.3-6+deb11u2
2022-10-07 08:55:03 configure logsave:amd64 1.46.2-2 <none>
2022-10-07 08:55:03 status unpacked logsave:amd64 1.46.2-2
2022-10-07 08:55:03 status half-configured logsave:amd64 1.46.2-2
2022-10-07 08:55:03 status installed logsave:amd64 1.46.2-2
2022-10-07 08:55:03 configure gpgv:amd64 2.2.27-2+deb11u2 <none>
2022-10-07 08:55:03 status unpacked gpgv:amd64 2.2.27-2+deb11u2
2022-10-07 08:55:03 status half-configured gpgv:amd64 2.2.27-2+deb11u2
2022-10-07 08:55:03 status installed gpgv:amd64 2.2.27-2+deb11u2
2022-10-07 08:55:03 configure libhogweed6:amd64 3.7.3-1 <none>
2022-10-07 08:55:03 status unpacked libhogweed6:amd64 3.7.3-1
2022-10-07 08:55:03 status half-configured libhogweed6:amd64 3.7.3-1
2022-10-07 08:55:03 status installed libhogweed6:amd64 3.7.3-1
2022-10-07 08:55:03 configure bsdutils:amd64 1:2.36.1-8+deb11u1 <none>
2022-10-07 08:55:03 status unpacked bsdutils:amd64 1:2.36.1-8+deb11u1
2022-10-07 08:55:03 status half-configured bsdutils:amd64 1:2.36.1-8+deb11u1
2022-10-07 08:55:03 status installed bsdutils:amd64 1:2.36.1-8+deb11u1
2022-10-07 08:55:03 configure e2fsprogs:amd64 1.46.2-2 <none>
2022-10-07 08:55:03 status unpacked e2fsprogs:amd64 1.46.2-2
2022-10-07 08:55:03 status half-configured e2fsprogs:amd64 1.46.2-2
2022-10-07 08:55:03 status installed e2fsprogs:amd64 1.46.2-2
2022-10-07 08:55:03 configure libselinux1:amd64 3.1-3 <none>
2022-10-07 08:55:03 status unpacked libselinux1:amd64 3.1-3
2022-10-07 08:55:03 status half-configured libselinux1:amd64 3.1-3
2022-10-07 08:55:03 status installed libselinux1:amd64 3.1-3
2022-10-07 08:55:03 configure libgnutls30:amd64 3.7.1-5+deb11u2 <none>
2022-10-07 08:55:03 status unpacked libgnutls30:amd64 3.7.1-5+deb11u2
2022-10-07 08:55:03 status half-configured libgnutls30:amd64 3.7.1-5+deb11u2
2022-10-07 08:55:03 status installed libgnutls30:amd64 3.7.1-5+deb11u2
2022-10-07 08:55:03 configure sed:amd64 4.7-1 <none>
2022-10-07 08:55:03 status unpacked sed:amd64 4.7-1
2022-10-07 08:55:03 status half-configured sed:amd64 4.7-1
2022-10-07 08:55:03 status installed sed:amd64 4.7-1
2022-10-07 08:55:03 configure findutils:amd64 4.8.0-1 <none>
2022-10-07 08:55:03 status unpacked findutils:amd64 4.8.0-1
2022-10-07 08:55:03 status half-configured findutils:amd64 4.8.0-1
2022-10-07 08:55:03 status installed findutils:amd64 4.8.0-1
2022-10-07 08:55:03 configure libmount1:amd64 2.36.1-8+deb11u1 <none>
2022-10-07 08:55:03 status unpacked libmount1:amd64 2.36.1-8+deb11u1
2022-10-07 08:55:03 status half-configured libmount1:amd64 2.36.1-8+deb11u1
2022-10-07 08:55:03 status installed libmount1:amd64 2.36.1-8+deb11u1
2022-10-07 08:55:03 configure libsemanage1:amd64 3.1-1+b2 <none>
2022-10-07 08:55:03 status unpacked libsemanage1:amd64 3.1-1+b2
2022-10-07 08:55:03 status half-configured libsemanage1:amd64 3.1-1+b2
2022-10-07 08:55:03 status installed libsemanage1:amd64 3.1-1+b2
2022-10-07 08:55:03 configure tar:amd64 1.34+dfsg-1 <none>
2022-10-07 08:55:03 status unpacked tar:amd64 1.34+dfsg-1
2022-10-07 08:55:03 status half-configured tar:amd64 1.34+dfsg-1
2022-10-07 08:55:03 status installed tar:amd64 1.34+dfsg-1
2022-10-07 08:55:03 configure coreutils:amd64 8.32-4+b1 <none>
2022-10-07 08:55:03 status unpacked coreutils:amd64 8.32-4+b1
2022-10-07 08:55:03 status half-configured coreutils:amd64 8.32-4+b1
2022-10-07 08:55:03 status installed coreutils:amd64 8.32-4+b1
2022-10-07 08:55:04 configure dpkg:amd64 1.20.12 <none>
2022-10-07 08:55:04 status unpacked dpkg:amd64 1.20.12
2022-10-07 08:55:04 status half-configured dpkg:amd64 1.20.12
2022-10-07 08:55:04 status installed dpkg:amd64 1.20.12
2022-10-07 08:55:04 configure grep:amd64 3.6-1 <none>
2022-10-07 08:55:04 status unpacked grep:amd64 3.6-1
2022-10-07 08:55:04 status half-configured grep:amd64 3.6-1
2022-10-07 08:55:04 status installed grep:amd64 3.6-1
2022-10-07 08:55:04 configure perl-base:amd64 5.32.1-4+deb11u2 <none>
2022-10-07 08:55:04 status unpacked perl-base:amd64 5.32.1-4+deb11u2
2022-10-07 08:55:04 status half-configured perl-base:amd64 5.32.1-4+deb11u2
2022-10-07 08:55:04 status installed perl-base:amd64 5.32.1-4+deb11u2
2022-10-07 08:55:04 configure init-system-helpers:all 1.60 <none>
2022-10-07 08:55:04 status unpacked init-system-helpers:all 1.60
2022-10-07 08:55:04 status half-configured init-system-helpers:all 1.60
2022-10-07 08:55:04 status installed init-system-helpers:all 1.60
2022-10-07 08:55:04 configure gzip:amd64 1.10-4+deb11u1 <none>
2022-10-07 08:55:04 status unpacked gzip:amd64 1.10-4+deb11u1
2022-10-07 08:55:04 status half-configured gzip:amd64 1.10-4+deb11u1
2022-10-07 08:55:04 status installed gzip:amd64 1.10-4+deb11u1
2022-10-07 08:55:04 configure debconf:all 1.5.77 <none>
2022-10-07 08:55:04 status unpacked debconf:all 1.5.77
2022-10-07 08:55:04 status half-configured debconf:all 1.5.77
2022-10-07 08:55:04 status installed debconf:all 1.5.77
2022-10-07 08:55:04 configure tzdata:all 2021a-1+deb11u5 <none>
2022-10-07 08:55:04 status unpacked tzdata:all 2021a-1+deb11u5
2022-10-07 08:55:04 status half-configured tzdata:all 2021a-1+deb11u5
2022-10-07 08:55:04 status installed tzdata:all 2021a-1+deb11u5
2022-10-07 08:55:04 configure libpam0g:amd64 1.4.0-9+deb11u1 <none>
2022-10-07 08:55:04 status unpacked libpam0g:amd64 1.4.0-9+deb11u1
2022-10-07 08:55:04 status half-configured libpam0g:amd64 1.4.0-9+deb11u1
2022-10-07 08:55:04 status installed libpam0g:amd64 1.4.0-9+deb11u1
2022-10-07 08:55:04 configure dash:amd64 0.5.11+git20200708+dd9ef66-5 <none>
2022-10-07 08:55:04 status unpacked dash:amd64 0.5.11+git20200708+dd9ef66-5
2022-10-07 08:55:04 status half-configured dash:amd64 0.5.11+git20200708+dd9ef66-5
2022-10-07 08:55:05 status installed dash:amd64 0.5.11+git20200708+dd9ef66-5
2022-10-07 08:55:05 configure libssl1.1:amd64 1.1.1n-0+deb11u3 <none>
2022-10-07 08:55:05 status unpacked libssl1.1:amd64 1.1.1n-0+deb11u3
2022-10-07 08:55:05 status half-configured libssl1.1:amd64 1.1.1n-0+deb11u3
2022-10-07 08:55:05 status installed libssl1.1:amd64 1.1.1n-0+deb11u3
2022-10-07 08:55:05 configure libpam-modules-bin:amd64 1.4.0-9+deb11u1 <none>
2022-10-07 08:55:05 status unpacked libpam-modules-bin:amd64 1.4.0-9+deb11u1
2022-10-07 08:55:05 status half-configured libpam-modules-bin:amd64 1.4.0-9+deb11u1
2022-10-07 08:55:05 status installed libpam-modules-bin:amd64 1.4.0-9+deb11u1
2022-10-07 08:55:05 configure libkrb5-3:amd64 1.18.3-6+deb11u2 <none>
2022-10-07 08:55:05 status unpacked libkrb5-3:amd64 1.18.3-6+deb11u2
2022-10-07 08:55:05 status half-configured libkrb5-3:amd64 1.18.3-6+deb11u2
2022-10-07 08:55:05 status installed libkrb5-3:amd64 1.18.3-6+deb11u2
2022-10-07 08:55:05 configure libgssapi-krb5-2:amd64 1.18.3-6+deb11u2 <none>
2022-10-07 08:55:05 status unpacked libgssapi-krb5-2:amd64 1.18.3-6+deb11u2
2022-10-07 08:55:05 status half-configured libgssapi-krb5-2:amd64 1.18.3-6+deb11u2
2022-10-07 08:55:05 status installed libgssapi-krb5-2:amd64 1.18.3-6+deb11u2
2022-10-07 08:55:05 configure libtirpc3:amd64 1.3.1-1+deb11u1 <none>
2022-10-07 08:55:05 status unpacked libtirpc3:amd64 1.3.1-1+deb11u1
2022-10-07 08:55:05 status half-configured libtirpc3:amd64 1.3.1-1+deb11u1
2022-10-07 08:55:05 status installed libtirpc3:amd64 1.3.1-1+deb11u1
2022-10-07 08:55:05 configure libnsl2:amd64 1.3.0-2 <none>
2022-10-07 08:55:05 status unpacked libnsl2:amd64 1.3.0-2
2022-10-07 08:55:05 status half-configured libnsl2:amd64 1.3.0-2
2022-10-07 08:55:05 status installed libnsl2:amd64 1.3.0-2
2022-10-07 08:55:05 configure libpam-modules:amd64 1.4.0-9+deb11u1 <none>
2022-10-07 08:55:05 status unpacked libpam-modules:amd64 1.4.0-9+deb11u1
2022-10-07 08:55:05 status half-configured libpam-modules:amd64 1.4.0-9+deb11u1
2022-10-07 08:55:05 status installed libpam-modules:amd64 1.4.0-9+deb11u1
2022-10-07 08:55:05 configure passwd:amd64 1:4.8.1-1 <none>
2022-10-07 08:55:05 status unpacked passwd:amd64 1:4.8.1-1
2022-10-07 08:55:05 status half-configured passwd:amd64 1:4.8.1-1
2022-10-07 08:55:05 status installed passwd:amd64 1:4.8.1-1
2022-10-07 08:55:05 configure libpam-runtime:all 1.4.0-9+deb11u1 <none>
2022-10-07 08:55:05 status unpacked libpam-runtime:all 1.4.0-9+deb11u1
2022-10-07 08:55:05 status half-configured libpam-runtime:all 1.4.0-9+deb11u1
2022-10-07 08:55:05 status installed libpam-runtime:all 1.4.0-9+deb11u1
2022-10-07 08:55:05 configure login:amd64 1:4.8.1-1 <none>
2022-10-07 08:55:05 status unpacked login:amd64 1:4.8.1-1
2022-10-07 08:55:05 status half-configured login:amd64 1:4.8.1-1
2022-10-07 08:55:05 status installed login:amd64 1:4.8.1-1
2022-10-07 08:55:05 configure adduser:all 3.118 <none>
2022-10-07 08:55:05 status unpacked adduser:all 3.118
2022-10-07 08:55:05 status half-configured adduser:all 3.118
2022-10-07 08:55:06 status installed adduser:all 3.118
2022-10-07 08:55:06 configure apt:amd64 2.2.4 <none>
2022-10-07 08:55:06 status unpacked apt:amd64 2.2.4
2022-10-07 08:55:06 status half-configured apt:amd64 2.2.4
2022-10-07 08:55:07 status installed apt:amd64 2.2.4
2022-10-07 08:55:07 configure util-linux:amd64 2.36.1-8+deb11u1 <none>
2022-10-07 08:55:07 status unpacked util-linux:amd64 2.36.1-8+deb11u1
2022-10-07 08:55:07 status half-configured util-linux:amd64 2.36.1-8+deb11u1
2022-10-07 08:55:07 status installed util-linux:amd64 2.36.1-8+deb11u1
2022-10-07 08:55:07 configure mount:amd64 2.36.1-8+deb11u1 <none>
2022-10-07 08:55:07 status unpacked mount:amd64 2.36.1-8+deb11u1
2022-10-07 08:55:07 status half-configured mount:amd64 2.36.1-8+deb11u1
2022-10-07 08:55:07 status installed mount:amd64 2.36.1-8+deb11u1
2022-10-07 08:55:07 trigproc libc-bin:amd64 2.31-13+deb11u4 <none>
2022-10-07 08:55:07 status half-configured libc-bin:amd64 2.31-13+deb11u4
2022-10-07 08:55:07 status installed libc-bin:amd64 2.31-13+deb11u4
2022-10-07 08:55:21 startup archives install
2022-10-07 08:55:21 install libapparmor1:amd64 <none> 2.13.6-10
2022-10-07 08:55:21 status triggers-pending libc-bin:amd64 2.31-13+deb11u4
2022-10-07 08:55:21 status half-installed libapparmor1:amd64 2.13.6-10
2022-10-07 08:55:21 status unpacked libapparmor1:amd64 2.13.6-10
2022-10-07 08:55:21 install libargon2-1:amd64 <none> 0~20171227-0.2
2022-10-07 08:55:21 status half-installed libargon2-1:amd64 0~20171227-0.2
2022-10-07 08:55:21 status unpacked libargon2-1:amd64 0~20171227-0.2
2022-10-07 08:55:21 install libcryptsetup12:amd64 <none> 2:2.3.7-1+deb11u1
2022-10-07 08:55:21 status half-installed libcryptsetup12:amd64 2:2.3.7-1+deb11u1
2022-10-07 08:55:21 status unpacked libcryptsetup12:amd64 2:2.3.7-1+deb11u1
2022-10-07 08:55:21 install libip4tc2:amd64 <none> 1.8.7-1
2022-10-07 08:55:21 status half-installed libip4tc2:amd64 1.8.7-1
2022-10-07 08:55:21 status unpacked libip4tc2:amd64 1.8.7-1
2022-10-07 08:55:21 install libjson-c5:amd64 <none> 0.15-2
2022-10-07 08:55:21 status half-installed libjson-c5:amd64 0.15-2
2022-10-07 08:55:21 status unpacked libjson-c5:amd64 0.15-2
2022-10-07 08:55:21 install libkmod2:amd64 <none> 28-1
2022-10-07 08:55:21 status half-installed libkmod2:amd64 28-1
2022-10-07 08:55:21 status unpacked libkmod2:amd64 28-1
2022-10-07 08:55:21 install libcap2:amd64 <none> 1:2.44-1
2022-10-07 08:55:21 status half-installed libcap2:amd64 1:2.44-1
2022-10-07 08:55:21 status unpacked libcap2:amd64 1:2.44-1
2022-10-07 08:55:21 install dmsetup:amd64 <none> 2:1.02.175-2.1
2022-10-07 08:55:21 status half-installed dmsetup:amd64 2:1.02.175-2.1
2022-10-07 08:55:21 status unpacked dmsetup:amd64 2:1.02.175-2.1
2022-10-07 08:55:21 install libdevmapper1.02.1:amd64 <none> 2:1.02.175-2.1
2022-10-07 08:55:21 status half-installed libdevmapper1.02.1:amd64 2:1.02.175-2.1
2022-10-07 08:55:21 status unpacked libdevmapper1.02.1:amd64 2:1.02.175-2.1
2022-10-07 08:55:22 install systemd:amd64 <none> 247.3-7+deb11u1
2022-10-07 08:55:22 status half-installed systemd:amd64 247.3-7+deb11u1
2022-10-07 08:55:23 status unpacked systemd:amd64 247.3-7+deb11u1
2022-10-07 08:55:23 configure libapparmor1:amd64 2.13.6-10 2.13.6-10
2022-10-07 08:55:23 status half-configured libapparmor1:amd64 2.13.6-10
2022-10-07 08:55:23 status installed libapparmor1:amd64 2.13.6-10
2022-10-07 08:55:23 configure libargon2-1:amd64 0~20171227-0.2 0~20171227-0.2
2022-10-07 08:55:23 status half-configured libargon2-1:amd64 0~20171227-0.2
2022-10-07 08:55:23 status installed libargon2-1:amd64 0~20171227-0.2
2022-10-07 08:55:23 configure libip4tc2:amd64 1.8.7-1 1.8.7-1
2022-10-07 08:55:23 status half-configured libip4tc2:amd64 1.8.7-1
2022-10-07 08:55:23 status installed libip4tc2:amd64 1.8.7-1
2022-10-07 08:55:23 configure libjson-c5:amd64 0.15-2 0.15-2
2022-10-07 08:55:23 status half-configured libjson-c5:amd64 0.15-2
2022-10-07 08:55:23 status installed libjson-c5:amd64 0.15-2
2022-10-07 08:55:23 configure libkmod2:amd64 28-1 28-1
2022-10-07 08:55:23 status half-configured libkmod2:amd64 28-1
2022-10-07 08:55:23 status installed libkmod2:amd64 28-1
2022-10-07 08:55:23 configure libcap2:amd64 1:2.44-1 1:2.44-1
2022-10-07 08:55:23 status half-configured libcap2:amd64 1:2.44-1
2022-10-07 08:55:23 status installed libcap2:amd64 1:2.44-1
2022-10-07 08:55:23 configure libdevmapper1.02.1:amd64 2:1.02.175-2.1 2:1.02.175-2.1
2022-10-07 08:55:23 status half-configured libdevmapper1.02.1:amd64 2:1.02.175-2.1
2022-10-07 08:55:23 status installed libdevmapper1.02.1:amd64 2:1.02.175-2.1
2022-10-07 08:55:23 configure libcryptsetup12:amd64 2:2.3.7-1+deb11u1 2:2.3.7-1+deb11u1
2022-10-07 08:55:23 status half-configured libcryptsetup12:amd64 2:2.3.7-1+deb11u1
2022-10-07 08:55:23 status installed libcryptsetup12:amd64 2:2.3.7-1+deb11u1
2022-10-07 08:55:23 configure dmsetup:amd64 2:1.02.175-2.1 2:1.02.175-2.1
2022-10-07 08:55:23 status half-configured dmsetup:amd64 2:1.02.175-2.1
2022-10-07 08:55:23 status installed dmsetup:amd64 2:1.02.175-2.1
2022-10-07 08:55:23 configure systemd:amd64 247.3-7+deb11u1 247.3-7+deb11u1
2022-10-07 08:55:23 status half-configured systemd:amd64 247.3-7+deb11u1
2022-10-07 08:55:24 status installed systemd:amd64 247.3-7+deb11u1
2022-10-07 08:55:24 trigproc libc-bin:amd64 2.31-13+deb11u4 <none>
2022-10-07 08:55:24 status half-configured libc-bin:amd64 2.31-13+deb11u4
2022-10-07 08:55:24 status installed libc-bin:amd64 2.31-13+deb11u4
2022-10-07 08:55:38 startup archives install
2022-10-07 08:55:38 install systemd-sysv:amd64 <none> 247.3-7+deb11u1
2022-10-07 08:55:38 status half-installed systemd-sysv:amd64 247.3-7+deb11u1
2022-10-07 08:55:38 status unpacked systemd-sysv:amd64 247.3-7+deb11u1
2022-10-07 08:55:38 configure systemd-sysv:amd64 247.3-7+deb11u1 247.3-7+deb11u1
2022-10-07 08:55:38 status half-configured systemd-sysv:amd64 247.3-7+deb11u1
2022-10-07 08:55:38 status installed systemd-sysv:amd64 247.3-7+deb11u1
2022-10-07 08:55:38 startup archives unpack
2022-10-07 08:55:38 install apt-utils:amd64 <none> 2.2.4
2022-10-07 08:55:38 status half-installed apt-utils:amd64 2.2.4
2022-10-07 08:55:38 status unpacked apt-utils:amd64 2.2.4
2022-10-07 08:55:38 install libdns-export1110:amd64 <none> 1:9.11.19+dfsg-2.1
2022-10-07 08:55:38 status triggers-pending libc-bin:amd64 2.31-13+deb11u4
2022-10-07 08:55:38 status half-installed libdns-export1110:amd64 1:9.11.19+dfsg-2.1
2022-10-07 08:55:38 status unpacked libdns-export1110:amd64 1:9.11.19+dfsg-2.1
2022-10-07 08:55:38 install libisc-export1105:amd64 <none> 1:9.11.19+dfsg-2.1
2022-10-07 08:55:38 status half-installed libisc-export1105:amd64 1:9.11.19+dfsg-2.1
2022-10-07 08:55:38 status unpacked libisc-export1105:amd64 1:9.11.19+dfsg-2.1
2022-10-07 08:55:38 install cpio:amd64 <none> 2.13+dfsg-4
2022-10-07 08:55:38 status half-installed cpio:amd64 2.13+dfsg-4
2022-10-07 08:55:39 status unpacked cpio:amd64 2.13+dfsg-4
2022-10-07 08:55:39 install cron:amd64 <none> 3.0pl1-137
2022-10-07 08:55:39 status half-installed cron:amd64 3.0pl1-137
2022-10-07 08:55:39 status unpacked cron:amd64 3.0pl1-137
2022-10-07 08:55:39 install debconf-i18n:all <none> 1.5.77
2022-10-07 08:55:39 status half-installed debconf-i18n:all 1.5.77
2022-10-07 08:55:39 status unpacked debconf-i18n:all 1.5.77
2022-10-07 08:55:39 install dmidecode:amd64 <none> 3.3-2
2022-10-07 08:55:39 status half-installed dmidecode:amd64 3.3-2
2022-10-07 08:55:39 status unpacked dmidecode:amd64 3.3-2
2022-10-07 08:55:39 install libelf1:amd64 <none> 0.183-1
2022-10-07 08:55:39 status half-installed libelf1:amd64 0.183-1
2022-10-07 08:55:39 status unpacked libelf1:amd64 0.183-1
2022-10-07 08:55:39 install ifupdown:amd64 <none> 0.8.36
2022-10-07 08:55:39 status half-installed ifupdown:amd64 0.8.36
2022-10-07 08:55:39 status unpacked ifupdown:amd64 0.8.36
2022-10-07 08:55:39 install init:amd64 <none> 1.60
2022-10-07 08:55:39 status half-installed init:amd64 1.60
2022-10-07 08:55:39 status unpacked init:amd64 1.60
2022-10-07 08:55:39 install iproute2:amd64 <none> 5.10.0-4
2022-10-07 08:55:39 status half-installed iproute2:amd64 5.10.0-4
2022-10-07 08:55:40 status unpacked iproute2:amd64 5.10.0-4
2022-10-07 08:55:40 install libxtables12:amd64 <none> 1.8.7-1
2022-10-07 08:55:40 status half-installed libxtables12:amd64 1.8.7-1
2022-10-07 08:55:40 status unpacked libxtables12:amd64 1.8.7-1
2022-10-07 08:55:40 install iputils-ping:amd64 <none> 3:20210202-1
2022-10-07 08:55:40 status half-installed iputils-ping:amd64 3:20210202-1
2022-10-07 08:55:40 status unpacked iputils-ping:amd64 3:20210202-1
2022-10-07 08:55:40 install isc-dhcp-client:amd64 <none> 4.4.1-2.3
2022-10-07 08:55:40 status half-installed isc-dhcp-client:amd64 4.4.1-2.3
2022-10-07 08:55:40 status unpacked isc-dhcp-client:amd64 4.4.1-2.3
2022-10-07 08:55:40 install isc-dhcp-common:amd64 <none> 4.4.1-2.3
2022-10-07 08:55:40 status half-installed isc-dhcp-common:amd64 4.4.1-2.3
2022-10-07 08:55:40 status unpacked isc-dhcp-common:amd64 4.4.1-2.3
2022-10-07 08:55:40 install libjansson4:amd64 <none> 2.13.1-1.1
2022-10-07 08:55:40 status half-installed libjansson4:amd64 2.13.1-1.1
2022-10-07 08:55:40 status unpacked libjansson4:amd64 2.13.1-1.1
2022-10-07 08:55:40 install kmod:amd64 <none> 28-1
2022-10-07 08:55:40 status half-installed kmod:amd64 28-1
2022-10-07 08:55:40 status unpacked kmod:amd64 28-1
2022-10-07 08:55:40 install less:amd64 <none> 551-2
2022-10-07 08:55:40 status half-installed less:amd64 551-2
2022-10-07 08:55:40 status unpacked less:amd64 551-2
2022-10-07 08:55:40 install libbpf0:amd64 <none> 1:0.3-2
2022-10-07 08:55:40 status half-installed libbpf0:amd64 1:0.3-2
2022-10-07 08:55:40 status unpacked libbpf0:amd64 1:0.3-2
2022-10-07 08:55:40 install libbsd0:amd64 <none> 0.11.3-1
2022-10-07 08:55:40 status half-installed libbsd0:amd64 0.11.3-1
2022-10-07 08:55:40 status unpacked libbsd0:amd64 0.11.3-1
2022-10-07 08:55:40 install libcap2-bin:amd64 <none> 1:2.44-1
2022-10-07 08:55:40 status half-installed libcap2-bin:amd64 1:2.44-1
2022-10-07 08:55:40 status unpacked libcap2-bin:amd64 1:2.44-1
2022-10-07 08:55:40 install libedit2:amd64 <none> 3.1-20191231-2+b1
2022-10-07 08:55:40 status half-installed libedit2:amd64 3.1-20191231-2+b1
2022-10-07 08:55:40 status unpacked libedit2:amd64 3.1-20191231-2+b1
2022-10-07 08:55:40 install libestr0:amd64 <none> 0.1.10-2.1+b1
2022-10-07 08:55:40 status half-installed libestr0:amd64 0.1.10-2.1+b1
2022-10-07 08:55:40 status unpacked libestr0:amd64 0.1.10-2.1+b1
2022-10-07 08:55:40 install libfastjson4:amd64 <none> 0.99.9-1
2022-10-07 08:55:40 status half-installed libfastjson4:amd64 0.99.9-1
2022-10-07 08:55:40 status unpacked libfastjson4:amd64 0.99.9-1
2022-10-07 08:55:41 install liblocale-gettext-perl:amd64 <none> 1.07-4+b1
2022-10-07 08:55:41 status half-installed liblocale-gettext-perl:amd64 1.07-4+b1
2022-10-07 08:55:41 status unpacked liblocale-gettext-perl:amd64 1.07-4+b1
2022-10-07 08:55:41 install liblognorm5:amd64 <none> 2.0.5-1.1
2022-10-07 08:55:41 status half-installed liblognorm5:amd64 2.0.5-1.1
2022-10-07 08:55:41 status unpacked liblognorm5:amd64 2.0.5-1.1
2022-10-07 08:55:41 install libmd0:amd64 <none> 1.0.3-3
2022-10-07 08:55:41 status half-installed libmd0:amd64 1.0.3-3
2022-10-07 08:55:41 status unpacked libmd0:amd64 1.0.3-3
2022-10-07 08:55:41 install libmnl0:amd64 <none> 1.0.4-3
2022-10-07 08:55:41 status half-installed libmnl0:amd64 1.0.4-3
2022-10-07 08:55:41 status unpacked libmnl0:amd64 1.0.4-3
2022-10-07 08:55:41 install libnftnl11:amd64 <none> 1.1.9-1
2022-10-07 08:55:41 status half-installed libnftnl11:amd64 1.1.9-1
2022-10-07 08:55:41 status unpacked libnftnl11:amd64 1.1.9-1
2022-10-07 08:55:41 install libtext-charwidth-perl:amd64 <none> 0.04-10+b1
2022-10-07 08:55:41 status half-installed libtext-charwidth-perl:amd64 0.04-10+b1
2022-10-07 08:55:41 status unpacked libtext-charwidth-perl:amd64 0.04-10+b1
2022-10-07 08:55:41 install libtext-iconv-perl:amd64 <none> 1.7-7+b1
2022-10-07 08:55:41 status half-installed libtext-iconv-perl:amd64 1.7-7+b1
2022-10-07 08:55:41 status unpacked libtext-iconv-perl:amd64 1.7-7+b1
2022-10-07 08:55:41 install libtext-wrapi18n-perl:all <none> 0.06-9
2022-10-07 08:55:41 status half-installed libtext-wrapi18n-perl:all 0.06-9
2022-10-07 08:55:41 status unpacked libtext-wrapi18n-perl:all 0.06-9
2022-10-07 08:55:41 install logrotate:amd64 <none> 3.18.0-2+deb11u1
2022-10-07 08:55:41 status half-installed logrotate:amd64 3.18.0-2+deb11u1
2022-10-07 08:55:41 status unpacked logrotate:amd64 3.18.0-2+deb11u1
2022-10-07 08:55:41 install nano:amd64 <none> 5.4-2+deb11u1
2022-10-07 08:55:41 status half-installed nano:amd64 5.4-2+deb11u1
2022-10-07 08:55:41 status unpacked nano:amd64 5.4-2+deb11u1
2022-10-07 08:55:41 install libncurses6:amd64 <none> 6.2+20201114-2
2022-10-07 08:55:41 status half-installed libncurses6:amd64 6.2+20201114-2
2022-10-07 08:55:41 status unpacked libncurses6:amd64 6.2+20201114-2
2022-10-07 08:55:41 install libncursesw6:amd64 <none> 6.2+20201114-2
2022-10-07 08:55:41 status half-installed libncursesw6:amd64 6.2+20201114-2
2022-10-07 08:55:41 status unpacked libncursesw6:amd64 6.2+20201114-2
2022-10-07 08:55:41 install netbase:all <none> 6.3
2022-10-07 08:55:41 status half-installed netbase:all 6.3
2022-10-07 08:55:41 status unpacked netbase:all 6.3
2022-10-07 08:55:42 install libnewt0.52:amd64 <none> 0.52.21-4+b3
2022-10-07 08:55:42 status half-installed libnewt0.52:amd64 0.52.21-4+b3
2022-10-07 08:55:42 status unpacked libnewt0.52:amd64 0.52.21-4+b3
2022-10-07 08:55:42 install whiptail:amd64 <none> 0.52.21-4+b3
2022-10-07 08:55:42 status half-installed whiptail:amd64 0.52.21-4+b3
2022-10-07 08:55:42 status unpacked whiptail:amd64 0.52.21-4+b3
2022-10-07 08:55:42 install libnftables1:amd64 <none> 0.9.8-3.1
2022-10-07 08:55:42 status half-installed libnftables1:amd64 0.9.8-3.1
2022-10-07 08:55:42 status unpacked libnftables1:amd64 0.9.8-3.1
2022-10-07 08:55:42 install nftables:amd64 <none> 0.9.8-3.1
2022-10-07 08:55:42 status half-installed nftables:amd64 0.9.8-3.1
2022-10-07 08:55:42 status unpacked nftables:amd64 0.9.8-3.1
2022-10-07 08:55:42 install libpopt0:amd64 <none> 1.18-2
2022-10-07 08:55:42 status half-installed libpopt0:amd64 1.18-2
2022-10-07 08:55:42 status unpacked libpopt0:amd64 1.18-2
2022-10-07 08:55:42 install libprocps8:amd64 <none> 2:3.3.17-5
2022-10-07 08:55:42 status half-installed libprocps8:amd64 2:3.3.17-5
2022-10-07 08:55:42 status unpacked libprocps8:amd64 2:3.3.17-5
2022-10-07 08:55:42 install procps:amd64 <none> 2:3.3.17-5
2022-10-07 08:55:42 status half-installed procps:amd64 2:3.3.17-5
2022-10-07 08:55:42 status unpacked procps:amd64 2:3.3.17-5
2022-10-07 08:55:42 install libreadline8:amd64 <none> 8.1-1
2022-10-07 08:55:42 status half-installed libreadline8:amd64 8.1-1
2022-10-07 08:55:42 status unpacked libreadline8:amd64 8.1-1
2022-10-07 08:55:42 install readline-common:all <none> 8.1-1
2022-10-07 08:55:42 status half-installed readline-common:all 8.1-1
2022-10-07 08:55:42 status unpacked readline-common:all 8.1-1
2022-10-07 08:55:43 install rsyslog:amd64 <none> 8.2102.0-2+deb11u1
2022-10-07 08:55:43 status half-installed rsyslog:amd64 8.2102.0-2+deb11u1
2022-10-07 08:55:43 status unpacked rsyslog:amd64 8.2102.0-2+deb11u1
2022-10-07 08:55:43 install sensible-utils:all <none> 0.0.14
2022-10-07 08:55:43 status half-installed sensible-utils:all 0.0.14
2022-10-07 08:55:43 status unpacked sensible-utils:all 0.0.14
2022-10-07 08:55:43 install libslang2:amd64 <none> 2.3.2-5
2022-10-07 08:55:43 status half-installed libslang2:amd64 2.3.2-5
2022-10-07 08:55:43 status unpacked libslang2:amd64 2.3.2-5
2022-10-07 08:55:43 install udev:amd64 <none> 247.3-7+deb11u1
2022-10-07 08:55:43 status half-installed udev:amd64 247.3-7+deb11u1
2022-10-07 08:55:43 status unpacked udev:amd64 247.3-7+deb11u1
2022-10-07 08:55:44 install tasksel:all <none> 3.68+deb11u1
2022-10-07 08:55:44 status half-installed tasksel:all 3.68+deb11u1
2022-10-07 08:55:44 status unpacked tasksel:all 3.68+deb11u1
2022-10-07 08:55:44 install tasksel-data:all <none> 3.68+deb11u1
2022-10-07 08:55:44 status half-installed tasksel-data:all 3.68+deb11u1
2022-10-07 08:55:44 status unpacked tasksel-data:all 3.68+deb11u1
2022-10-07 08:55:44 install fdisk:amd64 <none> 2.36.1-8+deb11u1
2022-10-07 08:55:44 status half-installed fdisk:amd64 2.36.1-8+deb11u1
2022-10-07 08:55:44 status unpacked fdisk:amd64 2.36.1-8+deb11u1
2022-10-07 08:55:44 install libfdisk1:amd64 <none> 2.36.1-8+deb11u1
2022-10-07 08:55:44 status half-installed libfdisk1:amd64 2.36.1-8+deb11u1
2022-10-07 08:55:44 status unpacked libfdisk1:amd64 2.36.1-8+deb11u1
2022-10-07 08:55:44 install vim-common:all <none> 2:8.2.2434-3+deb11u1
2022-10-07 08:55:44 status half-installed vim-common:all 2:8.2.2434-3+deb11u1
2022-10-07 08:55:44 status unpacked vim-common:all 2:8.2.2434-3+deb11u1
2022-10-07 08:55:44 install vim-tiny:amd64 <none> 2:8.2.2434-3+deb11u1
2022-10-07 08:55:44 status half-installed vim-tiny:amd64 2:8.2.2434-3+deb11u1
2022-10-07 08:55:44 status unpacked vim-tiny:amd64 2:8.2.2434-3+deb11u1
2022-10-07 08:55:44 install xxd:amd64 <none> 2:8.2.2434-3+deb11u1
2022-10-07 08:55:44 status half-installed xxd:amd64 2:8.2.2434-3+deb11u1
2022-10-07 08:55:44 status unpacked xxd:amd64 2:8.2.2434-3+deb11u1
2022-10-07 08:55:44 trigproc libc-bin:amd64 2.31-13+deb11u4 <none>
2022-10-07 08:55:44 status half-configured libc-bin:amd64 2.31-13+deb11u4
2022-10-07 08:55:44 status installed libc-bin:amd64 2.31-13+deb11u4
2022-10-07 08:55:44 startup packages configure
2022-10-07 08:55:44 configure cpio:amd64 2.13+dfsg-4 <none>
2022-10-07 08:55:44 status unpacked cpio:amd64 2.13+dfsg-4
2022-10-07 08:55:44 status half-configured cpio:amd64 2.13+dfsg-4
2022-10-07 08:55:44 status installed cpio:amd64 2.13+dfsg-4
2022-10-07 08:55:44 configure libtext-iconv-perl:amd64 1.7-7+b1 <none>
2022-10-07 08:55:44 status unpacked libtext-iconv-perl:amd64 1.7-7+b1
2022-10-07 08:55:44 status half-configured libtext-iconv-perl:amd64 1.7-7+b1
2022-10-07 08:55:44 status installed libtext-iconv-perl:amd64 1.7-7+b1
2022-10-07 08:55:44 configure libtext-charwidth-perl:amd64 0.04-10+b1 <none>
2022-10-07 08:55:44 status unpacked libtext-charwidth-perl:amd64 0.04-10+b1
2022-10-07 08:55:44 status half-configured libtext-charwidth-perl:amd64 0.04-10+b1
2022-10-07 08:55:44 status installed libtext-charwidth-perl:amd64 0.04-10+b1
2022-10-07 08:55:44 configure apt-utils:amd64 2.2.4 <none>
2022-10-07 08:55:44 status unpacked apt-utils:amd64 2.2.4
2022-10-07 08:55:44 status half-configured apt-utils:amd64 2.2.4
2022-10-07 08:55:44 status installed apt-utils:amd64 2.2.4
2022-10-07 08:55:44 configure init:amd64 1.60 <none>
2022-10-07 08:55:44 status unpacked init:amd64 1.60
2022-10-07 08:55:44 status half-configured init:amd64 1.60
2022-10-07 08:55:44 status installed init:amd64 1.60
2022-10-07 08:55:44 configure libestr0:amd64 0.1.10-2.1+b1 <none>
2022-10-07 08:55:44 status triggers-pending libc-bin:amd64 2.31-13+deb11u4
2022-10-07 08:55:44 status unpacked libestr0:amd64 0.1.10-2.1+b1
2022-10-07 08:55:44 status half-configured libestr0:amd64 0.1.10-2.1+b1
2022-10-07 08:55:44 status installed libestr0:amd64 0.1.10-2.1+b1
2022-10-07 08:55:44 configure libfastjson4:amd64 0.99.9-1 <none>
2022-10-07 08:55:44 status unpacked libfastjson4:amd64 0.99.9-1
2022-10-07 08:55:45 status half-configured libfastjson4:amd64 0.99.9-1
2022-10-07 08:55:45 status installed libfastjson4:amd64 0.99.9-1
2022-10-07 08:55:45 configure less:amd64 551-2 <none>
2022-10-07 08:55:45 status unpacked less:amd64 551-2
2022-10-07 08:55:45 status half-configured less:amd64 551-2
2022-10-07 08:55:45 status installed less:amd64 551-2
2022-10-07 08:55:45 configure kmod:amd64 28-1 <none>
2022-10-07 08:55:45 status unpacked kmod:amd64 28-1
2022-10-07 08:55:45 status half-configured kmod:amd64 28-1
2022-10-07 08:55:45 status installed kmod:amd64 28-1
2022-10-07 08:55:45 configure libtext-wrapi18n-perl:all 0.06-9 <none>
2022-10-07 08:55:45 status unpacked libtext-wrapi18n-perl:all 0.06-9
2022-10-07 08:55:45 status half-configured libtext-wrapi18n-perl:all 0.06-9
2022-10-07 08:55:45 status installed libtext-wrapi18n-perl:all 0.06-9
2022-10-07 08:55:45 configure xxd:amd64 2:8.2.2434-3+deb11u1 <none>
2022-10-07 08:55:45 status unpacked xxd:amd64 2:8.2.2434-3+deb11u1
2022-10-07 08:55:45 status half-configured xxd:amd64 2:8.2.2434-3+deb11u1
2022-10-07 08:55:45 status installed xxd:amd64 2:8.2.2434-3+deb11u1
2022-10-07 08:55:45 configure libjansson4:amd64 2.13.1-1.1 <none>
2022-10-07 08:55:45 status unpacked libjansson4:amd64 2.13.1-1.1
2022-10-07 08:55:45 status half-configured libjansson4:amd64 2.13.1-1.1
2022-10-07 08:55:45 status installed libjansson4:amd64 2.13.1-1.1
2022-10-07 08:55:45 configure libcap2-bin:amd64 1:2.44-1 <none>
2022-10-07 08:55:45 status unpacked libcap2-bin:amd64 1:2.44-1
2022-10-07 08:55:45 status half-configured libcap2-bin:amd64 1:2.44-1
2022-10-07 08:55:45 status installed libcap2-bin:amd64 1:2.44-1
2022-10-07 08:55:45 configure libisc-export1105:amd64 1:9.11.19+dfsg-2.1 <none>
2022-10-07 08:55:45 status unpacked libisc-export1105:amd64 1:9.11.19+dfsg-2.1
2022-10-07 08:55:45 status half-configured libisc-export1105:amd64 1:9.11.19+dfsg-2.1
2022-10-07 08:55:45 status installed libisc-export1105:amd64 1:9.11.19+dfsg-2.1
2022-10-07 08:55:45 configure vim-common:all 2:8.2.2434-3+deb11u1 <none>
2022-10-07 08:55:45 status unpacked vim-common:all 2:8.2.2434-3+deb11u1
2022-10-07 08:55:45 status half-configured vim-common:all 2:8.2.2434-3+deb11u1
2022-10-07 08:55:45 status installed vim-common:all 2:8.2.2434-3+deb11u1
2022-10-07 08:55:45 configure libslang2:amd64 2.3.2-5 <none>
2022-10-07 08:55:45 status unpacked libslang2:amd64 2.3.2-5
2022-10-07 08:55:45 status half-configured libslang2:amd64 2.3.2-5
2022-10-07 08:55:45 status installed libslang2:amd64 2.3.2-5
2022-10-07 08:55:45 configure libncurses6:amd64 6.2+20201114-2 <none>
2022-10-07 08:55:45 status unpacked libncurses6:amd64 6.2+20201114-2
2022-10-07 08:55:45 status half-configured libncurses6:amd64 6.2+20201114-2
2022-10-07 08:55:45 status installed libncurses6:amd64 6.2+20201114-2
2022-10-07 08:55:45 configure libmnl0:amd64 1.0.4-3 <none>
2022-10-07 08:55:45 status unpacked libmnl0:amd64 1.0.4-3
2022-10-07 08:55:45 status half-configured libmnl0:amd64 1.0.4-3
2022-10-07 08:55:45 status installed libmnl0:amd64 1.0.4-3
2022-10-07 08:55:45 configure udev:amd64 247.3-7+deb11u1 <none>
2022-10-07 08:55:45 status unpacked udev:amd64 247.3-7+deb11u1
2022-10-07 08:55:45 status half-configured udev:amd64 247.3-7+deb11u1
2022-10-07 08:55:46 status installed udev:amd64 247.3-7+deb11u1
2022-10-07 08:55:46 configure libncursesw6:amd64 6.2+20201114-2 <none>
2022-10-07 08:55:46 status unpacked libncursesw6:amd64 6.2+20201114-2
2022-10-07 08:55:46 status half-configured libncursesw6:amd64 6.2+20201114-2
2022-10-07 08:55:46 status installed libncursesw6:amd64 6.2+20201114-2
2022-10-07 08:55:46 configure libxtables12:amd64 1.8.7-1 <none>
2022-10-07 08:55:46 status unpacked libxtables12:amd64 1.8.7-1
2022-10-07 08:55:46 status half-configured libxtables12:amd64 1.8.7-1
2022-10-07 08:55:46 status installed libxtables12:amd64 1.8.7-1
2022-10-07 08:55:46 configure libfdisk1:amd64 2.36.1-8+deb11u1 <none>
2022-10-07 08:55:46 status unpacked libfdisk1:amd64 2.36.1-8+deb11u1
2022-10-07 08:55:46 status half-configured libfdisk1:amd64 2.36.1-8+deb11u1
2022-10-07 08:55:46 status installed libfdisk1:amd64 2.36.1-8+deb11u1
2022-10-07 08:55:46 configure liblognorm5:amd64 2.0.5-1.1 <none>
2022-10-07 08:55:46 status unpacked liblognorm5:amd64 2.0.5-1.1
2022-10-07 08:55:46 status half-configured liblognorm5:amd64 2.0.5-1.1
2022-10-07 08:55:46 status installed liblognorm5:amd64 2.0.5-1.1
2022-10-07 08:55:46 configure nano:amd64 5.4-2+deb11u1 <none>
2022-10-07 08:55:46 status unpacked nano:amd64 5.4-2+deb11u1
2022-10-07 08:55:46 status half-configured nano:amd64 5.4-2+deb11u1
2022-10-07 08:55:46 status installed nano:amd64 5.4-2+deb11u1
2022-10-07 08:55:46 configure libmd0:amd64 1.0.3-3 <none>
2022-10-07 08:55:46 status unpacked libmd0:amd64 1.0.3-3
2022-10-07 08:55:46 status half-configured libmd0:amd64 1.0.3-3
2022-10-07 08:55:46 status installed libmd0:amd64 1.0.3-3
2022-10-07 08:55:46 configure sensible-utils:all 0.0.14 <none>
2022-10-07 08:55:46 status unpacked sensible-utils:all 0.0.14
2022-10-07 08:55:46 status half-configured sensible-utils:all 0.0.14
2022-10-07 08:55:46 status installed sensible-utils:all 0.0.14
2022-10-07 08:55:46 configure netbase:all 6.3 <none>
2022-10-07 08:55:46 status unpacked netbase:all 6.3
2022-10-07 08:55:46 status half-configured netbase:all 6.3
2022-10-07 08:55:46 status installed netbase:all 6.3
2022-10-07 08:55:46 configure isc-dhcp-common:amd64 4.4.1-2.3 <none>
2022-10-07 08:55:46 status unpacked isc-dhcp-common:amd64 4.4.1-2.3
2022-10-07 08:55:46 status half-configured isc-dhcp-common:amd64 4.4.1-2.3
2022-10-07 08:55:46 status installed isc-dhcp-common:amd64 4.4.1-2.3
2022-10-07 08:55:46 configure dmidecode:amd64 3.3-2 <none>
2022-10-07 08:55:46 status unpacked dmidecode:amd64 3.3-2
2022-10-07 08:55:46 status half-configured dmidecode:amd64 3.3-2
2022-10-07 08:55:46 status installed dmidecode:amd64 3.3-2
2022-10-07 08:55:46 configure libbsd0:amd64 0.11.3-1 <none>
2022-10-07 08:55:46 status unpacked libbsd0:amd64 0.11.3-1
2022-10-07 08:55:46 status half-configured libbsd0:amd64 0.11.3-1
2022-10-07 08:55:46 status installed libbsd0:amd64 0.11.3-1
2022-10-07 08:55:46 configure libelf1:amd64 0.183-1 <none>
2022-10-07 08:55:46 status unpacked libelf1:amd64 0.183-1
2022-10-07 08:55:46 status half-configured libelf1:amd64 0.183-1
2022-10-07 08:55:46 status installed libelf1:amd64 0.183-1
2022-10-07 08:55:46 configure iputils-ping:amd64 3:20210202-1 <none>
2022-10-07 08:55:46 status unpacked iputils-ping:amd64 3:20210202-1
2022-10-07 08:55:46 status half-configured iputils-ping:amd64 3:20210202-1
2022-10-07 08:55:46 status installed iputils-ping:amd64 3:20210202-1
2022-10-07 08:55:46 configure readline-common:all 8.1-1 <none>
2022-10-07 08:55:46 status unpacked readline-common:all 8.1-1
2022-10-07 08:55:46 status half-configured readline-common:all 8.1-1
2022-10-07 08:55:46 status installed readline-common:all 8.1-1
2022-10-07 08:55:46 configure liblocale-gettext-perl:amd64 1.07-4+b1 <none>
2022-10-07 08:55:46 status unpacked liblocale-gettext-perl:amd64 1.07-4+b1
2022-10-07 08:55:46 status half-configured liblocale-gettext-perl:amd64 1.07-4+b1
2022-10-07 08:55:46 status installed liblocale-gettext-perl:amd64 1.07-4+b1
2022-10-07 08:55:46 configure libprocps8:amd64 2:3.3.17-5 <none>
2022-10-07 08:55:46 status unpacked libprocps8:amd64 2:3.3.17-5
2022-10-07 08:55:46 status half-configured libprocps8:amd64 2:3.3.17-5
2022-10-07 08:55:46 status installed libprocps8:amd64 2:3.3.17-5
2022-10-07 08:55:46 configure libpopt0:amd64 1.18-2 <none>
2022-10-07 08:55:46 status unpacked libpopt0:amd64 1.18-2
2022-10-07 08:55:46 status half-configured libpopt0:amd64 1.18-2
2022-10-07 08:55:46 status installed libpopt0:amd64 1.18-2
2022-10-07 08:55:46 configure logrotate:amd64 3.18.0-2+deb11u1 <none>
2022-10-07 08:55:46 status unpacked logrotate:amd64 3.18.0-2+deb11u1
2022-10-07 08:55:46 status half-configured logrotate:amd64 3.18.0-2+deb11u1
2022-10-07 08:55:46 status installed logrotate:amd64 3.18.0-2+deb11u1
2022-10-07 08:55:46 configure libnewt0.52:amd64 0.52.21-4+b3 <none>
2022-10-07 08:55:46 status unpacked libnewt0.52:amd64 0.52.21-4+b3
2022-10-07 08:55:46 status half-configured libnewt0.52:amd64 0.52.21-4+b3
2022-10-07 08:55:46 status installed libnewt0.52:amd64 0.52.21-4+b3
2022-10-07 08:55:46 configure libedit2:amd64 3.1-20191231-2+b1 <none>
2022-10-07 08:55:46 status unpacked libedit2:amd64 3.1-20191231-2+b1
2022-10-07 08:55:46 status half-configured libedit2:amd64 3.1-20191231-2+b1
2022-10-07 08:55:46 status installed libedit2:amd64 3.1-20191231-2+b1
2022-10-07 08:55:46 configure libreadline8:amd64 8.1-1 <none>
2022-10-07 08:55:46 status unpacked libreadline8:amd64 8.1-1
2022-10-07 08:55:46 status half-configured libreadline8:amd64 8.1-1
2022-10-07 08:55:46 status installed libreadline8:amd64 8.1-1
2022-10-07 08:55:46 configure cron:amd64 3.0pl1-137 <none>
2022-10-07 08:55:46 status unpacked cron:amd64 3.0pl1-137
2022-10-07 08:55:46 status half-configured cron:amd64 3.0pl1-137
2022-10-07 08:55:47 status installed cron:amd64 3.0pl1-137
2022-10-07 08:55:47 configure rsyslog:amd64 8.2102.0-2+deb11u1 <none>
2022-10-07 08:55:47 status unpacked rsyslog:amd64 8.2102.0-2+deb11u1
2022-10-07 08:55:47 status half-configured rsyslog:amd64 8.2102.0-2+deb11u1
2022-10-07 08:55:47 status installed rsyslog:amd64 8.2102.0-2+deb11u1
2022-10-07 08:55:47 configure libdns-export1110:amd64 1:9.11.19+dfsg-2.1 <none>
2022-10-07 08:55:47 status unpacked libdns-export1110:amd64 1:9.11.19+dfsg-2.1
2022-10-07 08:55:47 status half-configured libdns-export1110:amd64 1:9.11.19+dfsg-2.1
2022-10-07 08:55:47 status installed libdns-export1110:amd64 1:9.11.19+dfsg-2.1
2022-10-07 08:55:47 configure debconf-i18n:all 1.5.77 <none>
2022-10-07 08:55:47 status unpacked debconf-i18n:all 1.5.77
2022-10-07 08:55:47 status half-configured debconf-i18n:all 1.5.77
2022-10-07 08:55:47 status installed debconf-i18n:all 1.5.77
2022-10-07 08:55:47 configure libnftnl11:amd64 1.1.9-1 <none>
2022-10-07 08:55:47 status unpacked libnftnl11:amd64 1.1.9-1
2022-10-07 08:55:47 status half-configured libnftnl11:amd64 1.1.9-1
2022-10-07 08:55:47 status installed libnftnl11:amd64 1.1.9-1
2022-10-07 08:55:47 configure vim-tiny:amd64 2:8.2.2434-3+deb11u1 <none>
2022-10-07 08:55:47 status unpacked vim-tiny:amd64 2:8.2.2434-3+deb11u1
2022-10-07 08:55:47 status half-configured vim-tiny:amd64 2:8.2.2434-3+deb11u1
2022-10-07 08:55:47 status installed vim-tiny:amd64 2:8.2.2434-3+deb11u1
2022-10-07 08:55:47 configure fdisk:amd64 2.36.1-8+deb11u1 <none>
2022-10-07 08:55:47 status unpacked fdisk:amd64 2.36.1-8+deb11u1
2022-10-07 08:55:47 status half-configured fdisk:amd64 2.36.1-8+deb11u1
2022-10-07 08:55:47 status installed fdisk:amd64 2.36.1-8+deb11u1
2022-10-07 08:55:47 configure whiptail:amd64 0.52.21-4+b3 <none>
2022-10-07 08:55:47 status unpacked whiptail:amd64 0.52.21-4+b3
2022-10-07 08:55:47 status half-configured whiptail:amd64 0.52.21-4+b3
2022-10-07 08:55:47 status installed whiptail:amd64 0.52.21-4+b3
2022-10-07 08:55:47 configure procps:amd64 2:3.3.17-5 <none>
2022-10-07 08:55:47 status unpacked procps:amd64 2:3.3.17-5
2022-10-07 08:55:47 status half-configured procps:amd64 2:3.3.17-5
2022-10-07 08:55:47 status installed procps:amd64 2:3.3.17-5
2022-10-07 08:55:47 configure libbpf0:amd64 1:0.3-2 <none>
2022-10-07 08:55:47 status unpacked libbpf0:amd64 1:0.3-2
2022-10-07 08:55:47 status half-configured libbpf0:amd64 1:0.3-2
2022-10-07 08:55:47 status installed libbpf0:amd64 1:0.3-2
2022-10-07 08:55:47 configure libnftables1:amd64 0.9.8-3.1 <none>
2022-10-07 08:55:47 status unpacked libnftables1:amd64 0.9.8-3.1
2022-10-07 08:55:47 status half-configured libnftables1:amd64 0.9.8-3.1
2022-10-07 08:55:47 status installed libnftables1:amd64 0.9.8-3.1
2022-10-07 08:55:47 configure nftables:amd64 0.9.8-3.1 <none>
2022-10-07 08:55:47 status unpacked nftables:amd64 0.9.8-3.1
2022-10-07 08:55:47 status half-configured nftables:amd64 0.9.8-3.1
2022-10-07 08:55:47 status installed nftables:amd64 0.9.8-3.1
2022-10-07 08:55:47 configure iproute2:amd64 5.10.0-4 <none>
2022-10-07 08:55:47 status unpacked iproute2:amd64 5.10.0-4
2022-10-07 08:55:48 status half-configured iproute2:amd64 5.10.0-4
2022-10-07 08:55:48 status installed iproute2:amd64 5.10.0-4
2022-10-07 08:55:48 configure isc-dhcp-client:amd64 4.4.1-2.3 <none>
2022-10-07 08:55:48 status unpacked isc-dhcp-client:amd64 4.4.1-2.3
2022-10-07 08:55:48 status half-configured isc-dhcp-client:amd64 4.4.1-2.3
2022-10-07 08:55:48 status installed isc-dhcp-client:amd64 4.4.1-2.3
2022-10-07 08:55:48 configure ifupdown:amd64 0.8.36 <none>
2022-10-07 08:55:48 status unpacked ifupdown:amd64 0.8.36
2022-10-07 08:55:48 status half-configured ifupdown:amd64 0.8.36
2022-10-07 08:55:48 status installed ifupdown:amd64 0.8.36
2022-10-07 08:55:48 configure tasksel-data:all 3.68+deb11u1 <none>
2022-10-07 08:55:48 status unpacked tasksel-data:all 3.68+deb11u1
2022-10-07 08:55:48 status half-configured tasksel-data:all 3.68+deb11u1
2022-10-07 08:55:48 status installed tasksel-data:all 3.68+deb11u1
2022-10-07 08:55:48 configure tasksel:all 3.68+deb11u1 <none>
2022-10-07 08:55:48 status unpacked tasksel:all 3.68+deb11u1
2022-10-07 08:55:48 status half-configured tasksel:all 3.68+deb11u1
2022-10-07 08:55:49 status installed tasksel:all 3.68+deb11u1
2022-10-07 08:55:49 trigproc libc-bin:amd64 2.31-13+deb11u4 <none>
2022-10-07 08:55:49 status half-configured libc-bin:amd64 2.31-13+deb11u4
2022-10-07 08:55:49 status installed libc-bin:amd64 2.31-13+deb11u4
